WARNING:root:NaN or Inf found in input tensor.
/home/kduncan/Pruning/pruning_engine.py:540: RuntimeWarning: invalid value encountered in greater
  self.min_criteria_value = (all_criteria[all_criteria > 0.0]).min()
WARNING:root:NaN or Inf found in input tensor.
WARNING:root:NaN or Inf found in input tensor.
WARNING:root:NaN or Inf found in input tensor.
WARNING:root:NaN or Inf found in input tensor.
WARNING:root:NaN or Inf found in input tensor.
WARNING:root:NaN or Inf found in input tensor.
WARNING:root:NaN or Inf found in input tensor.
WARNING:root:NaN or Inf found in input tensor.
WARNING:root:NaN or Inf found in input tensor.
WARNING:root:NaN or Inf found in input tensor.
WARNING:root:NaN or Inf found in input tensor.
WARNING:root:NaN or Inf found in input tensor.
WARNING:root:NaN or Inf found in input tensor.
WARNING:root:NaN or Inf found in input tensor.
WARNING:root:NaN or Inf found in input tensor.
WARNING:root:NaN or Inf found in input tensor.
WARNING:root:NaN or Inf found in input tensor.
WARNING:root:NaN or Inf found in input tensor.
WARNING:root:NaN or Inf found in input tensor.
WARNING:root:NaN or Inf found in input tensor.
WARNING:root:NaN or Inf found in input tensor.
WARNING:root:NaN or Inf found in input tensor.
WARNING:root:NaN or Inf found in input tensor.
WARNING:root:NaN or Inf found in input tensor.
WARNING:root:NaN or Inf found in input tensor.
WARNING:root:NaN or Inf found in input tensor.
WARNING:root:NaN or Inf found in input tensor.
WARNING:root:NaN or Inf found in input tensor.
WARNING:root:NaN or Inf found in input tensor.
WARNING:root:NaN or Inf found in input tensor.
WARNING:root:NaN or Inf found in input tensor.
WARNING:root:NaN or Inf found in input tensor.
WARNING:root:NaN or Inf found in input tensor.
WARNING:root:NaN or Inf found in input tensor.
WARNING:root:NaN or Inf found in input tensor.
WARNING:root:NaN or Inf found in input tensor.
WARNING:root:NaN or Inf found in input tensor.
WARNING:root:NaN or Inf found in input tensor.
WARNING:root:NaN or Inf found in input tensor.
WARNING:root:NaN or Inf found in input tensor.
WARNING:root:NaN or Inf found in input tensor.
WARNING:root:NaN or Inf found in input tensor.
WARNING:root:NaN or Inf found in input tensor.
WARNING:root:NaN or Inf found in input tensor.
WARNING:root:NaN or Inf found in input tensor.
WARNING:root:NaN or Inf found in input tensor.
WARNING:root:NaN or Inf found in input tensor.
WARNING:root:NaN or Inf found in input tensor.
WARNING:root:NaN or Inf found in input tensor.
WARNING:root:NaN or Inf found in input tensor.
WARNING:root:NaN or Inf found in input tensor.
WARNING:root:NaN or Inf found in input tensor.
WARNING:root:NaN or Inf found in input tensor.
WARNING:root:NaN or Inf found in input tensor.
WARNING:root:NaN or Inf found in input tensor.
WARNING:root:NaN or Inf found in input tensor.
WARNING:root:NaN or Inf found in input tensor.
WARNING:root:NaN or Inf found in input tensor.
WARNING:root:NaN or Inf found in input tensor.
WARNING:root:NaN or Inf found in input tensor.
WARNING:root:NaN or Inf found in input tensor.
WARNING:root:NaN or Inf found in input tensor.
WARNING:root:NaN or Inf found in input tensor.
WARNING:root:NaN or Inf found in input tensor.
WARNING:root:NaN or Inf found in input tensor.
WARNING:root:NaN or Inf found in input tensor.
WARNING:root:NaN or Inf found in input tensor.
WARNING:root:NaN or Inf found in input tensor.
WARNING:root:NaN or Inf found in input tensor.
WARNING:root:NaN or Inf found in input tensor.
WARNING:root:NaN or Inf found in input tensor.
WARNING:root:NaN or Inf found in input tensor.
WARNING:root:NaN or Inf found in input tensor.
WARNING:root:NaN or Inf found in input tensor.
WARNING:root:NaN or Inf found in input tensor.
WARNING:root:NaN or Inf found in input tensor.
WARNING:root:NaN or Inf found in input tensor.
WARNING:root:NaN or Inf found in input tensor.
WARNING:root:NaN or Inf found in input tensor.
WARNING:root:NaN or Inf found in input tensor.
WARNING:root:NaN or Inf found in input tensor.
WARNING:root:NaN or Inf found in input tensor.
WARNING:root:NaN or Inf found in input tensor.
WARNING:root:NaN or Inf found in input tensor.
WARNING:root:NaN or Inf found in input tensor.
WARNING:root:NaN or Inf found in input tensor.
WARNING:root:NaN or Inf found in input tensor.
WARNING:root:NaN or Inf found in input tensor.
WARNING:root:NaN or Inf found in input tensor.
WARNING:root:NaN or Inf found in input tensor.
WARNING:root:NaN or Inf found in input tensor.
WARNING:root:NaN or Inf found in input tensor.
WARNING:root:NaN or Inf found in input tensor.
WARNING:root:NaN or Inf found in input tensor.
WARNING:root:NaN or Inf found in input tensor.
WARNING:root:NaN or Inf found in input tensor.
WARNING:root:NaN or Inf found in input tensor.
WARNING:root:NaN or Inf found in input tensor.
WARNING:root:NaN or Inf found in input tensor.
WARNING:root:NaN or Inf found in input tensor.
WARNING:root:NaN or Inf found in input tensor.
WARNING:root:NaN or Inf found in input tensor.
WARNING:root:NaN or Inf found in input tensor.
WARNING:root:NaN or Inf found in input tensor.
WARNING:root:NaN or Inf found in input tensor.
WARNING:root:NaN or Inf found in input tensor.
WARNING:root:NaN or Inf found in input tensor.
WARNING:root:NaN or Inf found in input tensor.
WARNING:root:NaN or Inf found in input tensor.
WARNING:root:NaN or Inf found in input tensor.
WARNING:root:NaN or Inf found in input tensor.
WARNING:root:NaN or Inf found in input tensor.
WARNING:root:NaN or Inf found in input tensor.
WARNING:root:NaN or Inf found in input tensor.
WARNING:root:NaN or Inf found in input tensor.
WARNING:root:NaN or Inf found in input tensor.
WARNING:root:NaN or Inf found in input tensor.
WARNING:root:NaN or Inf found in input tensor.
WARNING:root:NaN or Inf found in input tensor.
WARNING:root:NaN or Inf found in input tensor.
WARNING:root:NaN or Inf found in input tensor.
WARNING:root:NaN or Inf found in input tensor.
WARNING:root:NaN or Inf found in input tensor.
WARNING:root:NaN or Inf found in input tensor.
WARNING:root:NaN or Inf found in input tensor.
WARNING:root:NaN or Inf found in input tensor.
WARNING:root:NaN or Inf found in input tensor.
WARNING:root:NaN or Inf found in input tensor.
WARNING:root:NaN or Inf found in input tensor.
WARNING:root:NaN or Inf found in input tensor.
WARNING:root:NaN or Inf found in input tensor.
WARNING:root:NaN or Inf found in input tensor.
WARNING:root:NaN or Inf found in input tensor.
WARNING:root:NaN or Inf found in input tensor.
WARNING:root:NaN or Inf found in input tensor.
WARNING:root:NaN or Inf found in input tensor.
WARNING:root:NaN or Inf found in input tensor.
WARNING:root:NaN or Inf found in input tensor.
WARNING:root:NaN or Inf found in input tensor.
WARNING:root:NaN or Inf found in input tensor.
WARNING:root:NaN or Inf found in input tensor.
WARNING:root:NaN or Inf found in input tensor.
WARNING:root:NaN or Inf found in input tensor.
WARNING:root:NaN or Inf found in input tensor.
WARNING:root:NaN or Inf found in input tensor.
WARNING:root:NaN or Inf found in input tensor.
WARNING:root:NaN or Inf found in input tensor.
WARNING:root:NaN or Inf found in input tensor.
WARNING:root:NaN or Inf found in input tensor.
WARNING:root:NaN or Inf found in input tensor.
WARNING:root:NaN or Inf found in input tensor.
WARNING:root:NaN or Inf found in input tensor.
WARNING:root:NaN or Inf found in input tensor.
WARNING:root:NaN or Inf found in input tensor.
WARNING:root:NaN or Inf found in input tensor.
WARNING:root:NaN or Inf found in input tensor.
WARNING:root:NaN or Inf found in input tensor.
WARNING:root:NaN or Inf found in input tensor.
WARNING:root:NaN or Inf found in input tensor.
WARNING:root:NaN or Inf found in input tensor.
WARNING:root:NaN or Inf found in input tensor.
WARNING:root:NaN or Inf found in input tensor.
WARNING:root:NaN or Inf found in input tensor.
WARNING:root:NaN or Inf found in input tensor.
WARNING:root:NaN or Inf found in input tensor.
WARNING:root:NaN or Inf found in input tensor.
WARNING:root:NaN or Inf found in input tensor.
WARNING:root:NaN or Inf found in input tensor.
WARNING:root:NaN or Inf found in input tensor.
WARNING:root:NaN or Inf found in input tensor.
WARNING:root:NaN or Inf found in input tensor.
WARNING:root:NaN or Inf found in input tensor.
WARNING:root:NaN or Inf found in input tensor.
WARNING:root:NaN or Inf found in input tensor.
WARNING:root:NaN or Inf found in input tensor.
WARNING:root:NaN or Inf found in input tensor.
WARNING:root:NaN or Inf found in input tensor.
WARNING:root:NaN or Inf found in input tensor.
WARNING:root:NaN or Inf found in input tensor.
WARNING:root:NaN or Inf found in input tensor.
WARNING:root:NaN or Inf found in input tensor.
WARNING:root:NaN or Inf found in input tensor.
WARNING:root:NaN or Inf found in input tensor.
WARNING:root:NaN or Inf found in input tensor.
WARNING:root:NaN or Inf found in input tensor.
WARNING:root:NaN or Inf found in input tensor.
WARNING:root:NaN or Inf found in input tensor.
WARNING:root:NaN or Inf found in input tensor.
WARNING:root:NaN or Inf found in input tensor.
WARNING:root:NaN or Inf found in input tensor.
WARNING:root:NaN or Inf found in input tensor.
WARNING:root:NaN or Inf found in input tensor.
WARNING:root:NaN or Inf found in input tensor.
WARNING:root:NaN or Inf found in input tensor.
WARNING:root:NaN or Inf found in input tensor.
WARNING:root:NaN or Inf found in input tensor.
WARNING:root:NaN or Inf found in input tensor.
WARNING:root:NaN or Inf found in input tensor.
WARNING:root:NaN or Inf found in input tensor.
WARNING:root:NaN or Inf found in input tensor.
WARNING:root:NaN or Inf found in input tensor.
WARNING:root:NaN or Inf found in input tensor.
WARNING:root:NaN or Inf found in input tensor.
WARNING:root:NaN or Inf found in input tensor.
WARNING:root:NaN or Inf found in input tensor.
WARNING:root:NaN or Inf found in input tensor.
WARNING:root:NaN or Inf found in input tensor.
WARNING:root:NaN or Inf found in input tensor.
WARNING:root:NaN or Inf found in input tensor.
WARNING:root:NaN or Inf found in input tensor.
WARNING:root:NaN or Inf found in input tensor.
WARNING:root:NaN or Inf found in input tensor.
WARNING:root:NaN or Inf found in input tensor.
WARNING:root:NaN or Inf found in input tensor.
WARNING:root:NaN or Inf found in input tensor.
WARNING:root:NaN or Inf found in input tensor.
WARNING:root:NaN or Inf found in input tensor.
WARNING:root:NaN or Inf found in input tensor.
WARNING:root:NaN or Inf found in input tensor.
WARNING:root:NaN or Inf found in input tensor.
WARNING:root:NaN or Inf found in input tensor.
WARNING:root:NaN or Inf found in input tensor.
WARNING:root:NaN or Inf found in input tensor.
WARNING:root:NaN or Inf found in input tensor.
WARNING:root:NaN or Inf found in input tensor.
WARNING:root:NaN or Inf found in input tensor.
WARNING:root:NaN or Inf found in input tensor.
WARNING:root:NaN or Inf found in input tensor.
WARNING:root:NaN or Inf found in input tensor.
WARNING:root:NaN or Inf found in input tensor.
WARNING:root:NaN or Inf found in input tensor.
WARNING:root:NaN or Inf found in input tensor.
WARNING:root:NaN or Inf found in input tensor.
WARNING:root:NaN or Inf found in input tensor.
WARNING:root:NaN or Inf found in input tensor.
WARNING:root:NaN or Inf found in input tensor.
WARNING:root:NaN or Inf found in input tensor.
WARNING:root:NaN or Inf found in input tensor.
WARNING:root:NaN or Inf found in input tensor.
WARNING:root:NaN or Inf found in input tensor.
WARNING:root:NaN or Inf found in input tensor.
WARNING:root:NaN or Inf found in input tensor.
WARNING:root:NaN or Inf found in input tensor.
WARNING:root:NaN or Inf found in input tensor.
WARNING:root:NaN or Inf found in input tensor.
WARNING:root:NaN or Inf found in input tensor.
WARNING:root:NaN or Inf found in input tensor.
WARNING:root:NaN or Inf found in input tensor.
WARNING:root:NaN or Inf found in input tensor.
WARNING:root:NaN or Inf found in input tensor.
WARNING:root:NaN or Inf found in input tensor.
WARNING:root:NaN or Inf found in input tensor.
WARNING:root:NaN or Inf found in input tensor.
WARNING:root:NaN or Inf found in input tensor.
WARNING:root:NaN or Inf found in input tensor.
WARNING:root:NaN or Inf found in input tensor.
WARNING:root:NaN or Inf found in input tensor.
WARNING:root:NaN or Inf found in input tensor.
WARNING:root:NaN or Inf found in input tensor.
WARNING:root:NaN or Inf found in input tensor.
WARNING:root:NaN or Inf found in input tensor.
WARNING:root:NaN or Inf found in input tensor.
WARNING:root:NaN or Inf found in input tensor.
WARNING:root:NaN or Inf found in input tensor.
WARNING:root:NaN or Inf found in input tensor.
WARNING:root:NaN or Inf found in input tensor.
WARNING:root:NaN or Inf found in input tensor.
WARNING:root:NaN or Inf found in input tensor.
WARNING:root:NaN or Inf found in input tensor.
WARNING:root:NaN or Inf found in input tensor.
WARNING:root:NaN or Inf found in input tensor.
WARNING:root:NaN or Inf found in input tensor.
WARNING:root:NaN or Inf found in input tensor.
WARNING:root:NaN or Inf found in input tensor.
WARNING:root:NaN or Inf found in input tensor.
WARNING:root:NaN or Inf found in input tensor.
WARNING:root:NaN or Inf found in input tensor.
WARNING:root:NaN or Inf found in input tensor.
WARNING:root:NaN or Inf found in input tensor.
WARNING:root:NaN or Inf found in input tensor.
WARNING:root:NaN or Inf found in input tensor.
WARNING:root:NaN or Inf found in input tensor.
WARNING:root:NaN or Inf found in input tensor.
WARNING:root:NaN or Inf found in input tensor.
WARNING:root:NaN or Inf found in input tensor.
WARNING:root:NaN or Inf found in input tensor.
WARNING:root:NaN or Inf found in input tensor.
WARNING:root:NaN or Inf found in input tensor.
WARNING:root:NaN or Inf found in input tensor.
WARNING:root:NaN or Inf found in input tensor.
WARNING:root:NaN or Inf found in input tensor.
WARNING:root:NaN or Inf found in input tensor.
WARNING:root:NaN or Inf found in input tensor.
WARNING:root:NaN or Inf found in input tensor.
WARNING:root:NaN or Inf found in input tensor.
WARNING:root:NaN or Inf found in input tensor.
WARNING:root:NaN or Inf found in input tensor.
WARNING:root:NaN or Inf found in input tensor.
WARNING:root:NaN or Inf found in input tensor.
WARNING:root:NaN or Inf found in input tensor.
WARNING:root:NaN or Inf found in input tensor.
WARNING:root:NaN or Inf found in input tensor.
WARNING:root:NaN or Inf found in input tensor.
WARNING:root:NaN or Inf found in input tensor.
WARNING:root:NaN or Inf found in input tensor.
WARNING:root:NaN or Inf found in input tensor.
WARNING:root:NaN or Inf found in input tensor.
WARNING:root:NaN or Inf found in input tensor.
WARNING:root:NaN or Inf found in input tensor.
WARNING:root:NaN or Inf found in input tensor.
WARNING:root:NaN or Inf found in input tensor.
WARNING:root:NaN or Inf found in input tensor.
WARNING:root:NaN or Inf found in input tensor.
WARNING:root:NaN or Inf found in input tensor.
WARNING:root:NaN or Inf found in input tensor.
WARNING:root:NaN or Inf found in input tensor.
WARNING:root:NaN or Inf found in input tensor.
WARNING:root:NaN or Inf found in input tensor.
WARNING:root:NaN or Inf found in input tensor.
WARNING:root:NaN or Inf found in input tensor.
WARNING:root:NaN or Inf found in input tensor.
WARNING:root:NaN or Inf found in input tensor.
WARNING:root:NaN or Inf found in input tensor.
WARNING:root:NaN or Inf found in input tensor.
WARNING:root:NaN or Inf found in input tensor.
WARNING:root:NaN or Inf found in input tensor.
WARNING:root:NaN or Inf found in input tensor.
WARNING:root:NaN or Inf found in input tensor.
WARNING:root:NaN or Inf found in input tensor.
WARNING:root:NaN or Inf found in input tensor.
WARNING:root:NaN or Inf found in input tensor.
WARNING:root:NaN or Inf found in input tensor.
WARNING:root:NaN or Inf found in input tensor.
WARNING:root:NaN or Inf found in input tensor.
WARNING:root:NaN or Inf found in input tensor.
WARNING:root:NaN or Inf found in input tensor.
WARNING:root:NaN or Inf found in input tensor.
WARNING:root:NaN or Inf found in input tensor.
WARNING:root:NaN or Inf found in input tensor.
WARNING:root:NaN or Inf found in input tensor.
WARNING:root:NaN or Inf found in input tensor.
WARNING:root:NaN or Inf found in input tensor.
WARNING:root:NaN or Inf found in input tensor.
WARNING:root:NaN or Inf found in input tensor.
WARNING:root:NaN or Inf found in input tensor.
WARNING:root:NaN or Inf found in input tensor.
WARNING:root:NaN or Inf found in input tensor.
WARNING:root:NaN or Inf found in input tensor.
WARNING:root:NaN or Inf found in input tensor.
WARNING:root:NaN or Inf found in input tensor.
WARNING:root:NaN or Inf found in input tensor.
WARNING:root:NaN or Inf found in input tensor.
WARNING:root:NaN or Inf found in input tensor.
WARNING:root:NaN or Inf found in input tensor.
WARNING:root:NaN or Inf found in input tensor.
WARNING:root:NaN or Inf found in input tensor.
WARNING:root:NaN or Inf found in input tensor.
WARNING:root:NaN or Inf found in input tensor.
WARNING:root:NaN or Inf found in input tensor.
WARNING:root:NaN or Inf found in input tensor.
WARNING:root:NaN or Inf found in input tensor.
WARNING:root:NaN or Inf found in input tensor.
WARNING:root:NaN or Inf found in input tensor.
WARNING:root:NaN or Inf found in input tensor.
WARNING:root:NaN or Inf found in input tensor.
WARNING:root:NaN or Inf found in input tensor.
WARNING:root:NaN or Inf found in input tensor.
WARNING:root:NaN or Inf found in input tensor.
WARNING:root:NaN or Inf found in input tensor.
WARNING:root:NaN or Inf found in input tensor.
WARNING:root:NaN or Inf found in input tensor.
WARNING:root:NaN or Inf found in input tensor.
WARNING:root:NaN or Inf found in input tensor.
WARNING:root:NaN or Inf found in input tensor.
WARNING:root:NaN or Inf found in input tensor.
WARNING:root:NaN or Inf found in input tensor.
WARNING:root:NaN or Inf found in input tensor.
WARNING:root:NaN or Inf found in input tensor.
WARNING:root:NaN or Inf found in input tensor.
WARNING:root:NaN or Inf found in input tensor.
WARNING:root:NaN or Inf found in input tensor.
WARNING:root:NaN or Inf found in input tensor.
WARNING:root:NaN or Inf found in input tensor.
WARNING:root:NaN or Inf found in input tensor.
WARNING:root:NaN or Inf found in input tensor.
WARNING:root:NaN or Inf found in input tensor.
WARNING:root:NaN or Inf found in input tensor.
WARNING:root:NaN or Inf found in input tensor.
WARNING:root:NaN or Inf found in input tensor.
WARNING:root:NaN or Inf found in input tensor.
WARNING:root:NaN or Inf found in input tensor.
WARNING:root:NaN or Inf found in input tensor.
WARNING:root:NaN or Inf found in input tensor.
WARNING:root:NaN or Inf found in input tensor.
WARNING:root:NaN or Inf found in input tensor.
WARNING:root:NaN or Inf found in input tensor.
WARNING:root:NaN or Inf found in input tensor.
WARNING:root:NaN or Inf found in input tensor.
WARNING:root:NaN or Inf found in input tensor.
WARNING:root:NaN or Inf found in input tensor.
WARNING:root:NaN or Inf found in input tensor.
WARNING:root:NaN or Inf found in input tensor.
WARNING:root:NaN or Inf found in input tensor.
WARNING:root:NaN or Inf found in input tensor.
WARNING:root:NaN or Inf found in input tensor.
WARNING:root:NaN or Inf found in input tensor.
WARNING:root:NaN or Inf found in input tensor.
WARNING:root:NaN or Inf found in input tensor.
WARNING:root:NaN or Inf found in input tensor.
WARNING:root:NaN or Inf found in input tensor.
WARNING:root:NaN or Inf found in input tensor.
WARNING:root:NaN or Inf found in input tensor.
WARNING:root:NaN or Inf found in input tensor.
WARNING:root:NaN or Inf found in input tensor.
WARNING:root:NaN or Inf found in input tensor.
WARNING:root:NaN or Inf found in input tensor.
WARNING:root:NaN or Inf found in input tensor.
WARNING:root:NaN or Inf found in input tensor.
WARNING:root:NaN or Inf found in input tensor.
WARNING:root:NaN or Inf found in input tensor.
WARNING:root:NaN or Inf found in input tensor.
WARNING:root:NaN or Inf found in input tensor.
WARNING:root:NaN or Inf found in input tensor.
WARNING:root:NaN or Inf found in input tensor.
WARNING:root:NaN or Inf found in input tensor.
WARNING:root:NaN or Inf found in input tensor.
WARNING:root:NaN or Inf found in input tensor.
WARNING:root:NaN or Inf found in input tensor.
WARNING:root:NaN or Inf found in input tensor.
WARNING:root:NaN or Inf found in input tensor.
WARNING:root:NaN or Inf found in input tensor.
WARNING:root:NaN or Inf found in input tensor.
WARNING:root:NaN or Inf found in input tensor.
WARNING:root:NaN or Inf found in input tensor.
WARNING:root:NaN or Inf found in input tensor.
WARNING:root:NaN or Inf found in input tensor.
WARNING:root:NaN or Inf found in input tensor.
WARNING:root:NaN or Inf found in input tensor.
WARNING:root:NaN or Inf found in input tensor.
WARNING:root:NaN or Inf found in input tensor.
WARNING:root:NaN or Inf found in input tensor.
WARNING:root:NaN or Inf found in input tensor.
WARNING:root:NaN or Inf found in input tensor.
WARNING:root:NaN or Inf found in input tensor.
WARNING:root:NaN or Inf found in input tensor.
WARNING:root:NaN or Inf found in input tensor.
WARNING:root:NaN or Inf found in input tensor.
WARNING:root:NaN or Inf found in input tensor.
WARNING:root:NaN or Inf found in input tensor.
WARNING:root:NaN or Inf found in input tensor.
WARNING:root:NaN or Inf found in input tensor.
WARNING:root:NaN or Inf found in input tensor.
WARNING:root:NaN or Inf found in input tensor.
WARNING:root:NaN or Inf found in input tensor.
WARNING:root:NaN or Inf found in input tensor.
WARNING:root:NaN or Inf found in input tensor.
WARNING:root:NaN or Inf found in input tensor.
WARNING:root:NaN or Inf found in input tensor.
WARNING:root:NaN or Inf found in input tensor.
WARNING:root:NaN or Inf found in input tensor.
WARNING:root:NaN or Inf found in input tensor.
WARNING:root:NaN or Inf found in input tensor.
WARNING:root:NaN or Inf found in input tensor.
WARNING:root:NaN or Inf found in input tensor.
WARNING:root:NaN or Inf found in input tensor.
WARNING:root:NaN or Inf found in input tensor.
WARNING:root:NaN or Inf found in input tensor.
WARNING:root:NaN or Inf found in input tensor.
WARNING:root:NaN or Inf found in input tensor.
WARNING:root:NaN or Inf found in input tensor.
WARNING:root:NaN or Inf found in input tensor.
WARNING:root:NaN or Inf found in input tensor.
WARNING:root:NaN or Inf found in input tensor.
WARNING:root:NaN or Inf found in input tensor.
WARNING:root:NaN or Inf found in input tensor.
WARNING:root:NaN or Inf found in input tensor.
WARNING:root:NaN or Inf found in input tensor.
WARNING:root:NaN or Inf found in input tensor.
WARNING:root:NaN or Inf found in input tensor.
WARNING:root:NaN or Inf found in input tensor.
WARNING:root:NaN or Inf found in input tensor.
WARNING:root:NaN or Inf found in input tensor.
WARNING:root:NaN or Inf found in input tensor.
WARNING:root:NaN or Inf found in input tensor.
WARNING:root:NaN or Inf found in input tensor.
WARNING:root:NaN or Inf found in input tensor.
WARNING:root:NaN or Inf found in input tensor.
WARNING:root:NaN or Inf found in input tensor.
WARNING:root:NaN or Inf found in input tensor.
WARNING:root:NaN or Inf found in input tensor.
WARNING:root:NaN or Inf found in input tensor.
WARNING:root:NaN or Inf found in input tensor.
WARNING:root:NaN or Inf found in input tensor.
WARNING:root:NaN or Inf found in input tensor.
WARNING:root:NaN or Inf found in input tensor.
WARNING:root:NaN or Inf found in input tensor.
WARNING:root:NaN or Inf found in input tensor.
WARNING:root:NaN or Inf found in input tensor.
WARNING:root:NaN or Inf found in input tensor.
WARNING:root:NaN or Inf found in input tensor.
WARNING:root:NaN or Inf found in input tensor.
WARNING:root:NaN or Inf found in input tensor.
WARNING:root:NaN or Inf found in input tensor.
WARNING:root:NaN or Inf found in input tensor.
WARNING:root:NaN or Inf found in input tensor.
WARNING:root:NaN or Inf found in input tensor.
WARNING:root:NaN or Inf found in input tensor.
WARNING:root:NaN or Inf found in input tensor.
WARNING:root:NaN or Inf found in input tensor.
WARNING:root:NaN or Inf found in input tensor.
WARNING:root:NaN or Inf found in input tensor.
WARNING:root:NaN or Inf found in input tensor.
WARNING:root:NaN or Inf found in input tensor.
WARNING:root:NaN or Inf found in input tensor.
WARNING:root:NaN or Inf found in input tensor.
WARNING:root:NaN or Inf found in input tensor.
WARNING:root:NaN or Inf found in input tensor.
WARNING:root:NaN or Inf found in input tensor.
WARNING:root:NaN or Inf found in input tensor.
WARNING:root:NaN or Inf found in input tensor.
WARNING:root:NaN or Inf found in input tensor.
WARNING:root:NaN or Inf found in input tensor.
WARNING:root:NaN or Inf found in input tensor.
WARNING:root:NaN or Inf found in input tensor.
WARNING:root:NaN or Inf found in input tensor.
WARNING:root:NaN or Inf found in input tensor.
WARNING:root:NaN or Inf found in input tensor.
WARNING:root:NaN or Inf found in input tensor.
WARNING:root:NaN or Inf found in input tensor.
WARNING:root:NaN or Inf found in input tensor.
WARNING:root:NaN or Inf found in input tensor.
WARNING:root:NaN or Inf found in input tensor.
WARNING:root:NaN or Inf found in input tensor.
WARNING:root:NaN or Inf found in input tensor.
WARNING:root:NaN or Inf found in input tensor.
WARNING:root:NaN or Inf found in input tensor.
WARNING:root:NaN or Inf found in input tensor.
WARNING:root:NaN or Inf found in input tensor.
WARNING:root:NaN or Inf found in input tensor.
WARNING:root:NaN or Inf found in input tensor.
WARNING:root:NaN or Inf found in input tensor.
WARNING:root:NaN or Inf found in input tensor.
WARNING:root:NaN or Inf found in input tensor.
WARNING:root:NaN or Inf found in input tensor.
WARNING:root:NaN or Inf found in input tensor.
WARNING:root:NaN or Inf found in input tensor.
WARNING:root:NaN or Inf found in input tensor.
WARNING:root:NaN or Inf found in input tensor.
WARNING:root:NaN or Inf found in input tensor.
WARNING:root:NaN or Inf found in input tensor.
WARNING:root:NaN or Inf found in input tensor.
WARNING:root:NaN or Inf found in input tensor.
WARNING:root:NaN or Inf found in input tensor.
WARNING:root:NaN or Inf found in input tensor.
WARNING:root:NaN or Inf found in input tensor.
WARNING:root:NaN or Inf found in input tensor.
WARNING:root:NaN or Inf found in input tensor.
WARNING:root:NaN or Inf found in input tensor.
WARNING:root:NaN or Inf found in input tensor.
WARNING:root:NaN or Inf found in input tensor.
WARNING:root:NaN or Inf found in input tensor.
WARNING:root:NaN or Inf found in input tensor.
WARNING:root:NaN or Inf found in input tensor.
WARNING:root:NaN or Inf found in input tensor.
WARNING:root:NaN or Inf found in input tensor.
WARNING:root:NaN or Inf found in input tensor.
WARNING:root:NaN or Inf found in input tensor.
WARNING:root:NaN or Inf found in input tensor.
WARNING:root:NaN or Inf found in input tensor.
WARNING:root:NaN or Inf found in input tensor.
WARNING:root:NaN or Inf found in input tensor.
WARNING:root:NaN or Inf found in input tensor.
WARNING:root:NaN or Inf found in input tensor.
WARNING:root:NaN or Inf found in input tensor.
WARNING:root:NaN or Inf found in input tensor.
WARNING:root:NaN or Inf found in input tensor.
WARNING:root:NaN or Inf found in input tensor.
WARNING:root:NaN or Inf found in input tensor.
WARNING:root:NaN or Inf found in input tensor.
WARNING:root:NaN or Inf found in input tensor.
WARNING:root:NaN or Inf found in input tensor.
WARNING:root:NaN or Inf found in input tensor.
WARNING:root:NaN or Inf found in input tensor.
WARNING:root:NaN or Inf found in input tensor.
WARNING:root:NaN or Inf found in input tensor.
WARNING:root:NaN or Inf found in input tensor.
WARNING:root:NaN or Inf found in input tensor.
WARNING:root:NaN or Inf found in input tensor.
WARNING:root:NaN or Inf found in input tensor.
WARNING:root:NaN or Inf found in input tensor.
WARNING:root:NaN or Inf found in input tensor.
WARNING:root:NaN or Inf found in input tensor.
WARNING:root:NaN or Inf found in input tensor.
WARNING:root:NaN or Inf found in input tensor.
WARNING:root:NaN or Inf found in input tensor.
WARNING:root:NaN or Inf found in input tensor.
WARNING:root:NaN or Inf found in input tensor.
WARNING:root:NaN or Inf found in input tensor.
WARNING:root:NaN or Inf found in input tensor.
WARNING:root:NaN or Inf found in input tensor.
WARNING:root:NaN or Inf found in input tensor.
WARNING:root:NaN or Inf found in input tensor.
WARNING:root:NaN or Inf found in input tensor.
WARNING:root:NaN or Inf found in input tensor.
WARNING:root:NaN or Inf found in input tensor.
WARNING:root:NaN or Inf found in input tensor.
WARNING:root:NaN or Inf found in input tensor.
WARNING:root:NaN or Inf found in input tensor.
WARNING:root:NaN or Inf found in input tensor.
WARNING:root:NaN or Inf found in input tensor.
WARNING:root:NaN or Inf found in input tensor.
WARNING:root:NaN or Inf found in input tensor.
WARNING:root:NaN or Inf found in input tensor.
WARNING:root:NaN or Inf found in input tensor.
WARNING:root:NaN or Inf found in input tensor.
WARNING:root:NaN or Inf found in input tensor.
WARNING:root:NaN or Inf found in input tensor.
WARNING:root:NaN or Inf found in input tensor.
WARNING:root:NaN or Inf found in input tensor.
WARNING:root:NaN or Inf found in input tensor.
WARNING:root:NaN or Inf found in input tensor.
WARNING:root:NaN or Inf found in input tensor.
WARNING:root:NaN or Inf found in input tensor.
WARNING:root:NaN or Inf found in input tensor.
WARNING:root:NaN or Inf found in input tensor.
WARNING:root:NaN or Inf found in input tensor.
WARNING:root:NaN or Inf found in input tensor.
WARNING:root:NaN or Inf found in input tensor.
WARNING:root:NaN or Inf found in input tensor.
WARNING:root:NaN or Inf found in input tensor.
WARNING:root:NaN or Inf found in input tensor.
WARNING:root:NaN or Inf found in input tensor.
WARNING:root:NaN or Inf found in input tensor.
WARNING:root:NaN or Inf found in input tensor.
WARNING:root:NaN or Inf found in input tensor.
WARNING:root:NaN or Inf found in input tensor.
WARNING:root:NaN or Inf found in input tensor.
WARNING:root:NaN or Inf found in input tensor.
WARNING:root:NaN or Inf found in input tensor.
WARNING:root:NaN or Inf found in input tensor.
WARNING:root:NaN or Inf found in input tensor.
WARNING:root:NaN or Inf found in input tensor.
WARNING:root:NaN or Inf found in input tensor.
WARNING:root:NaN or Inf found in input tensor.
WARNING:root:NaN or Inf found in input tensor.
WARNING:root:NaN or Inf found in input tensor.
WARNING:root:NaN or Inf found in input tensor.
WARNING:root:NaN or Inf found in input tensor.
WARNING:root:NaN or Inf found in input tensor.
WARNING:root:NaN or Inf found in input tensor.
WARNING:root:NaN or Inf found in input tensor.
WARNING:root:NaN or Inf found in input tensor.
WARNING:root:NaN or Inf found in input tensor.
WARNING:root:NaN or Inf found in input tensor.
WARNING:root:NaN or Inf found in input tensor.
WARNING:root:NaN or Inf found in input tensor.
WARNING:root:NaN or Inf found in input tensor.
WARNING:root:NaN or Inf found in input tensor.
WARNING:root:NaN or Inf found in input tensor.
WARNING:root:NaN or Inf found in input tensor.
WARNING:root:NaN or Inf found in input tensor.
WARNING:root:NaN or Inf found in input tensor.
WARNING:root:NaN or Inf found in input tensor.
WARNING:root:NaN or Inf found in input tensor.
WARNING:root:NaN or Inf found in input tensor.
WARNING:root:NaN or Inf found in input tensor.
WARNING:root:NaN or Inf found in input tensor.
WARNING:root:NaN or Inf found in input tensor.
WARNING:root:NaN or Inf found in input tensor.
WARNING:root:NaN or Inf found in input tensor.
WARNING:root:NaN or Inf found in input tensor.
WARNING:root:NaN or Inf found in input tensor.
WARNING:root:NaN or Inf found in input tensor.
WARNING:root:NaN or Inf found in input tensor.
WARNING:root:NaN or Inf found in input tensor.
WARNING:root:NaN or Inf found in input tensor.
WARNING:root:NaN or Inf found in input tensor.
WARNING:root:NaN or Inf found in input tensor.
WARNING:root:NaN or Inf found in input tensor.
WARNING:root:NaN or Inf found in input tensor.
WARNING:root:NaN or Inf found in input tensor.
WARNING:root:NaN or Inf found in input tensor.
WARNING:root:NaN or Inf found in input tensor.
WARNING:root:NaN or Inf found in input tensor.
WARNING:root:NaN or Inf found in input tensor.
WARNING:root:NaN or Inf found in input tensor.
WARNING:root:NaN or Inf found in input tensor.
WARNING:root:NaN or Inf found in input tensor.
WARNING:root:NaN or Inf found in input tensor.
WARNING:root:NaN or Inf found in input tensor.
WARNING:root:NaN or Inf found in input tensor.
WARNING:root:NaN or Inf found in input tensor.
WARNING:root:NaN or Inf found in input tensor.
WARNING:root:NaN or Inf found in input tensor.
WARNING:root:NaN or Inf found in input tensor.
WARNING:root:NaN or Inf found in input tensor.
WARNING:root:NaN or Inf found in input tensor.
WARNING:root:NaN or Inf found in input tensor.
WARNING:root:NaN or Inf found in input tensor.
WARNING:root:NaN or Inf found in input tensor.
WARNING:root:NaN or Inf found in input tensor.
WARNING:root:NaN or Inf found in input tensor.
WARNING:root:NaN or Inf found in input tensor.
WARNING:root:NaN or Inf found in input tensor.
WARNING:root:NaN or Inf found in input tensor.
WARNING:root:NaN or Inf found in input tensor.
WARNING:root:NaN or Inf found in input tensor.
WARNING:root:NaN or Inf found in input tensor.
WARNING:root:NaN or Inf found in input tensor.
WARNING:root:NaN or Inf found in input tensor.
WARNING:root:NaN or Inf found in input tensor.
WARNING:root:NaN or Inf found in input tensor.
WARNING:root:NaN or Inf found in input tensor.
WARNING:root:NaN or Inf found in input tensor.
WARNING:root:NaN or Inf found in input tensor.
WARNING:root:NaN or Inf found in input tensor.
WARNING:root:NaN or Inf found in input tensor.
WARNING:root:NaN or Inf found in input tensor.
WARNING:root:NaN or Inf found in input tensor.
WARNING:root:NaN or Inf found in input tensor.
WARNING:root:NaN or Inf found in input tensor.
WARNING:root:NaN or Inf found in input tensor.
WARNING:root:NaN or Inf found in input tensor.
WARNING:root:NaN or Inf found in input tensor.
WARNING:root:NaN or Inf found in input tensor.
WARNING:root:NaN or Inf found in input tensor.
WARNING:root:NaN or Inf found in input tensor.
WARNING:root:NaN or Inf found in input tensor.
WARNING:root:NaN or Inf found in input tensor.
WARNING:root:NaN or Inf found in input tensor.
WARNING:root:NaN or Inf found in input tensor.
WARNING:root:NaN or Inf found in input tensor.
WARNING:root:NaN or Inf found in input tensor.
WARNING:root:NaN or Inf found in input tensor.
WARNING:root:NaN or Inf found in input tensor.
WARNING:root:NaN or Inf found in input tensor.
WARNING:root:NaN or Inf found in input tensor.
WARNING:root:NaN or Inf found in input tensor.
WARNING:root:NaN or Inf found in input tensor.
WARNING:root:NaN or Inf found in input tensor.
WARNING:root:NaN or Inf found in input tensor.
WARNING:root:NaN or Inf found in input tensor.
WARNING:root:NaN or Inf found in input tensor.
WARNING:root:NaN or Inf found in input tensor.
WARNING:root:NaN or Inf found in input tensor.
WARNING:root:NaN or Inf found in input tensor.
WARNING:root:NaN or Inf found in input tensor.
WARNING:root:NaN or Inf found in input tensor.
WARNING:root:NaN or Inf found in input tensor.
WARNING:root:NaN or Inf found in input tensor.
WARNING:root:NaN or Inf found in input tensor.
WARNING:root:NaN or Inf found in input tensor.
WARNING:root:NaN or Inf found in input tensor.
WARNING:root:NaN or Inf found in input tensor.
WARNING:root:NaN or Inf found in input tensor.
WARNING:root:NaN or Inf found in input tensor.
WARNING:root:NaN or Inf found in input tensor.
WARNING:root:NaN or Inf found in input tensor.
WARNING:root:NaN or Inf found in input tensor.
WARNING:root:NaN or Inf found in input tensor.
WARNING:root:NaN or Inf found in input tensor.
WARNING:root:NaN or Inf found in input tensor.
WARNING:root:NaN or Inf found in input tensor.
WARNING:root:NaN or Inf found in input tensor.
WARNING:root:NaN or Inf found in input tensor.
WARNING:root:NaN or Inf found in input tensor.
WARNING:root:NaN or Inf found in input tensor.
WARNING:root:NaN or Inf found in input tensor.
WARNING:root:NaN or Inf found in input tensor.
WARNING:root:NaN or Inf found in input tensor.
WARNING:root:NaN or Inf found in input tensor.
WARNING:root:NaN or Inf found in input tensor.
WARNING:root:NaN or Inf found in input tensor.
WARNING:root:NaN or Inf found in input tensor.
WARNING:root:NaN or Inf found in input tensor.
WARNING:root:NaN or Inf found in input tensor.
WARNING:root:NaN or Inf found in input tensor.
WARNING:root:NaN or Inf found in input tensor.
WARNING:root:NaN or Inf found in input tensor.
WARNING:root:NaN or Inf found in input tensor.
WARNING:root:NaN or Inf found in input tensor.
WARNING:root:NaN or Inf found in input tensor.
WARNING:root:NaN or Inf found in input tensor.
WARNING:root:NaN or Inf found in input tensor.
WARNING:root:NaN or Inf found in input tensor.
WARNING:root:NaN or Inf found in input tensor.
WARNING:root:NaN or Inf found in input tensor.
WARNING:root:NaN or Inf found in input tensor.
WARNING:root:NaN or Inf found in input tensor.
WARNING:root:NaN or Inf found in input tensor.
WARNING:root:NaN or Inf found in input tensor.
WARNING:root:NaN or Inf found in input tensor.
WARNING:root:NaN or Inf found in input tensor.
WARNING:root:NaN or Inf found in input tensor.
WARNING:root:NaN or Inf found in input tensor.
WARNING:root:NaN or Inf found in input tensor.
WARNING:root:NaN or Inf found in input tensor.
Files already downloaded and verified
Files already downloaded and verified
CIFAR100_resnet50_350_100_0.1_RobustnessG_eps=0.3,_delta=0.52__64
main_gc.py --dataset=CIFAR100 --model=resnet50 --pruning=True --tensorboard=True --log-interval=100 --pruning_config=./configs/CIFAR100_350_100.json --constraint=RobustnessG(eps=0.3, delta=0.52) --print-after-epoch=0 --dl2-weight=0.1 --delay=0 --epochs=1000 --adv-after-epoch=0 --batch-size=64 --load_model=./CIFAR100/cifar100_resnet50_best.weights --name=CIFAR100_resnet50_64
pruning_engine.load_mask(): did not find mask file, will load nothing
=> loading checkpoint './CIFAR100/cifar100_resnet50_best.weights'
conv1.weight torch.Size([64, 3, 3, 3])
bn1.weight torch.Size([64])
bn1.bias torch.Size([64])
bn1.running_mean torch.Size([64])
bn1.running_var torch.Size([64])
bn1.num_batches_tracked torch.Size([])
layer1.0.conv1.weight torch.Size([64, 64, 1, 1])
layer1.0.bn1.weight torch.Size([64])
layer1.0.bn1.bias torch.Size([64])
layer1.0.bn1.running_mean torch.Size([64])
layer1.0.bn1.running_var torch.Size([64])
*********
conv1.weight torch.Size([64, 3, 3, 3])
bn1.weight torch.Size([64])
bn1.bias torch.Size([64])
bn1.running_mean torch.Size([64])
bn1.running_var torch.Size([64])
bn1.num_batches_tracked torch.Size([])
layer1.0.conv1.weight torch.Size([64, 64, 1, 1])
layer1.0.bn1.weight torch.Size([64])
layer1.0.bn1.bias torch.Size([64])
layer1.0.bn1.running_mean torch.Size([64])
layer1.0.bn1.running_var torch.Size([64])
=> loaded checkpoint './CIFAR100/cifar100_resnet50_best.weights' (epoch -1)
epoch, neuron_units, loss, dl2_loss, top1, top5, dl2_p_acc, dl2_constraint_acc
1, 7552, 0.4074, 0.3017, 87.500, 100.000, 0.000, 0.500, 100, 482.5544362068176 
1, 7202, 0.1792, 0.1306, 95.312, 100.000, 0.000, 0.844, 200, 950.983291387558 
1, 6852, 0.6754, 0.0049, 85.938, 95.312, 0.000, 0.969, 300, 1421.6103019714355 
1, 6502, 0.5009, 0.0181, 93.750, 96.875, 0.000, 0.969, 400, 1893.6551628112793 
1, 6152, 0.4514, 0.0000, 87.500, 100.000, 0.000, 1.000, 500, 2367.991907596588 
1, 5802, 0.5411, 0.0038, 84.375, 100.000, 0.000, 0.969, 600, 2843.5824196338654 
1, 5452, 0.7520, 0.0266, 75.000, 98.438, 0.000, 0.969, 700, 3321.6473367214203 
2, 5102, 0.8317, 0.0243, 79.688, 98.438, 0.000, 0.938, 800, 3844.357270717621 
2, 4752, 1.0585, 0.0000, 73.438, 98.438, 0.000, 1.000, 900, 4325.890302658081 
2, 4402, 1.0409, 0.0000, 71.875, 95.312, 0.000, 1.000, 1000, 4809.593327522278 
2, 4052, 0.9191, 0.0000, 76.562, 95.312, 0.000, 1.000, 1100, 5294.791148662567 
2, 3702, 1.0911, 0.0000, 70.312, 92.188, 0.000, 1.000, 1200, 5782.168760061264 
2, 3352, 1.3818, 0.0000, 60.938, 90.625, 0.000, 1.000, 1300, 6270.974166154861 
2, 3002, 1.0690, 0.0000, 68.750, 92.188, 0.000, 1.000, 1400, 6762.060538053513 
2, 2652, 1.7948, 0.0197, 50.000, 90.625, 0.000, 0.906, 1500, 7254.591597080231 
3, 1952, 2.3150, 0.0000, 35.938, 70.312, 0.000, 1.000, 2400, 7871.104474067688 
3, 1602, 2.9933, 0.0000, 21.875, 67.188, 0.000, 1.000, 2500, 8368.542991161346 
3, 1252, 3.1947, 0.0076, 26.562, 56.250, 0.000, 0.938, 2600, 8868.138189554214 
3, 902, 3.2739, 0.0000, 15.625, 56.250, 0.000, 1.000, 2700, 9369.874881267548 
3, 552, nan, nan, 0.000, 0.000, 0.000, 0.000, 2800, 9873.178111076355 
3, 552, nan, nan, 0.000, 0.000, 0.000, 0.000, 2900, 10376.002214193344 
3, 552, nan, nan, 0.000, 0.000, 0.000, 0.000, 3000, 10878.90269947052 
3, 552, nan, nan, 0.000, 0.000, 0.000, 0.000, 3100, 11381.18207859993 
4, 552, nan, nan, 0.000, 0.000, 0.000, 0.000, 5500, 11683.814492225647 
4, 552, nan, nan, 0.000, 0.000, 0.000, 0.000, 5600, 12186.143219947815 
4, 552, nan, nan, 0.000, 0.000, 0.000, 0.000, 5700, 12688.529834270477 
4, 552, nan, nan, 0.000, 0.000, 0.000, 0.000, 5800, 13190.648378610611 
4, 552, nan, nan, 0.000, 0.000, 0.000, 0.000, 5900, 13692.91608452797 
4, 552, nan, nan, 0.000, 0.000, 0.000, 0.000, 6000, 14195.170332670212 
4, 552, nan, nan, 0.000, 0.000, 0.000, 0.000, 6100, 14697.48079776764 
4, 552, nan, nan, 0.000, 0.000, 0.000, 0.000, 6200, 15200.029440879822 
5, 552, nan, nan, 0.000, 0.000, 0.000, 0.000, 11800, 15862.7243745327 
5, 552, nan, nan, 0.000, 0.000, 0.000, 0.000, 11900, 16364.89859700203 
5, 552, nan, nan, 0.000, 0.000, 0.000, 0.000, 12000, 16867.1344063282 
5, 552, nan, nan, 0.000, 0.000, 0.000, 0.000, 12100, 17369.546969413757 
5, 552, nan, nan, 0.000, 0.000, 0.000, 0.000, 12200, 17871.722862243652 
5, 552, nan, nan, 0.000, 0.000, 0.000, 0.000, 12300, 18374.15119099617 
5, 552, nan, nan, 0.000, 0.000, 0.000, 0.000, 12400, 18876.48478245735 
5, 552, nan, nan, 0.000, 0.000, 0.000, 0.000, 12500, 19378.173576831818 
6, 552, nan, nan, 1.562, 7.812, 0.000, 0.000, 24300, 19762.255036115646 
6, 552, nan, nan, 0.000, 0.000, 0.000, 0.000, 24400, 20264.791283130646 
6, 552, nan, nan, 0.000, 0.000, 0.000, 0.000, 24500, 20767.250872135162 
6, 552, nan, nan, 0.000, 0.000, 0.000, 0.000, 24600, 21270.312644720078 
6, 552, nan, nan, 0.000, 0.000, 0.000, 0.000, 24700, 21772.51818561554 
6, 552, nan, nan, 0.000, 0.000, 0.000, 0.000, 24800, 22274.846966028214 
6, 552, nan, nan, 0.000, 0.000, 0.000, 0.000, 24900, 22777.030599832535 
6, 552, nan, nan, 0.000, 0.000, 0.000, 0.000, 25000, 23279.072814702988 
7, 552, nan, nan, 0.000, 0.000, 0.000, 0.000, 49300, 23603.65940618515 
7, 552, nan, nan, 0.000, 0.000, 0.000, 0.000, 49400, 24106.026247739792 
7, 552, nan, nan, 0.000, 0.000, 0.000, 0.000, 49500, 24608.279057979584 
7, 552, nan, nan, 0.000, 0.000, 0.000, 0.000, 49600, 25110.527962446213 
7, 552, nan, nan, 0.000, 0.000, 0.000, 0.000, 49700, 25612.594013929367 
7, 552, nan, nan, 0.000, 0.000, 0.000, 0.000, 49800, 26115.045255422592 
7, 552, nan, nan, 0.000, 0.000, 0.000, 0.000, 49900, 26617.340955257416 
7, 552, nan, nan, 0.000, 0.000, 0.000, 0.000, 50000, 27119.675528764725 
8, 552, nan, nan, 0.000, 0.000, 0.000, 0.000, 99400, 27822.590723991394 
8, 552, nan, nan, 0.000, 0.000, 0.000, 0.000, 99500, 28324.925858974457 
8, 552, nan, nan, 0.000, 0.000, 0.000, 0.000, 99600, 28826.985528469086 
8, 552, nan, nan, 0.000, 0.000, 0.000, 0.000, 99700, 29329.239134073257 
8, 552, nan, nan, 0.000, 0.000, 0.000, 0.000, 99800, 29831.39716911316 
8, 552, nan, nan, 0.000, 0.000, 0.000, 0.000, 99900, 30333.608590364456 
8, 552, nan, nan, 0.000, 0.000, 0.000, 0.000, 100000, 30835.756413459778 
9, 552, nan, nan, 0.000, 0.000, 0.000, 0.000, 199500, 31799.07423710823 
9, 552, nan, nan, 0.000, 0.000, 0.000, 0.000, 199600, 32301.124560832977 
9, 552, nan, nan, 0.000, 0.000, 0.000, 0.000, 199700, 32803.50761985779 
9, 552, nan, nan, 0.000, 0.000, 0.000, 0.000, 199800, 33305.54593253136 
9, 552, nan, nan, 0.000, 0.000, 0.000, 0.000, 199900, 33807.94291472435 
9, 552, nan, nan, 0.000, 0.000, 0.000, 0.000, 200000, 34310.20397377014 
9, 552, nan, nan, 1.562, 7.812, 0.000, 0.000, 200100, 34812.55830645561 
10, 552, nan, nan, 0.000, 0.000, 0.000, 0.000, 399700, 35796.3361685276 
10, 552, nan, nan, 0.000, 0.000, 0.000, 0.000, 399800, 36298.562614917755 
10, 552, nan, nan, 0.000, 0.000, 0.000, 0.000, 399900, 36800.54548859596 
10, 552, nan, nan, 0.000, 0.000, 0.000, 0.000, 400000, 37302.67158865929 
10, 552, nan, nan, 0.000, 0.000, 0.000, 0.000, 400100, 37805.09204244614 
10, 552, nan, nan, 0.000, 0.000, 0.000, 0.000, 400200, 38307.24108147621 
10, 552, nan, nan, 1.562, 7.812, 0.000, 0.000, 400300, 38810.66406559944 
11, 552, nan, nan, 0.000, 0.000, 0.000, 0.000, 800000, 39333.71560668945 
11, 552, nan, nan, 0.000, 0.000, 0.000, 0.000, 800100, 39836.07608938217 
11, 552, nan, nan, 0.000, 0.000, 0.000, 0.000, 800200, 40338.32189297676 
11, 552, nan, nan, 0.000, 0.000, 0.000, 0.000, 800300, 40840.562915325165 
11, 552, nan, nan, 0.000, 0.000, 0.000, 0.000, 800400, 41343.70130324364 
11, 552, nan, nan, 0.000, 0.000, 0.000, 0.000, 800500, 41845.941766023636 
11, 552, nan, nan, 0.000, 0.000, 0.000, 0.000, 800600, 42348.19168925285 
11, 552, nan, nan, 0.000, 0.000, 0.000, 0.000, 800700, 42850.70305252075 
12, 552, nan, nan, 0.000, 0.000, 0.000, 0.000, 1600800, 43453.860622406006 
12, 552, nan, nan, 0.000, 0.000, 0.000, 0.000, 1600900, 43956.10943198204 
12, 552, nan, nan, 0.000, 0.000, 0.000, 0.000, 1601000, 44458.63234758377 
12, 552, nan, nan, 0.000, 0.000, 0.000, 0.000, 1601100, 44960.912929058075 
12, 552, nan, nan, 0.000, 0.000, 0.000, 0.000, 1601200, 45463.461920022964 
12, 552, nan, nan, 0.000, 0.000, 0.000, 0.000, 1601300, 45965.71923160553 
12, 552, nan, nan, 0.000, 0.000, 0.000, 0.000, 1601400, 46467.94331860542 
12, 552, nan, nan, 0.000, 0.000, 0.000, 0.000, 1601500, 46970.36876416206 
13, 552, nan, nan, 0.000, 0.000, 0.000, 0.000, 3202300, 47232.89693760872 
13, 552, nan, nan, 0.000, 0.000, 0.000, 0.000, 3202400, 47735.272235393524 
13, 552, nan, nan, 0.000, 0.000, 0.000, 0.000, 3202500, 48237.453305482864 
13, 552, nan, nan, 0.000, 0.000, 0.000, 0.000, 3202600, 48739.78626394272 
13, 552, nan, nan, 0.000, 0.000, 0.000, 0.000, 3202700, 49241.84456038475 
13, 552, nan, nan, 0.000, 0.000, 0.000, 0.000, 3202800, 49744.2006316185 
13, 552, nan, nan, 0.000, 0.000, 0.000, 0.000, 3202900, 50246.39984083176 
13, 552, nan, nan, 0.000, 0.000, 0.000, 0.000, 3203000, 50748.736899375916 
14, 552, nan, nan, 0.000, 0.000, 0.000, 0.000, 6405400, 51332.59656524658 
14, 552, nan, nan, 0.000, 0.000, 0.000, 0.000, 6405500, 51834.97003412247 
14, 552, nan, nan, 0.000, 0.000, 0.000, 0.000, 6405600, 52337.276371479034 
14, 552, nan, nan, 0.000, 0.000, 0.000, 0.000, 6405700, 52839.498567819595 
14, 552, nan, nan, 0.000, 0.000, 0.000, 0.000, 6405800, 53342.491691589355 
14, 552, nan, nan, 0.000, 0.000, 0.000, 0.000, 6405900, 53844.966807842255 
14, 552, nan, nan, 0.000, 0.000, 0.000, 0.000, 6406000, 54347.308725357056 
14, 552, nan, nan, 1.562, 7.812, 0.000, 0.000, 6406100, 54849.45470905304 
15, 552, nan, nan, 0.000, 0.000, 0.000, 0.000, 12811600, 55571.9072368145 
15, 552, nan, nan, 0.000, 0.000, 0.000, 0.000, 12811700, 56074.080027103424 
15, 552, nan, nan, 0.000, 0.000, 0.000, 0.000, 12811800, 56576.15054893494 
15, 552, nan, nan, 0.000, 0.000, 0.000, 0.000, 12811900, 57078.42357778549 
15, 552, nan, nan, 0.000, 0.000, 0.000, 0.000, 12812000, 57580.47716999054 
15, 552, nan, nan, 0.000, 0.000, 0.000, 0.000, 12812100, 58082.66456031799 
15, 552, nan, nan, 0.000, 0.000, 0.000, 0.000, 12812200, 58585.19708442688 
16, 552, nan, nan, 0.000, 0.000, 0.000, 0.000, 25623800, 59088.17758059502 
16, 552, nan, nan, 0.000, 0.000, 0.000, 0.000, 25623900, 59590.49346089363 
16, 552, nan, nan, 0.000, 0.000, 0.000, 0.000, 25624000, 60092.60950303078 
16, 552, nan, nan, 0.000, 0.000, 0.000, 0.000, 25624100, 60595.05640459061 
16, 552, nan, nan, 0.000, 0.000, 0.000, 0.000, 25624200, 61097.167595624924 
16, 552, nan, nan, 0.000, 0.000, 0.000, 0.000, 25624300, 61599.462089538574 
16, 552, nan, nan, 0.000, 0.000, 0.000, 0.000, 25624400, 62101.61979484558 
16, 552, nan, nan, 0.000, 0.000, 0.000, 0.000, 25624500, 62604.09520030022 
17, 552, nan, nan, 0.000, 0.000, 0.000, 0.000, 51248400, 63166.9962375164 
17, 552, nan, nan, 0.000, 0.000, 0.000, 0.000, 51248500, 63669.33025431633 
17, 552, nan, nan, 0.000, 0.000, 0.000, 0.000, 51248600, 64171.36704349518 
17, 552, nan, nan, 0.000, 0.000, 0.000, 0.000, 51248700, 64673.69241929054 
17, 552, nan, nan, 0.000, 0.000, 0.000, 0.000, 51248800, 65175.8391957283 
17, 552, nan, nan, 0.000, 0.000, 0.000, 0.000, 51248900, 65678.14774084091 
17, 552, nan, nan, 0.000, 0.000, 0.000, 0.000, 51249000, 66180.41715240479 
17, 552, nan, nan, 0.000, 0.000, 0.000, 0.000, 51249100, 66682.53097653389 
18, 552, nan, nan, 0.000, 0.000, 0.000, 0.000, 102497600, 67365.38883709908 
18, 552, nan, nan, 0.000, 0.000, 0.000, 0.000, 102497700, 67867.54539060593 
18, 552, nan, nan, 0.000, 0.000, 0.000, 0.000, 102497800, 68369.97049999237 
18, 552, nan, nan, 0.000, 0.000, 0.000, 0.000, 102497900, 68872.05996584892 
18, 552, nan, nan, 0.000, 0.000, 0.000, 0.000, 102498000, 69374.34322094917 
18, 552, nan, nan, 0.000, 0.000, 0.000, 0.000, 102498100, 69877.46410679817 
18, 552, nan, nan, 0.000, 0.000, 0.000, 0.000, 102498200, 70379.72816061974 
18, 552, nan, nan, 0.000, 0.000, 0.000, 0.000, 102498300, 70881.15283370018 
19, 552, nan, nan, 0.000, 0.000, 0.000, 0.000, 204995900, 71305.43258309364 
19, 552, nan, nan, 0.000, 0.000, 0.000, 0.000, 204996000, 71807.58702158928 
19, 552, nan, nan, 0.000, 0.000, 0.000, 0.000, 204996100, 72309.89769482613 
19, 552, nan, nan, 0.000, 0.000, 0.000, 0.000, 204996200, 72812.01165699959 
19, 552, nan, nan, 0.000, 0.000, 0.000, 0.000, 204996300, 73314.27301096916 
19, 552, nan, nan, 0.000, 0.000, 0.000, 0.000, 204996400, 73816.31853795052 
19, 552, nan, nan, 0.000, 0.000, 0.000, 0.000, 204996500, 74318.64447975159 
19, 552, nan, nan, 0.000, 0.000, 0.000, 0.000, 204996600, 74820.12739181519 
20, 552, nan, nan, 0.000, 0.000, 0.000, 0.000, 409992500, 75224.26561880112 
20, 552, nan, nan, 0.000, 0.000, 0.000, 0.000, 409992600, 75726.34711909294 
20, 552, nan, nan, 0.000, 0.000, 0.000, 0.000, 409992700, 76228.73527383804 
20, 552, nan, nan, 0.000, 0.000, 0.000, 0.000, 409992800, 76730.77206420898 
20, 552, nan, nan, 0.000, 0.000, 0.000, 0.000, 409992900, 77232.94975948334 
20, 552, nan, nan, 0.000, 0.000, 0.000, 0.000, 409993000, 77735.22748017311 
20, 552, nan, nan, 0.000, 0.000, 0.000, 0.000, 409993100, 78237.48972082138 
20, 552, nan, nan, 0.000, 0.000, 0.000, 0.000, 409993200, 78739.22046732903 
21, 552, nan, nan, 0.000, 0.000, 0.000, 0.000, 819985700, 79102.31373095512 
21, 552, nan, nan, 0.000, 0.000, 0.000, 0.000, 819985800, 79604.72985672951 
21, 552, nan, nan, 0.000, 0.000, 0.000, 0.000, 819985900, 80106.87338232994 
21, 552, nan, nan, 0.000, 0.000, 0.000, 0.000, 819986000, 80609.34202861786 
21, 552, nan, nan, 0.000, 0.000, 0.000, 0.000, 819986100, 81111.42049837112 
21, 552, nan, nan, 0.000, 0.000, 0.000, 0.000, 819986200, 81613.57259058952 
21, 552, nan, nan, 0.000, 0.000, 0.000, 0.000, 819986300, 82115.85387969017 
21, 552, nan, nan, 0.000, 0.000, 0.000, 0.000, 819986400, 82618.26315569878 
22, 552, nan, nan, 0.000, 0.000, 0.000, 0.000, 1639972100, 82901.73114514351 
22, 552, nan, nan, 0.000, 0.000, 0.000, 0.000, 1639972200, 83404.1631937027 
22, 552, nan, nan, 0.000, 0.000, 0.000, 0.000, 1639972300, 83906.28377819061 
22, 552, nan, nan, 0.000, 0.000, 0.000, 0.000, 1639972400, 84408.5540292263 
22, 552, nan, nan, 0.000, 0.000, 0.000, 0.000, 1639972500, 84910.81625795364 
22, 552, nan, nan, 0.000, 0.000, 0.000, 0.000, 1639972600, 85413.04731321335 
22, 552, nan, nan, 0.000, 0.000, 0.000, 0.000, 1639972700, 85915.40878295898 
22, 552, nan, nan, 0.000, 0.000, 0.000, 0.000, 1639972800, 86417.46642494202 
23, 552, nan, nan, 0.000, 0.000, 0.000, 0.000, 3279945000, 87040.22088384628 
23, 552, nan, nan, 0.000, 0.000, 0.000, 0.000, 3279945100, 87543.30577754974 
23, 552, nan, nan, 0.000, 0.000, 0.000, 0.000, 3279945200, 88045.5959136486 
23, 552, nan, nan, 0.000, 0.000, 0.000, 0.000, 3279945300, 88547.75020170212 
23, 552, nan, nan, 0.000, 0.000, 0.000, 0.000, 3279945400, 89050.08526420593 
23, 552, nan, nan, 0.000, 0.000, 0.000, 0.000, 3279945500, 89552.21074533463 
23, 552, nan, nan, 0.000, 0.000, 0.000, 0.000, 3279945600, 90054.47346282005 
23, 552, nan, nan, 0.000, 0.000, 0.000, 0.000, 3279945700, 90556.77980017662 
24, 552, nan, nan, 0.000, 0.000, 0.000, 0.000, 6559890700, 90860.61738371849 
24, 552, nan, nan, 0.000, 0.000, 0.000, 0.000, 6559890800, 91362.7922437191 
24, 552, nan, nan, 0.000, 0.000, 0.000, 0.000, 6559890900, 91865.08767914772 
24, 552, nan, nan, 0.000, 0.000, 0.000, 0.000, 6559891000, 92367.05883479118 
24, 552, nan, nan, 0.000, 0.000, 0.000, 0.000, 6559891100, 92869.27428913116 
24, 552, nan, nan, 0.000, 0.000, 0.000, 0.000, 6559891200, 93371.4109313488 
24, 552, nan, nan, 0.000, 0.000, 0.000, 0.000, 6559891300, 93873.73936986923 
24, 552, nan, nan, 0.000, 0.000, 0.000, 0.000, 6559891400, 94375.94817090034 
25, 552, nan, nan, 0.000, 0.000, 0.000, 0.000, 13119782200, 95038.72802376747 
25, 552, nan, nan, 0.000, 0.000, 0.000, 0.000, 13119782300, 95540.95009350777 
25, 552, nan, nan, 0.000, 0.000, 0.000, 0.000, 13119782400, 96043.21777963638 
25, 552, nan, nan, 0.000, 0.000, 0.000, 0.000, 13119782500, 96545.37400460243 
25, 552, nan, nan, 0.000, 0.000, 0.000, 0.000, 13119782600, 97047.55377054214 
25, 552, nan, nan, 0.000, 0.000, 0.000, 0.000, 13119782700, 97549.99260830879 
25, 552, nan, nan, 0.000, 0.000, 0.000, 0.000, 13119782800, 98052.04232096672 
25, 552, nan, nan, 0.000, 0.000, 0.000, 0.000, 13119782900, 98553.70101952553 
26, 552, nan, nan, 0.000, 0.000, 0.000, 0.000, 26239565100, 98937.69120502472 
26, 552, nan, nan, 0.000, 0.000, 0.000, 0.000, 26239565200, 99439.92044734955 
26, 552, nan, nan, 0.000, 0.000, 0.000, 0.000, 26239565300, 99941.97841191292 
26, 552, nan, nan, 0.000, 0.000, 0.000, 0.000, 26239565400, 100444.33751797676 
26, 552, nan, nan, 0.000, 0.000, 0.000, 0.000, 26239565500, 100946.50138187408 
26, 552, nan, nan, 0.000, 0.000, 0.000, 0.000, 26239565600, 101448.8561167717 
26, 552, nan, nan, 0.000, 0.000, 0.000, 0.000, 26239565700, 101951.00422406197 
26, 552, nan, nan, 0.000, 0.000, 0.000, 0.000, 26239565800, 102453.01651668549 
27, 552, nan, nan, 0.000, 0.000, 0.000, 0.000, 52479130900, 102775.89968919754 
27, 552, nan, nan, 0.000, 0.000, 0.000, 0.000, 52479131000, 103278.46592593193 
27, 552, nan, nan, 0.000, 0.000, 0.000, 0.000, 52479131100, 103780.6687400341 
27, 552, nan, nan, 0.000, 0.000, 0.000, 0.000, 52479131200, 104283.17520475388 
27, 552, nan, nan, 0.000, 0.000, 0.000, 0.000, 52479131300, 104785.7295396328 
27, 552, nan, nan, 0.000, 0.000, 0.000, 0.000, 52479131400, 105288.18881893158 
27, 552, nan, nan, 0.000, 0.000, 0.000, 0.000, 52479131500, 105790.4990799427 
27, 552, nan, nan, 0.000, 0.000, 0.000, 0.000, 52479131600, 106292.91234970093 
28, 552, nan, nan, 0.000, 0.000, 0.000, 0.000, 104958262600, 106995.61696124077 
28, 552, nan, nan, 0.000, 0.000, 0.000, 0.000, 104958262700, 107498.0015950203 
28, 552, nan, nan, 0.000, 0.000, 0.000, 0.000, 104958262800, 108000.12116146088 
28, 552, nan, nan, 0.000, 0.000, 0.000, 0.000, 104958262900, 108502.31051635742 
28, 552, nan, nan, 1.562, 7.812, 0.000, 0.000, 104958263000, 109004.61537694931 
28, 552, nan, nan, 0.000, 0.000, 0.000, 0.000, 104958263100, 109506.71232795715 
28, 552, nan, nan, 0.000, 0.000, 0.000, 0.000, 104958263200, 110009.10580945015 
29, 552, nan, nan, 0.000, 0.000, 0.000, 0.000, 209916525900, 110972.35728311539 
29, 552, nan, nan, 0.000, 0.000, 0.000, 0.000, 209916526000, 111474.65033197403 
29, 552, nan, nan, 0.000, 0.000, 0.000, 0.000, 209916526100, 111976.79793643951 
29, 552, nan, nan, 0.000, 0.000, 0.000, 0.000, 209916526200, 112479.22913718224 
29, 552, nan, nan, 0.000, 0.000, 0.000, 0.000, 209916526300, 112981.51555991173 
29, 552, nan, nan, 0.000, 0.000, 0.000, 0.000, 209916526400, 113483.78980946541 
29, 552, nan, nan, 0.000, 0.000, 0.000, 0.000, 209916526500, 113986.09465003014 
30, 552, nan, nan, 0.000, 0.000, 0.000, 0.000, 419833052500, 114969.57398104668 
30, 552, nan, nan, 0.000, 0.000, 0.000, 0.000, 419833052600, 115471.92017483711 
30, 552, nan, nan, 0.000, 0.000, 0.000, 0.000, 419833052700, 115974.51969981194 
30, 552, nan, nan, 0.000, 0.000, 0.000, 0.000, 419833052800, 116476.62589097023 
30, 552, nan, nan, 0.000, 0.000, 0.000, 0.000, 419833052900, 116979.07955741882 
30, 552, nan, nan, 0.000, 0.000, 0.000, 0.000, 419833053000, 117481.26220703125 
30, 552, nan, nan, 0.000, 0.000, 0.000, 0.000, 419833053100, 117984.78328537941 
31, 552, nan, nan, 0.000, 0.000, 0.000, 0.000, 839666105600, 118508.05990219116 
31, 552, nan, nan, 0.000, 0.000, 0.000, 0.000, 839666105700, 119010.52551984787 
31, 552, nan, nan, 0.000, 0.000, 0.000, 0.000, 839666105800, 119513.40738391876 
31, 552, nan, nan, 0.000, 0.000, 0.000, 0.000, 839666105900, 120015.67649555206 
31, 552, nan, nan, 0.000, 0.000, 0.000, 0.000, 839666106000, 120518.78511476517 
31, 552, nan, nan, 0.000, 0.000, 0.000, 0.000, 839666106100, 121020.87968182564 
31, 552, nan, nan, 0.000, 0.000, 0.000, 0.000, 839666106200, 121523.23015642166 
31, 552, nan, nan, 0.000, 0.000, 0.000, 0.000, 839666106300, 122025.49794268608 
32, 552, nan, nan, 0.000, 0.000, 0.000, 0.000, 1679332212000, 122628.83283257484 
32, 552, nan, nan, 0.000, 0.000, 0.000, 0.000, 1679332212100, 123131.03056764603 
32, 552, nan, nan, 0.000, 0.000, 0.000, 0.000, 1679332212200, 123633.38821578026 
32, 552, nan, nan, 0.000, 0.000, 0.000, 0.000, 1679332212300, 124135.42552614212 
32, 552, nan, nan, 0.000, 0.000, 0.000, 0.000, 1679332212400, 124637.76292204857 
32, 552, nan, nan, 0.000, 0.000, 0.000, 0.000, 1679332212500, 125139.98321008682 
32, 552, nan, nan, 0.000, 0.000, 0.000, 0.000, 1679332212600, 125642.38175678253 
32, 552, nan, nan, 0.000, 0.000, 0.000, 0.000, 1679332212700, 126144.77871537209 
33, 552, nan, nan, 0.000, 0.000, 0.000, 0.000, 3358664424700, 126408.18813252449 
33, 552, nan, nan, 0.000, 0.000, 0.000, 0.000, 3358664424800, 126910.66334176064 
33, 552, nan, nan, 0.000, 0.000, 0.000, 0.000, 3358664424900, 127412.89137172699 
33, 552, nan, nan, 0.000, 0.000, 0.000, 0.000, 3358664425000, 127915.34452390671 
33, 552, nan, nan, 0.000, 0.000, 0.000, 0.000, 3358664425100, 128417.53114104271 
33, 552, nan, nan, 0.000, 0.000, 0.000, 0.000, 3358664425200, 128919.81762576103 
33, 552, nan, nan, 0.000, 0.000, 0.000, 0.000, 3358664425300, 129422.02140712738 
33, 552, nan, nan, 0.000, 0.000, 0.000, 0.000, 3358664425400, 129924.44032907486 
34, 552, nan, nan, 0.000, 0.000, 0.000, 0.000, 6717328850200, 130507.39625692368 
34, 552, nan, nan, 0.000, 0.000, 0.000, 0.000, 6717328850300, 131009.88771629333 
34, 552, nan, nan, 0.000, 0.000, 0.000, 0.000, 6717328850400, 131512.22677659988 
34, 552, nan, nan, 0.000, 0.000, 0.000, 0.000, 6717328850500, 132014.4975526333 
34, 552, nan, nan, 0.000, 0.000, 0.000, 0.000, 6717328850600, 132516.84911203384 
34, 552, nan, nan, 0.000, 0.000, 0.000, 0.000, 6717328850700, 133019.19480133057 
34, 552, nan, nan, 0.000, 0.000, 0.000, 0.000, 6717328850800, 133521.3754811287 
34, 552, nan, nan, 0.000, 0.000, 0.000, 0.000, 6717328850900, 134023.75493335724 
35, 552, nan, nan, 0.000, 0.000, 0.000, 0.000, 13434657701200, 134746.57725405693 
35, 552, nan, nan, 0.000, 0.000, 0.000, 0.000, 13434657701300, 135248.9963760376 
35, 552, nan, nan, 0.000, 0.000, 0.000, 0.000, 13434657701400, 135751.47537374496 
35, 552, nan, nan, 0.000, 0.000, 0.000, 0.000, 13434657701500, 136253.85903286934 
35, 552, nan, nan, 0.000, 0.000, 0.000, 0.000, 13434657701600, 136756.0818464756 
35, 552, nan, nan, 0.000, 0.000, 0.000, 0.000, 13434657701700, 137258.43527412415 
35, 552, nan, nan, 0.000, 0.000, 0.000, 0.000, 13434657701800, 137760.692145586 
36, 552, nan, nan, 0.000, 0.000, 0.000, 0.000, 26869315403000, 138264.01873373985 
36, 552, nan, nan, 0.000, 0.000, 0.000, 0.000, 26869315403100, 138766.61426734924 
36, 552, nan, nan, 0.000, 0.000, 0.000, 0.000, 26869315403200, 139269.04315304756 
36, 552, nan, nan, 0.000, 0.000, 0.000, 0.000, 26869315403300, 139771.5936217308 
36, 552, nan, nan, 0.000, 0.000, 0.000, 0.000, 26869315403400, 140274.0563569069 
36, 552, nan, nan, 0.000, 0.000, 0.000, 0.000, 26869315403500, 140777.12620067596 
36, 552, nan, nan, 0.000, 0.000, 0.000, 0.000, 26869315403600, 141279.61311936378 
36, 552, nan, nan, 0.000, 0.000, 0.000, 0.000, 26869315403700, 141781.96058440208 
37, 552, nan, nan, 0.000, 0.000, 0.000, 0.000, 53738630806800, 142345.48997163773 
37, 552, nan, nan, 0.000, 0.000, 0.000, 0.000, 53738630806900, 142848.02635264397 
37, 552, nan, nan, 0.000, 0.000, 0.000, 0.000, 53738630807000, 143350.54112410545 
37, 552, nan, nan, 0.000, 0.000, 0.000, 0.000, 53738630807100, 143853.07127857208 
37, 552, nan, nan, 0.000, 0.000, 0.000, 0.000, 53738630807200, 144355.40474367142 
37, 552, nan, nan, 0.000, 0.000, 0.000, 0.000, 53738630807300, 144857.79443883896 
37, 552, nan, nan, 0.000, 0.000, 0.000, 0.000, 53738630807400, 145360.11040186882 
37, 552, nan, nan, 0.000, 0.000, 0.000, 0.000, 53738630807500, 145862.3928282261 
38, 552, nan, nan, 0.000, 0.000, 0.000, 0.000, 107477261614400, 146546.5629658699 
38, 552, nan, nan, 0.000, 0.000, 0.000, 0.000, 107477261614500, 147048.981487751 
38, 552, nan, nan, 0.000, 0.000, 0.000, 0.000, 107477261614600, 147551.1300764084 
38, 552, nan, nan, 0.000, 0.000, 0.000, 0.000, 107477261614700, 148054.1993508339 
38, 552, nan, nan, 0.000, 0.000, 0.000, 0.000, 107477261614800, 148556.24922466278 
38, 552, nan, nan, 0.000, 0.000, 0.000, 0.000, 107477261614900, 149058.66849255562 
38, 552, nan, nan, 0.000, 0.000, 0.000, 0.000, 107477261615000, 149561.19133210182 
38, 552, nan, nan, 0.000, 0.000, 0.000, 0.000, 107477261615100, 150062.78665804863 
39, 552, nan, nan, 0.000, 0.000, 0.000, 0.000, 214954523229500, 150486.3608160019 
39, 552, nan, nan, 0.000, 0.000, 0.000, 0.000, 214954523229600, 150988.6606247425 WARNING:root:NaN or Inf found in input tensor.
WARNING:root:NaN or Inf found in input tensor.
WARNING:root:NaN or Inf found in input tensor.
WARNING:root:NaN or Inf found in input tensor.
WARNING:root:NaN or Inf found in input tensor.
WARNING:root:NaN or Inf found in input tensor.
WARNING:root:NaN or Inf found in input tensor.
WARNING:root:NaN or Inf found in input tensor.
WARNING:root:NaN or Inf found in input tensor.
WARNING:root:NaN or Inf found in input tensor.
WARNING:root:NaN or Inf found in input tensor.
WARNING:root:NaN or Inf found in input tensor.
WARNING:root:NaN or Inf found in input tensor.
WARNING:root:NaN or Inf found in input tensor.
WARNING:root:NaN or Inf found in input tensor.
WARNING:root:NaN or Inf found in input tensor.
WARNING:root:NaN or Inf found in input tensor.
WARNING:root:NaN or Inf found in input tensor.
WARNING:root:NaN or Inf found in input tensor.
WARNING:root:NaN or Inf found in input tensor.
WARNING:root:NaN or Inf found in input tensor.
WARNING:root:NaN or Inf found in input tensor.
WARNING:root:NaN or Inf found in input tensor.
WARNING:root:NaN or Inf found in input tensor.
WARNING:root:NaN or Inf found in input tensor.
WARNING:root:NaN or Inf found in input tensor.
WARNING:root:NaN or Inf found in input tensor.
WARNING:root:NaN or Inf found in input tensor.
WARNING:root:NaN or Inf found in input tensor.
WARNING:root:NaN or Inf found in input tensor.
WARNING:root:NaN or Inf found in input tensor.
WARNING:root:NaN or Inf found in input tensor.
WARNING:root:NaN or Inf found in input tensor.
WARNING:root:NaN or Inf found in input tensor.
WARNING:root:NaN or Inf found in input tensor.
WARNING:root:NaN or Inf found in input tensor.
WARNING:root:NaN or Inf found in input tensor.
WARNING:root:NaN or Inf found in input tensor.
WARNING:root:NaN or Inf found in input tensor.
WARNING:root:NaN or Inf found in input tensor.
WARNING:root:NaN or Inf found in input tensor.
WARNING:root:NaN or Inf found in input tensor.
WARNING:root:NaN or Inf found in input tensor.
WARNING:root:NaN or Inf found in input tensor.
WARNING:root:NaN or Inf found in input tensor.
WARNING:root:NaN or Inf found in input tensor.
WARNING:root:NaN or Inf found in input tensor.
WARNING:root:NaN or Inf found in input tensor.
WARNING:root:NaN or Inf found in input tensor.
WARNING:root:NaN or Inf found in input tensor.
WARNING:root:NaN or Inf found in input tensor.
WARNING:root:NaN or Inf found in input tensor.
WARNING:root:NaN or Inf found in input tensor.
WARNING:root:NaN or Inf found in input tensor.
WARNING:root:NaN or Inf found in input tensor.
WARNING:root:NaN or Inf found in input tensor.
WARNING:root:NaN or Inf found in input tensor.
WARNING:root:NaN or Inf found in input tensor.
WARNING:root:NaN or Inf found in input tensor.
WARNING:root:NaN or Inf found in input tensor.
WARNING:root:NaN or Inf found in input tensor.
WARNING:root:NaN or Inf found in input tensor.
WARNING:root:NaN or Inf found in input tensor.
WARNING:root:NaN or Inf found in input tensor.
WARNING:root:NaN or Inf found in input tensor.
WARNING:root:NaN or Inf found in input tensor.
WARNING:root:NaN or Inf found in input tensor.
WARNING:root:NaN or Inf found in input tensor.
WARNING:root:NaN or Inf found in input tensor.
WARNING:root:NaN or Inf found in input tensor.
WARNING:root:NaN or Inf found in input tensor.
WARNING:root:NaN or Inf found in input tensor.
WARNING:root:NaN or Inf found in input tensor.
WARNING:root:NaN or Inf found in input tensor.
WARNING:root:NaN or Inf found in input tensor.
WARNING:root:NaN or Inf found in input tensor.
WARNING:root:NaN or Inf found in input tensor.
WARNING:root:NaN or Inf found in input tensor.
WARNING:root:NaN or Inf found in input tensor.
WARNING:root:NaN or Inf found in input tensor.
WARNING:root:NaN or Inf found in input tensor.
WARNING:root:NaN or Inf found in input tensor.
WARNING:root:NaN or Inf found in input tensor.
WARNING:root:NaN or Inf found in input tensor.
WARNING:root:NaN or Inf found in input tensor.
WARNING:root:NaN or Inf found in input tensor.
WARNING:root:NaN or Inf found in input tensor.
WARNING:root:NaN or Inf found in input tensor.
WARNING:root:NaN or Inf found in input tensor.
WARNING:root:NaN or Inf found in input tensor.
WARNING:root:NaN or Inf found in input tensor.
WARNING:root:NaN or Inf found in input tensor.
WARNING:root:NaN or Inf found in input tensor.
WARNING:root:NaN or Inf found in input tensor.
WARNING:root:NaN or Inf found in input tensor.
WARNING:root:NaN or Inf found in input tensor.
WARNING:root:NaN or Inf found in input tensor.
WARNING:root:NaN or Inf found in input tensor.
WARNING:root:NaN or Inf found in input tensor.
WARNING:root:NaN or Inf found in input tensor.
WARNING:root:NaN or Inf found in input tensor.
WARNING:root:NaN or Inf found in input tensor.
WARNING:root:NaN or Inf found in input tensor.
WARNING:root:NaN or Inf found in input tensor.
WARNING:root:NaN or Inf found in input tensor.
WARNING:root:NaN or Inf found in input tensor.
WARNING:root:NaN or Inf found in input tensor.
WARNING:root:NaN or Inf found in input tensor.
WARNING:root:NaN or Inf found in input tensor.
WARNING:root:NaN or Inf found in input tensor.
WARNING:root:NaN or Inf found in input tensor.
WARNING:root:NaN or Inf found in input tensor.
WARNING:root:NaN or Inf found in input tensor.
WARNING:root:NaN or Inf found in input tensor.
WARNING:root:NaN or Inf found in input tensor.
WARNING:root:NaN or Inf found in input tensor.
WARNING:root:NaN or Inf found in input tensor.
WARNING:root:NaN or Inf found in input tensor.
WARNING:root:NaN or Inf found in input tensor.
WARNING:root:NaN or Inf found in input tensor.
WARNING:root:NaN or Inf found in input tensor.
WARNING:root:NaN or Inf found in input tensor.
WARNING:root:NaN or Inf found in input tensor.
WARNING:root:NaN or Inf found in input tensor.
WARNING:root:NaN or Inf found in input tensor.
WARNING:root:NaN or Inf found in input tensor.
WARNING:root:NaN or Inf found in input tensor.
WARNING:root:NaN or Inf found in input tensor.
WARNING:root:NaN or Inf found in input tensor.
WARNING:root:NaN or Inf found in input tensor.
WARNING:root:NaN or Inf found in input tensor.
WARNING:root:NaN or Inf found in input tensor.
WARNING:root:NaN or Inf found in input tensor.
WARNING:root:NaN or Inf found in input tensor.
WARNING:root:NaN or Inf found in input tensor.
WARNING:root:NaN or Inf found in input tensor.
WARNING:root:NaN or Inf found in input tensor.
WARNING:root:NaN or Inf found in input tensor.
WARNING:root:NaN or Inf found in input tensor.
WARNING:root:NaN or Inf found in input tensor.
WARNING:root:NaN or Inf found in input tensor.
WARNING:root:NaN or Inf found in input tensor.
WARNING:root:NaN or Inf found in input tensor.
WARNING:root:NaN or Inf found in input tensor.
WARNING:root:NaN or Inf found in input tensor.
WARNING:root:NaN or Inf found in input tensor.
WARNING:root:NaN or Inf found in input tensor.
WARNING:root:NaN or Inf found in input tensor.
WARNING:root:NaN or Inf found in input tensor.
WARNING:root:NaN or Inf found in input tensor.
WARNING:root:NaN or Inf found in input tensor.
WARNING:root:NaN or Inf found in input tensor.
WARNING:root:NaN or Inf found in input tensor.
WARNING:root:NaN or Inf found in input tensor.
WARNING:root:NaN or Inf found in input tensor.
WARNING:root:NaN or Inf found in input tensor.
WARNING:root:NaN or Inf found in input tensor.
WARNING:root:NaN or Inf found in input tensor.
WARNING:root:NaN or Inf found in input tensor.
WARNING:root:NaN or Inf found in input tensor.
WARNING:root:NaN or Inf found in input tensor.
WARNING:root:NaN or Inf found in input tensor.
WARNING:root:NaN or Inf found in input tensor.
WARNING:root:NaN or Inf found in input tensor.
WARNING:root:NaN or Inf found in input tensor.
WARNING:root:NaN or Inf found in input tensor.
WARNING:root:NaN or Inf found in input tensor.
WARNING:root:NaN or Inf found in input tensor.
WARNING:root:NaN or Inf found in input tensor.
WARNING:root:NaN or Inf found in input tensor.
WARNING:root:NaN or Inf found in input tensor.
WARNING:root:NaN or Inf found in input tensor.
WARNING:root:NaN or Inf found in input tensor.
WARNING:root:NaN or Inf found in input tensor.
WARNING:root:NaN or Inf found in input tensor.
WARNING:root:NaN or Inf found in input tensor.
WARNING:root:NaN or Inf found in input tensor.
WARNING:root:NaN or Inf found in input tensor.
WARNING:root:NaN or Inf found in input tensor.
WARNING:root:NaN or Inf found in input tensor.
WARNING:root:NaN or Inf found in input tensor.
WARNING:root:NaN or Inf found in input tensor.
WARNING:root:NaN or Inf found in input tensor.
WARNING:root:NaN or Inf found in input tensor.
WARNING:root:NaN or Inf found in input tensor.
WARNING:root:NaN or Inf found in input tensor.
WARNING:root:NaN or Inf found in input tensor.
WARNING:root:NaN or Inf found in input tensor.
WARNING:root:NaN or Inf found in input tensor.
WARNING:root:NaN or Inf found in input tensor.
WARNING:root:NaN or Inf found in input tensor.
WARNING:root:NaN or Inf found in input tensor.
WARNING:root:NaN or Inf found in input tensor.
WARNING:root:NaN or Inf found in input tensor.
WARNING:root:NaN or Inf found in input tensor.
WARNING:root:NaN or Inf found in input tensor.
WARNING:root:NaN or Inf found in input tensor.
WARNING:root:NaN or Inf found in input tensor.
WARNING:root:NaN or Inf found in input tensor.
WARNING:root:NaN or Inf found in input tensor.
WARNING:root:NaN or Inf found in input tensor.
WARNING:root:NaN or Inf found in input tensor.
WARNING:root:NaN or Inf found in input tensor.
WARNING:root:NaN or Inf found in input tensor.
WARNING:root:NaN or Inf found in input tensor.
WARNING:root:NaN or Inf found in input tensor.
WARNING:root:NaN or Inf found in input tensor.
WARNING:root:NaN or Inf found in input tensor.
WARNING:root:NaN or Inf found in input tensor.
WARNING:root:NaN or Inf found in input tensor.
WARNING:root:NaN or Inf found in input tensor.
WARNING:root:NaN or Inf found in input tensor.
WARNING:root:NaN or Inf found in input tensor.
WARNING:root:NaN or Inf found in input tensor.
WARNING:root:NaN or Inf found in input tensor.
WARNING:root:NaN or Inf found in input tensor.
WARNING:root:NaN or Inf found in input tensor.
WARNING:root:NaN or Inf found in input tensor.
WARNING:root:NaN or Inf found in input tensor.
WARNING:root:NaN or Inf found in input tensor.
WARNING:root:NaN or Inf found in input tensor.
WARNING:root:NaN or Inf found in input tensor.
WARNING:root:NaN or Inf found in input tensor.
WARNING:root:NaN or Inf found in input tensor.
WARNING:root:NaN or Inf found in input tensor.
WARNING:root:NaN or Inf found in input tensor.
WARNING:root:NaN or Inf found in input tensor.
WARNING:root:NaN or Inf found in input tensor.
WARNING:root:NaN or Inf found in input tensor.
WARNING:root:NaN or Inf found in input tensor.
