Files already downloaded and verified
CIFAR100_resnet50_350_100_0.05_RobustnessG_eps=0.3,_delta=0.52__32
test_models.py --dataset=CIFAR100 --model=resnet50 --tensorboard=True --pruning_config=./configs/CIFAR100_350_100.json --constraint=RobustnessG(eps=0.3, delta=0.52) --dl2-weight=0.05 --batch-size=32 --name=CIFAR100_resnet50_64_final --checkpoint_folder=CIFAR100_resnet50_64 --log_file=process_output/textfiles/log_CIFAR100_resnet50_350_100_0.05_RobustnessG_eps=0.3,_delta=0.52__64.txt
print_iter, neuron_units, train_loss, train_dl2_loss, train_top1, train_top5, train_cons, train_time, test_loss, test_dl2_loss, test_acc, test_constr, adv_acc1, adv_acc2, test_time
Finding  CIFAR100_resnet50_64/models/checkpoint_CIFAR100_resnet50_350_100_0.05_RobustnessG_eps=0.3,_delta=0.52__7552_100_82.812000.weights
=> loading checkpoint 'CIFAR100_resnet50_64/models/checkpoint_CIFAR100_resnet50_350_100_0.05_RobustnessG_eps=0.3,_delta=0.52__7552_100_82.812500.weights'
conv1.weight torch.Size([64, 3, 3, 3])
bn1.weight torch.Size([64])
bn1.bias torch.Size([64])
bn1.running_mean torch.Size([64])
bn1.running_var torch.Size([64])
bn1.num_batches_tracked torch.Size([])
layer1.0.conv1.weight torch.Size([64, 64, 1, 1])
layer1.0.bn1.weight torch.Size([64])
layer1.0.bn1.bias torch.Size([64])
layer1.0.bn1.running_mean torch.Size([64])
layer1.0.bn1.running_var torch.Size([64])
*********
conv1.weight torch.Size([64, 3, 3, 3])
bn1.weight torch.Size([64])
bn1.bias torch.Size([64])
bn1.running_mean torch.Size([64])
bn1.running_var torch.Size([64])
bn1.num_batches_tracked torch.Size([])
layer1.0.conv1.weight torch.Size([64, 64, 1, 1])
layer1.0.bn1.weight torch.Size([64])
layer1.0.bn1.bias torch.Size([64])
layer1.0.bn1.running_mean torch.Size([64])
layer1.0.bn1.running_var torch.Size([64])
=> loaded checkpoint 'CIFAR100_resnet50_64/models/checkpoint_CIFAR100_resnet50_350_100_0.05_RobustnessG_eps=0.3,_delta=0.52__7552_100_82.812500.weights' (epoch -1)
0, 7552, 0.3782, 0.6240, 82.812, 100.000, 0.438, 497.6212372779846, 0.0662, 0.0300, 0.678, 0.256, 0.1731, 0.1084, 1311.3149228096008 
Finding  CIFAR100_resnet50_64/models/checkpoint_CIFAR100_resnet50_350_100_0.05_RobustnessG_eps=0.3,_delta=0.52__7202_200_95.312000.weights
=> loading checkpoint 'CIFAR100_resnet50_64/models/checkpoint_CIFAR100_resnet50_350_100_0.05_RobustnessG_eps=0.3,_delta=0.52__7202_200_95.312500.weights'
conv1.weight torch.Size([64, 3, 3, 3])
bn1.weight torch.Size([64])
bn1.bias torch.Size([64])
bn1.running_mean torch.Size([64])
bn1.running_var torch.Size([64])
bn1.num_batches_tracked torch.Size([])
layer1.0.conv1.weight torch.Size([64, 64, 1, 1])
layer1.0.bn1.weight torch.Size([64])
layer1.0.bn1.bias torch.Size([64])
layer1.0.bn1.running_mean torch.Size([64])
layer1.0.bn1.running_var torch.Size([64])
*********
conv1.weight torch.Size([64, 3, 3, 3])
bn1.weight torch.Size([64])
bn1.bias torch.Size([64])
bn1.running_mean torch.Size([64])
bn1.running_var torch.Size([64])
bn1.num_batches_tracked torch.Size([])
layer1.0.conv1.weight torch.Size([64, 64, 1, 1])
layer1.0.bn1.weight torch.Size([64])
layer1.0.bn1.bias torch.Size([64])
layer1.0.bn1.running_mean torch.Size([64])
layer1.0.bn1.running_var torch.Size([64])
=> loaded checkpoint 'CIFAR100_resnet50_64/models/checkpoint_CIFAR100_resnet50_350_100_0.05_RobustnessG_eps=0.3,_delta=0.52__7202_200_95.312500.weights' (epoch -1)
1, 7202, 0.1322, 0.4915, 95.312, 100.000, 0.531, 979.3132629394531, 0.0722, 0.0143, 0.640, 0.472, 0.1659, 0.0583, 2611.5177636146545 
Finding  CIFAR100_resnet50_64/models/checkpoint_CIFAR100_resnet50_350_100_0.05_RobustnessG_eps=0.3,_delta=0.52__6852_300_82.812000.weights
=> loading checkpoint 'CIFAR100_resnet50_64/models/checkpoint_CIFAR100_resnet50_350_100_0.05_RobustnessG_eps=0.3,_delta=0.52__6852_300_82.812500.weights'
conv1.weight torch.Size([64, 3, 3, 3])
bn1.weight torch.Size([64])
bn1.bias torch.Size([64])
bn1.running_mean torch.Size([64])
bn1.running_var torch.Size([64])
bn1.num_batches_tracked torch.Size([])
layer1.0.conv1.weight torch.Size([64, 64, 1, 1])
layer1.0.bn1.weight torch.Size([64])
layer1.0.bn1.bias torch.Size([64])
layer1.0.bn1.running_mean torch.Size([64])
layer1.0.bn1.running_var torch.Size([64])
*********
conv1.weight torch.Size([64, 3, 3, 3])
bn1.weight torch.Size([64])
bn1.bias torch.Size([64])
bn1.running_mean torch.Size([64])
bn1.running_var torch.Size([64])
bn1.num_batches_tracked torch.Size([])
layer1.0.conv1.weight torch.Size([64, 64, 1, 1])
layer1.0.bn1.weight torch.Size([64])
layer1.0.bn1.bias torch.Size([64])
layer1.0.bn1.running_mean torch.Size([64])
layer1.0.bn1.running_var torch.Size([64])
=> loaded checkpoint 'CIFAR100_resnet50_64/models/checkpoint_CIFAR100_resnet50_350_100_0.05_RobustnessG_eps=0.3,_delta=0.52__6852_300_82.812500.weights' (epoch -1)
2, 6852, 0.7528, 0.1073, 82.812, 98.438, 0.688, 1462.7767436504364, 0.0680, 0.0043, 0.620, 0.749, 0.0754, 0.0263, 3900.161878347397 
Finding  CIFAR100_resnet50_64/models/checkpoint_CIFAR100_resnet50_350_100_0.05_RobustnessG_eps=0.3,_delta=0.52__6502_400_93.75000.weights
=> no checkpoint found at ''
