Traceback (most recent call last):
  File "test_models.py", line 756, in <module>
    main()
  File "test_models.py", line 718, in main
    precision_dl2, constr_acc, test_loss, test_loss_dl2 = test_constraints(args, oracle, test_loader_constr, model, device, epoch, pruning_engine)
NameError: name 'epoch' is not defined
Files already downloaded and verified
CIFAR100_resnet50_350_100_0.05_RobustnessG_eps=0.3,_delta=0.52__64
test_models.py --dataset=CIFAR100 --model=resnet50 --tensorboard=True --pruning_config=./configs/CIFAR100_350_100.json --constraint=RobustnessG(eps=0.3, delta=0.52) --dl2-weight=0.05 --batch-size=64 --name=CIFAR100_resnet50_64_final --checkpoint_folder=CIFAR100_resnet50_64 --log_file=process_output/textfiles/log_CIFAR100_resnet50_350_100_0.05_RobustnessG_eps=0.3,_delta=0.52__64.txt
print_iter, neuron_units, train_loss, train_dl2_loss, train_top1, train_top5, train_cons, train_time, test_loss, test_dl2_loss, test_acc, test_constr, adv_acc1, adv_acc2, test_time
Finding  CIFAR100_resnet50_64/models/checkpoint_CIFAR100_resnet50_350_100_0.05_RobustnessG_eps=0.3,_delta=0.52__7552_100_82.812000.weights
=> loading checkpoint 'CIFAR100_resnet50_64/models/checkpoint_CIFAR100_resnet50_350_100_0.05_RobustnessG_eps=0.3,_delta=0.52__7552_100_82.812500.weights'
conv1.weight torch.Size([64, 3, 3, 3])
bn1.weight torch.Size([64])
bn1.bias torch.Size([64])
bn1.running_mean torch.Size([64])
bn1.running_var torch.Size([64])
bn1.num_batches_tracked torch.Size([])
layer1.0.conv1.weight torch.Size([64, 64, 1, 1])
layer1.0.bn1.weight torch.Size([64])
layer1.0.bn1.bias torch.Size([64])
layer1.0.bn1.running_mean torch.Size([64])
layer1.0.bn1.running_var torch.Size([64])
*********
conv1.weight torch.Size([64, 3, 3, 3])
bn1.weight torch.Size([64])
bn1.bias torch.Size([64])
bn1.running_mean torch.Size([64])
bn1.running_var torch.Size([64])
bn1.num_batches_tracked torch.Size([])
layer1.0.conv1.weight torch.Size([64, 64, 1, 1])
layer1.0.bn1.weight torch.Size([64])
layer1.0.bn1.bias torch.Size([64])
layer1.0.bn1.running_mean torch.Size([64])
layer1.0.bn1.running_var torch.Size([64])
=> loaded checkpoint 'CIFAR100_resnet50_64/models/checkpoint_CIFAR100_resnet50_350_100_0.05_RobustnessG_eps=0.3,_delta=0.52__7552_100_82.812500.weights' (epoch -1)
