Files already downloaded and verified
Files already downloaded and verified
Ignoring network_output argument, using prob and logprob to obtain KL divergence
CIFAR100_resnet50_350_100_0.1_RobustnessDandR_eps1=7.8,_eps2=2.9__64
main_gc.py --dataset=CIFAR100 --model=resnet50 --pruning=True --tensorboard=True --log-interval=100 --pruning_config=./configs/CIFAR100_350_100.json --constraint=RobustnessDandR(eps1=7.8, eps2=2.9) --print-after-epoch=0 --dl2-weight=0.1 --delay=0 --epochs=1000 --adv-after-epoch=0 --batch-size=64 --load_model=./CIFAR100/cifar100_resnet50_best.weights --name=CIFAR100_resnet50_64
pruning_engine.load_mask(): did not find mask file, will load nothing
=> loading checkpoint './CIFAR100/cifar100_resnet50_best.weights'
conv1.weight torch.Size([64, 3, 3, 3])
bn1.weight torch.Size([64])
bn1.bias torch.Size([64])
bn1.running_mean torch.Size([64])
bn1.running_var torch.Size([64])
bn1.num_batches_tracked torch.Size([])
layer1.0.conv1.weight torch.Size([64, 64, 1, 1])
layer1.0.bn1.weight torch.Size([64])
layer1.0.bn1.bias torch.Size([64])
layer1.0.bn1.running_mean torch.Size([64])
layer1.0.bn1.running_var torch.Size([64])
*********
conv1.weight torch.Size([64, 3, 3, 3])
bn1.weight torch.Size([64])
bn1.bias torch.Size([64])
bn1.running_mean torch.Size([64])
bn1.running_var torch.Size([64])
bn1.num_batches_tracked torch.Size([])
layer1.0.conv1.weight torch.Size([64, 64, 1, 1])
layer1.0.bn1.weight torch.Size([64])
layer1.0.bn1.bias torch.Size([64])
layer1.0.bn1.running_mean torch.Size([64])
layer1.0.bn1.running_var torch.Size([64])
=> loaded checkpoint './CIFAR100/cifar100_resnet50_best.weights' (epoch -1)
epoch, neuron_units, loss, dl2_loss, top1, top5, dl2_p_acc, dl2_constraint_acc
1, 7552, 6.4904, 99.7706, 4.688, 17.188, 0.000, 0.438, 100, 212.637797832489 
1, 7202, 6.9536, 53.1310, 1.562, 10.938, 0.000, 0.750, 200, 410.2651569843292 
1, 6852, 5.1211, 212.0063, 3.125, 4.688, 0.000, 0.000, 300, 610.3460879325867 
1, 6502, 4.9860, 121.3439, 0.000, 4.688, 0.000, 0.438, 400, 812.6169638633728 
1, 6152, 8.4202, 78.2045, 1.562, 9.375, 0.000, 0.500, 500, 1017.3445179462433 
1, 5802, 24.7508, 89.9289, 1.562, 6.250, 0.000, 0.500, 600, 1224.2136940956116 
1, 5452, 14.5377, 63.4419, 0.000, 3.125, 0.000, 0.688, 700, 1433.374567747116 
skipping pruning 148.06002549171447 (148.060025) 100.0
2, 5452, 11.4225, 150.4514, 1.562, 6.250, 0.000, 0.125, 800, 1682.3778476715088 
2, 5102, 5.9677, 69.7828, 3.125, 9.375, 0.000, 0.625, 900, 1894.213186264038 
2, 4752, 7.7631, 86.5228, 1.562, 7.812, 0.000, 0.562, 1000, 2108.154521226883 
2, 4402, 19.7292, 187.6363, 0.000, 4.688, 0.000, 0.125, 1100, 2324.2759730815887 
2, 4052, 6.6574, 96.3157, 4.688, 9.375, 0.000, 0.375, 1200, 2542.698459148407 
2, 3702, 5.7702, 56.8922, 0.000, 10.938, 0.000, 0.750, 1300, 2763.608912706375 
2, 3352, 8.1534, 34.7962, 1.562, 3.125, 0.000, 0.750, 1400, 2986.5425174236298 
2, 3002, 5.0369, 52.5970, 3.125, 7.812, 0.000, 0.625, 1500, 3211.7029337882996 
3, 2302, 6.4502, 38.4673, 0.000, 7.812, 0.000, 0.750, 2400, 3517.9948105812073 
3, 1952, 4.9653, 12.6038, 1.562, 4.688, 0.000, 0.875, 2500, 3748.3154089450836 
3, 1602, 5.5475, 53.6904, 3.125, 7.812, 0.000, 0.562, 2600, 3980.48792386055 
3, 1252, 8.3331, 48.5302, 3.125, 7.812, 0.000, 0.688, 2700, 4214.898683786392 
3, 902, 7.4377, 64.5913, 1.562, 9.375, 0.000, 0.562, 2800, 4452.312549114227 
3, 552, 7.0711, 202.9134, 1.562, 6.250, 0.000, 0.000, 2900, 4691.388592004776 
3, 202, 6.5663, 217.3133, 1.562, 6.250, 0.000, 0.000, 3000, 4933.035218715668 
3, 0, 6.5527, 243.1969, 1.562, 6.250, 0.000, 0.000, 3100, 5176.3800411224365 
Files already downloaded and verified
Files already downloaded and verified
Ignoring network_output argument, using prob and logprob to obtain KL divergence
CIFAR100_resnet50_350_100_0.01_RobustnessDandR_eps1=7.8,_eps2=2.9__64
main_gc.py --dataset=CIFAR100 --model=resnet50 --pruning=True --tensorboard=True --log-interval=100 --pruning_config=./configs/CIFAR100_350_100.json --constraint=RobustnessDandR(eps1=7.8, eps2=2.9) --print-after-epoch=0 --dl2-weight=0.01 --delay=0 --epochs=1000 --adv-after-epoch=0 --batch-size=64 --load_model=./CIFAR100/cifar100_resnet50_best.weights --name=CIFAR100_resnet50_64
pruning_engine.load_mask(): did not find mask file, will load nothing
=> loading checkpoint './CIFAR100/cifar100_resnet50_best.weights'
conv1.weight torch.Size([64, 3, 3, 3])
bn1.weight torch.Size([64])
bn1.bias torch.Size([64])
bn1.running_mean torch.Size([64])
bn1.running_var torch.Size([64])
bn1.num_batches_tracked torch.Size([])
layer1.0.conv1.weight torch.Size([64, 64, 1, 1])
layer1.0.bn1.weight torch.Size([64])
layer1.0.bn1.bias torch.Size([64])
layer1.0.bn1.running_mean torch.Size([64])
layer1.0.bn1.running_var torch.Size([64])
*********
conv1.weight torch.Size([64, 3, 3, 3])
bn1.weight torch.Size([64])
bn1.bias torch.Size([64])
bn1.running_mean torch.Size([64])
bn1.running_var torch.Size([64])
bn1.num_batches_tracked torch.Size([])
layer1.0.conv1.weight torch.Size([64, 64, 1, 1])
layer1.0.bn1.weight torch.Size([64])
layer1.0.bn1.bias torch.Size([64])
layer1.0.bn1.running_mean torch.Size([64])
layer1.0.bn1.running_var torch.Size([64])
=> loaded checkpoint './CIFAR100/cifar100_resnet50_best.weights' (epoch -1)
epoch, neuron_units, loss, dl2_loss, top1, top5, dl2_p_acc, dl2_constraint_acc
1, 7552, 0.8475, 147.0397, 75.000, 100.000, 0.000, 0.125, 100, 212.1474645137787 
1, 7202, 0.2052, 0.0000, 93.750, 100.000, 0.000, 1.000, 200, 409.53211760520935 
1, 6852, 0.6775, 11.8296, 85.938, 96.875, 0.000, 0.938, 300, 609.1139891147614 
1, 6502, 0.6152, 62.8338, 87.500, 95.312, 0.000, 0.500, 400, 810.876606464386 
1, 6152, 0.7740, 206.8162, 76.562, 96.875, 0.000, 0.000, 500, 1015.1101734638214 
1, 5802, 0.5686, 0.0000, 79.688, 98.438, 0.000, 1.000, 600, 1221.574865102768 
1, 5452, 0.7673, 14.9286, 71.875, 96.875, 0.000, 0.938, 700, 1430.1798839569092 
2, 5102, 0.7230, 26.7129, 75.000, 100.000, 0.000, 0.750, 800, 1681.9461870193481 
2, 4752, 1.2610, 51.1733, 68.750, 93.750, 0.000, 0.625, 900, 1895.8710808753967 
2, 4402, 0.9869, 0.0000, 73.438, 92.188, 0.000, 1.000, 1000, 2111.6298248767853 
2, 4052, 1.2859, 217.3846, 73.438, 87.500, 0.000, 0.000, 1100, 2329.542951107025 
2, 3702, 2.8301, 0.0000, 60.938, 85.938, 0.000, 1.000, 1200, 2549.889248609543 
2, 3352, 2.7821, 0.0000, 53.125, 78.125, 0.000, 1.000, 1300, 2772.4162425994873 
2, 3002, 1.4273, 3.5013, 70.312, 93.750, 0.000, 0.875, 1400, 2997.154307603836 
2, 2652, 1.5222, 0.0000, 57.812, 81.250, 0.000, 1.000, 1500, 3224.175745487213 
3, 1952, 4.7987, 210.2602, 34.375, 65.625, 0.000, 0.000, 2400, 3529.071793079376 
3, 1602, 2.7865, 26.3869, 32.812, 79.688, 0.000, 0.812, 2500, 3761.078763484955 
3, 1252, 3.4832, 20.8844, 34.375, 65.625, 0.000, 0.562, 2600, 3995.184755086899 
3, 902, 6.0933, 101.0356, 15.625, 37.500, 0.000, 0.125, 2700, 4231.556069850922 
3, 552, 5.2812, 124.5518, 10.938, 28.125, 0.000, 0.062, 2800, 4470.222167491913 
3, 202, 6.8227, 202.9134, 3.125, 4.688, 0.000, 0.000, 2900, 4711.07967710495 
3, 0, 5.2479, 228.2924, 3.125, 15.625, 0.000, 0.000, 3000, 4954.034466266632 
Traceback (most recent call last):
  File "remove_header.py", line 3, in <module>
    lines = open(sys.argv[1], 'r').readlines()
FileNotFoundError: [Errno 2] No such file or directory: '../CIFAR100_resnet50_128/log_CIFAR100_resnet50_350_100_0.1_RobustnessDandR_eps1=7.8,_eps2=2.9__FGSM.txt'
/cm/local/apps/slurm/var/spool/job204756/slurm_script: line 29: files/CIFAR100_resnet50_350_100_0.1_RobustnessDandR_eps1=7.8,_eps2=2.9__FGSM.txt: No such file or directory
Traceback (most recent call last):
  File "remove_header.py", line 3, in <module>
    lines = open(sys.argv[1], 'r').readlines()
FileNotFoundError: [Errno 2] No such file or directory: '../CIFAR100_resnet50_128/log_CIFAR100_resnet50_350_100_0.01_RobustnessDandR_eps1=7.8,_eps2=2.9__FGSM.txt'
