Traceback (most recent call last):
  File "validate.py", line 760, in <module>
    main()
  File "validate.py", line 741, in main
    top1, loss, inf_time = validate(args, test_loader_constr, model, device, criterion)    
  File "validate.py", line 82, in validate
    output = model(data)
  File "/home/kduncan/.local/lib/python3.6/site-packages/torch/nn/modules/module.py", line 547, in __call__
    result = self.forward(*input, **kwargs)
  File "/home/kduncan/Pruning/models/resnet.py", line 183, in forward
    x = self.conv1(x)
  File "/home/kduncan/.local/lib/python3.6/site-packages/torch/nn/modules/module.py", line 547, in __call__
    result = self.forward(*input, **kwargs)
  File "/home/kduncan/.local/lib/python3.6/site-packages/torch/nn/modules/conv.py", line 343, in forward
    return self.conv2d_forward(input, self.weight)
  File "/home/kduncan/.local/lib/python3.6/site-packages/torch/nn/modules/conv.py", line 340, in conv2d_forward
    self.padding, self.dilation, self.groups)
RuntimeError: Input type (torch.FloatTensor) and weight type (torch.cuda.FloatTensor) should be the same
Files already downloaded and verified
Ignoring network_output argument, using prob and logprob to obtain KL divergence
CIFAR100_resnet50_0_100_0.0_RobustnessDandR_eps1=7.8,_eps2=2.9__64
validate.py --dataset=CIFAR100 --model=resnet50 --tensorboard=True --pruning_config=./configs/CIFAR100_0_100.json --constraint=RobustnessDandR(eps1=7.8, eps2=2.9) --dl2-weight=0.0 --batch-size=64 --name=CIFAR100_res_valid --checkpoint_folder=CIFAR100_res --log_file=process_output/textfiles/log_CIFAR100_resnet50_0_100_0.0_RobustnessDandR_eps1=7.8,_eps2=2.9__64.txt
print_iter, neuron_units, train_loss, train_dl2_loss, train_top1, train_top5, train_cons, train_time, test_loss, test_dl2_loss, test_acc, test_constr, adv_acc1, adv_acc2, test_time
Finding  CIFAR100_res/models/checkpoint_CIFAR100_resnet50_0_100_0.0_RobustnessDandR_eps1=7.8,_eps2=2.9__7552_100_7.812000.weights
=> loading checkpoint 'CIFAR100_res/models/checkpoint_CIFAR100_resnet50_0_100_0.0_RobustnessDandR_eps1=7.8,_eps2=2.9__7552_100_7.812500.weights'
=> loaded checkpoint 'CIFAR100_res/models/checkpoint_CIFAR100_resnet50_0_100_0.0_RobustnessDandR_eps1=7.8,_eps2=2.9__7552_100_7.812500.weights' (epoch -1)
