Files already downloaded and verified
Files already downloaded and verified
CIFAR100_resnet50_350_100_0.1_RobustnessG_eps=0.3,_delta=0.52__64
main_gc.py --dataset=CIFAR100 --model=resnet50 --pruning=True --tensorboard=True --log-interval=100 --pruning_config=./configs/CIFAR100_350_100.json --constraint=RobustnessG(eps=0.3, delta=0.52) --print-after-epoch=0 --dl2-weight=0.1 --delay=0 --epochs=1000 --adv-after-epoch=0 --batch-size=64 --load_model=./CIFAR100_res/best_model.weights --name=CIFAR100_res_64
pruning_engine.load_mask(): did not find mask file, will load nothing
epoch, neuron_units, loss, dl2_loss, top1, top5, dl2_p_acc, dl2_constraint_acc
1, 7552, 0.0027, 0.7394, 100.000, 100.000, 0.000, 0.156, 0, 25.679377794265747 
1, 7552, 0.0126, 0.0018, 100.000, 100.000, 0.000, 0.938, 100, 493.6816756725311 
1, 7202, 0.0150, 0.0024, 100.000, 100.000, 0.000, 0.969, 200, 964.1531810760498 
1, 6852, 0.0242, 0.0000, 98.438, 100.000, 0.000, 1.000, 300, 1436.463457107544 
1, 6502, 0.0060, 0.0000, 100.000, 100.000, 0.000, 1.000, 400, 1910.548475265503 
1, 6152, 0.0223, 0.0125, 98.438, 100.000, 0.000, 0.875, 500, 2386.482977628708 
1, 5802, 0.0324, 0.0000, 100.000, 100.000, 0.000, 1.000, 600, 2864.0733280181885 
1, 5452, 0.1139, 0.0000, 95.312, 100.000, 0.000, 1.000, 700, 3343.632914543152 
2, 4752, 0.1167, 0.0000, 96.875, 100.000, 0.000, 1.000, 800, 3876.3173224925995 
2, 4402, 0.2255, 0.0000, 93.750, 100.000, 0.000, 1.000, 900, 4361.2094938755035 
2, 4052, 0.3151, 0.0000, 90.625, 100.000, 0.000, 1.000, 1000, 4846.831186532974 
2, 3702, 0.3041, 0.0017, 92.188, 100.000, 0.000, 0.969, 1100, 5334.722627162933 
2, 3352, 0.4373, 0.0184, 82.812, 100.000, 0.000, 0.844, 1200, 5824.7640998363495 
2, 3002, 0.5930, 0.0000, 81.250, 98.438, 0.000, 1.000, 1300, 6316.3795773983 
2, 2652, 0.6437, 0.0007, 84.375, 96.875, 0.000, 0.969, 1400, 6809.52330827713 
2, 2302, 0.7586, 0.0000, 78.125, 96.875, 0.000, 1.000, 1500, 7304.21076130867 
3, 1952, 1.0235, 0.0000, 75.000, 90.625, 0.000, 1.000, 2400, 7930.492337465286 
3, 1602, 1.0609, 0.0000, 73.438, 92.188, 0.000, 1.000, 2500, 8429.61281967163 
3, 1252, 1.4103, 0.0110, 56.250, 89.062, 0.000, 0.906, 2600, 8930.346432209015 
3, 902, 1.8659, 0.0002, 50.000, 75.000, 0.000, 0.969, 2700, 9432.606216192245 
3, 552, 2.7356, 0.0000, 25.000, 60.938, 0.000, 1.000, 2800, 9936.87100315094 
3, 202, 3.6574, 0.0140, 14.062, 39.062, 0.000, 0.844, 2900, 10442.980780601501 
3, 0, 3.9909, 0.0002, 15.625, 31.250, 0.000, 0.969, 3000, 10950.651590824127 
Files already downloaded and verified
Files already downloaded and verified
CIFAR100_resnet50_350_100_0.15_RobustnessG_eps=0.3,_delta=0.52__64
main_gc.py --dataset=CIFAR100 --model=resnet50 --pruning=True --tensorboard=True --log-interval=100 --pruning_config=./configs/CIFAR100_350_100.json --constraint=RobustnessG(eps=0.3, delta=0.52) --print-after-epoch=0 --dl2-weight=0.15 --delay=0 --epochs=1000 --adv-after-epoch=0 --batch-size=64 --load_model=./CIFAR100_res/best_model.weights --name=CIFAR100_res_64
pruning_engine.load_mask(): did not find mask file, will load nothing
epoch, neuron_units, loss, dl2_loss, top1, top5, dl2_p_acc, dl2_constraint_acc
1, 7552, 0.0027, 0.5445, 100.000, 100.000, 0.000, 0.156, 0, 24.41277265548706 
1, 7552, 0.0099, 0.0000, 100.000, 100.000, 0.000, 1.000, 100, 494.0337541103363 
1, 7202, 0.0155, 0.0000, 100.000, 100.000, 0.000, 1.000, 200, 966.0159873962402 
1, 6852, 0.0329, 0.0000, 98.438, 100.000, 0.000, 1.000, 300, 1439.9643828868866 
1, 6502, 0.0077, 0.0021, 100.000, 100.000, 0.000, 0.969, 400, 1915.908745765686 
1, 6152, 0.0125, 0.0000, 100.000, 100.000, 0.000, 1.000, 500, 2393.68439912796 
1, 5802, 0.0309, 0.0000, 100.000, 100.000, 0.000, 1.000, 600, 2873.1386725902557 
1, 5452, 0.1015, 0.0127, 95.312, 100.000, 0.000, 0.875, 700, 3354.563132762909 
2, 4752, 0.1055, 0.0000, 96.875, 100.000, 0.000, 1.000, 800, 3887.117348432541 
2, 4402, 0.3767, 0.0063, 84.375, 100.000, 0.000, 0.875, 900, 4373.383056163788 
2, 4052, 0.3582, 0.0030, 89.062, 100.000, 0.000, 0.969, 1000, 4861.333414316177 
2, 3702, 0.3251, 0.0000, 92.188, 100.000, 0.000, 1.000, 1100, 5351.069176197052 
2, 3352, 0.4491, 0.0100, 89.062, 100.000, 0.000, 0.844, 1200, 5842.6366856098175 
2, 3002, 0.5591, 0.0000, 87.500, 96.875, 0.000, 1.000, 1300, 6334.699971914291 
2, 2652, 0.8223, 0.0011, 78.125, 93.750, 0.000, 0.969, 1400, 6828.030545473099 
2, 2302, 0.7645, 0.0000, 82.812, 95.312, 0.000, 1.000, 1500, 7323.100680112839 
3, 1952, 1.2392, 0.0000, 65.625, 93.750, 0.000, 1.000, 2400, 7950.541194438934 
3, 1602, 1.0337, 0.0000, 73.438, 95.312, 0.000, 1.000, 2500, 8451.612044334412 
3, 1252, 1.3928, 0.0000, 62.500, 89.062, 0.000, 1.000, 2600, 8954.645233631134 
3, 902, 1.8330, 0.0130, 50.000, 81.250, 0.000, 0.625, 2700, 9459.552038669586 
3, 552, 2.5716, 0.0000, 28.125, 64.062, 0.000, 1.000, 2800, 9966.376346588135 
3, 202, 3.5360, 0.0012, 15.625, 43.750, 0.000, 0.906, 2900, 10475.243388652802 
3, 0, 3.9649, 0.0000, 15.625, 31.250, 0.000, 1.000, 3000, 10985.528522014618 
Traceback (most recent call last):
  File "remove_header.py", line 3, in <module>
    lines = open(sys.argv[1], 'r').readlines()
FileNotFoundError: [Errno 2] No such file or directory: '../CIFAR100_resnet50_128/log_CIFAR100_resnet50_350_100_0.1_RobustnessG_eps=0.3,_delta=0.52__FGSM.txt'
/cm/local/apps/slurm/var/spool/job204799/slurm_script: line 29: files/CIFAR100_resnet50_350_100_0.1_RobustnessG_eps=0.3,_delta=0.52__FGSM.txt: No such file or directory
Traceback (most recent call last):
  File "remove_header.py", line 3, in <module>
    lines = open(sys.argv[1], 'r').readlines()
FileNotFoundError: [Errno 2] No such file or directory: '../CIFAR100_resnet50_128/log_CIFAR100_resnet50_350_100_0.15_RobustnessG_eps=0.3,_delta=0.52__FGSM.txt'
