usage: main_gc.py [-h] [--use-eps USE_EPS] [--eps EPS] [--eps-const EPS_CONST]
                  [--eps-check EPS_CHECK] [--or {mul,min}] [--cuda CUDA]
                  [--batch-size N] [--test-batch-size N]
                  [--constr-batch-size N] [--world_size WORLD_SIZE]
                  [--epochs N] [--lr LR] [--wd WD]
                  [--lr-decay-every LR_DECAY_EVERY]
                  [--lr-decay-scalar LR_DECAY_SCALAR] [--momentum M]
                  [--no-cuda] [--seed S] [--log-interval N]
                  [--run_test [RUN_TEST]]
                  [--limit_training_batches LIMIT_TRAINING_BATCHES]
                  [--no_grad_clip [NO_GRAD_CLIP]] [--get_flops [GET_FLOPS]]
                  [--get_inference_time [GET_INFERENCE_TIME]] [--mgpu [MGPU]]
                  [--dataset {MNIST,CIFAR10,CIFAR100,Imagenet}] [--data DIR]
                  [--model {lenet3,vgg,mobilenetv2,resnet18,resnet152,resnet50,resnet50_noskip,resnet20,resnet34,resnet101,resnet101_noskip,densenet201_imagenet,densenet121}]
                  [--tensorboard [TENSORBOARD]] [--save_models [SAVE_MODELS]]
                  [--embed] [--num-iters NUM_ITERS] --constraint CONSTRAINT
                  [--network-output {logits,prob,logprob}]
                  [--batch-size-constr BATCH_SIZE_CONSTR]
                  [--print-after-epoch PRINT_AFTER_EPOCH]
                  [--confusion [CONFUSION]]
                  [--print-conf-after-epoch PRINT_CONF_AFTER_EPOCH]
                  [--attack_method ATTACK_METHOD]
                  [--adv-after-epoch ADV_AFTER_EPOCH] [--delay DELAY]
                  [--print-freq PRINT_FREQ] [--dl2-weight DL2_WEIGHT]
                  [--pruning_config PRUNING_CONFIG]
                  [--group_wd_coeff GROUP_WD_COEFF] [--name NAME]
                  [--augment [AUGMENT]] [--load_model LOAD_MODEL]
                  [--pruning [PRUNING]]
                  [--pruning-threshold PRUNING_THRESHOLD]
                  [--pruning-momentum PRUNING_MOMENTUM]
                  [--pruning-step PRUNING_STEP]
                  [--prune_per_iteration PRUNE_PER_ITERATION]
                  [--fixed_layer FIXED_LAYER]
                  [--start_pruning_after_n_iterations START_PRUNING_AFTER_N_ITERATIONS]
                  [--maximum_pruning_iterations MAXIMUM_PRUNING_ITERATIONS]
                  [--starting_neuron STARTING_NEURON]
                  [--prune_neurons_max PRUNE_NEURONS_MAX]
                  [--pruning-method PRUNING_METHOD]
                  [--pruning_fixed_criteria [PRUNING_FIXED_CRITERIA]]
                  [--fixed_network [FIXED_NETWORK]]
                  [--zero_lr_for_epochs ZERO_LR_FOR_EPOCHS]
                  [--dynamic_network [DYNAMIC_NETWORK]]
                  [--use_test_as_train [USE_TEST_AS_TRAIN]]
                  [--pruning_mask_from PRUNING_MASK_FROM]
                  [--compute_flops [COMPUTE_FLOPS]]
main_gc.py: error: argument --batch-size: invalid int value: 'RobustnessDandR(eps1=7.8,'
Traceback (most recent call last):
  File "remove_header.py", line 3, in <module>
    lines = open(sys.argv[1], 'r').readlines()
FileNotFoundError: [Errno 2] No such file or directory: '../CIFAR100_resnet50_256/log_CIFAR100_resnet50_350_100__0.1_FGSM.txt'
