Traceback (most recent call last):
  File "main_gc.py", line 1159, in <module>
    main()
  File "main_gc.py", line 1120, in main
    num_left, new_iter = train(args, model, device, train_loader, optimizer, epoch, criterion, oracle, test_loader_constr, test_loader_adv, print_iter, starttime, pruning_settings, train_writer=train_writer, pruning_engine=pruning_engine)
  File "main_gc.py", line 210, in train
    acc, _ = fgsm_test(model, device, test_loader_adv, e)
  File "main_gc.py", line 484, in fgsm_test
    final_acc = correct/float(length_testset)
ZeroDivisionError: float division by zero
Files already downloaded and verified
Files already downloaded and verified
Ignoring network_output argument, using prob and logprob to obtain KL divergence
CIFAR100_resnet50_350_100_0.1_RobustnessDandR_eps1=7.8,_eps2=2.9__64
main_gc.py --dataset=CIFAR100 --model=resnet50 --pruning=True --tensorboard=True --log-interval=100 --pruning_config=./configs/CIFAR100_350_100.json --constraint=RobustnessDandR(eps1=7.8, eps2=2.9) --print-after-epoch=0 --dl2-weight=0.1 --delay=0 --epochs=1000 --adv-after-epoch=0 --batch-size=64 --load_model=./CIFAR100/cifar100_resnet50_best.weights --name=CIFAR100_resnet50_64
pruning_engine.load_mask(): did not find mask file, will load nothing
=> loading checkpoint './CIFAR100/cifar100_resnet50_best.weights'
conv1.weight torch.Size([64, 3, 3, 3])
bn1.weight torch.Size([64])
bn1.bias torch.Size([64])
bn1.running_mean torch.Size([64])
bn1.running_var torch.Size([64])
bn1.num_batches_tracked torch.Size([])
layer1.0.conv1.weight torch.Size([64, 64, 1, 1])
layer1.0.bn1.weight torch.Size([64])
layer1.0.bn1.bias torch.Size([64])
layer1.0.bn1.running_mean torch.Size([64])
layer1.0.bn1.running_var torch.Size([64])
*********
conv1.weight torch.Size([64, 3, 3, 3])
bn1.weight torch.Size([64])
bn1.bias torch.Size([64])
bn1.running_mean torch.Size([64])
bn1.running_var torch.Size([64])
bn1.num_batches_tracked torch.Size([])
layer1.0.conv1.weight torch.Size([64, 64, 1, 1])
layer1.0.bn1.weight torch.Size([64])
layer1.0.bn1.bias torch.Size([64])
layer1.0.bn1.running_mean torch.Size([64])
layer1.0.bn1.running_var torch.Size([64])
=> loaded checkpoint './CIFAR100/cifar100_resnet50_best.weights' (epoch -1)
epoch, neuron_units, loss, dl2_loss, top1, top5, dl2_p_acc, dl2_constraint_acc
1, 7552, 7.2417, 177.9769, 0.000, 4.688, 0.000, 0.000, 100, 271.9963045120239 
1, 7202, 6.9180, 81.4664, 1.562, 9.375, 0.000, 0.625, 200, 529.7114622592926 
1, 6852, 24.7017, 212.0063, 1.562, 6.250, 0.000, 0.000, 300, 789.1785306930542 
1, 6502, 47.5051, 55.4107, 0.000, 6.250, 0.000, 0.750, 400, 1051.914264202118 
skipping pruning 104.40022222995758 (104.400222) 100.0
slurmstepd: error: *** JOB 204751 ON gpu07 CANCELLED AT 2020-10-22T01:22:26 ***
