Files already downloaded and verified
CIFAR100_resnet50_350_100_0.05_RobustnessG_eps=0.3,_delta=0.52__32
test_models.py --dataset=CIFAR100 --model=resnet50 --tensorboard=True --pruning_config=./configs/CIFAR100_350_100.json --constraint=RobustnessG(eps=0.3, delta=0.52) --dl2-weight=0.05 --batch-size=32 --name=CIFAR100_resnet50_64_final --checkpoint_folder=CIFAR100_resnet50_64 --log_file=process_output/textfiles/log_CIFAR100_resnet50_350_100_0.05_RobustnessG_eps=0.3,_delta=0.52__64.txt
print_iter, neuron_units, train_loss, train_dl2_loss, train_top1, train_top5, train_cons, train_time, test_loss, test_dl2_loss, test_acc, test_constr, adv_acc1, adv_acc2, test_time
Finding  CIFAR100_resnet50_64/models/checkpoint_CIFAR100_resnet50_350_100_0.05_RobustnessG_eps=0.3,_delta=0.52__7552_100_82.812000.weights
=> loading checkpoint 'CIFAR100_resnet50_64/models/checkpoint_CIFAR100_resnet50_350_100_0.05_RobustnessG_eps=0.3,_delta=0.52__7552_100_82.812500.weights'
=> loaded checkpoint 'CIFAR100_resnet50_64/models/checkpoint_CIFAR100_resnet50_350_100_0.05_RobustnessG_eps=0.3,_delta=0.52__7552_100_82.812500.weights' (epoch -1)
0, 7552, 0.3782, 0.6240, 82.812, 100.000, 0.438, 497.6212372779846, 0.0662, 0.0301, 0.678, 0.256, 0.1731, 0.1084, 1312.802491426468 
Finding  CIFAR100_resnet50_64/models/checkpoint_CIFAR100_resnet50_350_100_0.05_RobustnessG_eps=0.3,_delta=0.52__7202_200_95.312000.weights
=> loading checkpoint 'CIFAR100_resnet50_64/models/checkpoint_CIFAR100_resnet50_350_100_0.05_RobustnessG_eps=0.3,_delta=0.52__7202_200_95.312500.weights'
=> loaded checkpoint 'CIFAR100_resnet50_64/models/checkpoint_CIFAR100_resnet50_350_100_0.05_RobustnessG_eps=0.3,_delta=0.52__7202_200_95.312500.weights' (epoch -1)
1, 7202, 0.1322, 0.4915, 95.312, 100.000, 0.531, 979.3132629394531, 0.0722, 0.0141, 0.640, 0.470, 0.1659, 0.0583, 2613.4150750637054 
Finding  CIFAR100_resnet50_64/models/checkpoint_CIFAR100_resnet50_350_100_0.05_RobustnessG_eps=0.3,_delta=0.52__6852_300_82.812000.weights
=> loading checkpoint 'CIFAR100_resnet50_64/models/checkpoint_CIFAR100_resnet50_350_100_0.05_RobustnessG_eps=0.3,_delta=0.52__6852_300_82.812500.weights'
=> loaded checkpoint 'CIFAR100_resnet50_64/models/checkpoint_CIFAR100_resnet50_350_100_0.05_RobustnessG_eps=0.3,_delta=0.52__6852_300_82.812500.weights' (epoch -1)
2, 6852, 0.7528, 0.1073, 82.812, 98.438, 0.688, 1462.7767436504364, 0.0680, 0.0044, 0.620, 0.745, 0.0754, 0.0263, 3903.772975206375 
Finding  CIFAR100_resnet50_64/models/checkpoint_CIFAR100_resnet50_350_100_0.05_RobustnessG_eps=0.3,_delta=0.52__6502_400_93.750000.weights
=> loading checkpoint 'CIFAR100_resnet50_64/models/checkpoint_CIFAR100_resnet50_350_100_0.05_RobustnessG_eps=0.3,_delta=0.52__6502_400_93.750000.weights'
=> loaded checkpoint 'CIFAR100_resnet50_64/models/checkpoint_CIFAR100_resnet50_350_100_0.05_RobustnessG_eps=0.3,_delta=0.52__6502_400_93.750000.weights' (epoch -1)
3, 6502, 0.4313, 0.0500, 93.750, 98.438, 0.938, 1948.1675109863281, 0.0681, 0.0026, 0.617, 0.850, 0.0670, 0.0385, 5190.146545171738 
Finding  CIFAR100_resnet50_64/models/checkpoint_CIFAR100_resnet50_350_100_0.05_RobustnessG_eps=0.3,_delta=0.52__6152_500_84.375000.weights
=> loading checkpoint 'CIFAR100_resnet50_64/models/checkpoint_CIFAR100_resnet50_350_100_0.05_RobustnessG_eps=0.3,_delta=0.52__6152_500_84.375000.weights'
=> loaded checkpoint 'CIFAR100_resnet50_64/models/checkpoint_CIFAR100_resnet50_350_100_0.05_RobustnessG_eps=0.3,_delta=0.52__6152_500_84.375000.weights' (epoch -1)
4, 6152, 0.4561, 0.0451, 84.375, 100.000, 0.844, 2436.2973499298096, 0.0865, 0.0008, 0.529, 0.960, 0.0370, 0.0229, 6460.314635276794 
Finding  CIFAR100_resnet50_64/models/checkpoint_CIFAR100_resnet50_350_100_0.05_RobustnessG_eps=0.3,_delta=0.52__5802_600_79.688000.weights
=> no checkpoint found at ''
