Traceback (most recent call last):
  File "test_models.py", line 801, in <module>
    main()
  File "test_models.py", line 762, in main
    precision_dl2, constr_acc, test_loss, test_loss_dl2 = test_constraints(args, oracle, test_loader_constr, model, device)
  File "test_models.py", line 124, in test_constraints
    cout += 1
UnboundLocalError: local variable 'cout' referenced before assignment
Files already downloaded and verified
CIFAR100_resnet50_350_100_0.0_RobustnessG_eps=0.3,_delta=0.52__32
test_models.py --dataset=CIFAR100 --model=resnet50 --tensorboard=True --pruning_config=./configs/CIFAR100_350_100.json --constraint=RobustnessG(eps=0.3, delta=0.52) --dl2-weight=0.0 --batch-size=32 --name=CIFAR100_res_64_final --checkpoint_folder=CIFAR100_res_64 --log_file=process_output/text/log_CIFAR100_resnet50_350_100_0.0_RobustnessG_eps=0.3,_delta=0.52__64.txt --starting_line=5
print_iter, neuron_units, train_loss, train_dl2_loss, train_top1, train_top5, train_cons, train_time, test_loss, test_dl2_loss, test_acc, test_constr, adv_acc1, adv_acc2, inf_time, test_time
time:  1
time:  2
time:  3
time:  4
time:  5
time:  6
time:  7
time:  8
time:  9
time:  10
time:  11
time:  12
time:  13
time:  14
time:  15
time:  16
time:  17
time:  18
time:  19
time:  20
time:  21
time:  22
time:  23
time:  24
time:  25
time:  26
time:  27
time:  28
time:  29
time:  30
time:  31
time:  32
time:  33
time:  34
time:  35
time:  36
time:  37
time:  38
time:  39
time:  40
time:  41
time:  42
time:  43
time:  44
time:  45
time:  46
time:  47
time:  48
time:  49
time:  50
time:  51
time:  52
time:  53
time:  54
time:  55
time:  56
time:  57
time:  58
time:  59
time:  60
time:  61
time:  62
time:  63
time:  64
time:  65
time:  66
time:  67
time:  68
time:  69
time:  70
time:  71
time:  72
time:  73
time:  74
time:  75
time:  76
time:  77
time:  78
time:  79
time:  80
time:  81
time:  82
time:  83
time:  84
time:  85
time:  86
time:  87
time:  88
time:  89
time:  90
time:  91
time:  92
time:  93
time:  94
time:  95
time:  96
time:  97
time:  98
time:  99
time:  100
time:  101
time:  102
time:  103
time:  104
time:  105
time:  106
time:  107
time:  108
time:  109
time:  110
time:  111
time:  112
time:  113
time:  114
time:  115
time:  116
time:  117
time:  118
time:  119
time:  120
time:  121
time:  122
time:  123
time:  124
time:  125
time:  126
time:  127
time:  128
time:  129
time:  130
time:  131
time:  132
time:  133
time:  134
time:  135
time:  136
time:  137
time:  138
time:  139
time:  140
time:  141
time:  142
time:  143
time:  144
time:  145
time:  146
time:  147
time:  148
time:  149
time:  150
time:  151
time:  152
time:  153
time:  154
time:  155
time:  156
time:  157
time:  158
time:  159
time:  160
time:  161
time:  162
time:  163
time:  164
time:  165
time:  166
time:  167
time:  168
time:  169
time:  170
time:  171
time:  172
time:  173
time:  174
time:  175
time:  176
time:  177
time:  178
time:  179
time:  180
time:  181
time:  182
time:  183
time:  184
time:  185
time:  186
time:  187
time:  188
time:  189
time:  190
time:  191
time:  192
time:  193
time:  194
time:  195
time:  196
time:  197
time:  198
time:  199
time:  200
time:  201
time:  202
time:  203
time:  204
time:  205
time:  206
time:  207
time:  208
time:  209
time:  210
time:  211
time:  212
time:  213
time:  214
time:  215
time:  216
time:  217
time:  218
time:  219
time:  220
time:  221
time:  222
time:  223
time:  224
time:  225
time:  226
time:  227
time:  228
time:  229
time:  230
time:  231
time:  232
time:  233
time:  234
time:  235
time:  236
time:  237
time:  238
time:  239
time:  240
time:  241
time:  242
time:  243
time:  244
time:  245
time:  246
time:  247
time:  248
time:  249
time:  250
time:  251
time:  252
time:  253
time:  254
time:  255
time:  256
time:  257
time:  258
time:  259
time:  260
time:  261
time:  262
time:  263
time:  264
time:  265
time:  266
time:  267
time:  268
time:  269
time:  270
time:  271
time:  272
time:  273
time:  274
time:  275
time:  276
time:  277
time:  278
time:  279
time:  280
time:  281
time:  282
time:  283
time:  284
time:  285
time:  286
time:  287
time:  288
time:  289
time:  290
time:  291
time:  292
time:  293
time:  294
time:  295
time:  296
time:  297
time:  298
time:  299
time:  300
time:  301
time:  302
time:  303
time:  304
time:  305
time:  306
time:  307
time:  308
time:  309
time:  310
time:  311
time:  312
time:  313
