Files already downloaded and verified
Files already downloaded and verified
Ignoring network_output argument, using prob and logprob to obtain KL divergence
CIFAR100_resnet50_350_100_0.2_RobustnessDandR_eps1=7.8,_eps2=2.9__64
main_gc.py --dataset=CIFAR100 --model=resnet50 --pruning=True --tensorboard=True --log-interval=100 --pruning_config=./configs/CIFAR100_350_100.json --constraint=RobustnessDandR(eps1=7.8, eps2=2.9) --print-after-epoch=0 --dl2-weight=0.2 --delay=0 --epochs=1000 --adv-after-epoch=0 --batch-size=64 --load_model=./CIFAR100/cifar100_resnet50_best.weights --name=CIFAR100_resnet50_64
pruning_engine.load_mask(): did not find mask file, will load nothing
=> loading checkpoint './CIFAR100/cifar100_resnet50_best.weights'
conv1.weight torch.Size([64, 3, 3, 3])
bn1.weight torch.Size([64])
bn1.bias torch.Size([64])
bn1.running_mean torch.Size([64])
bn1.running_var torch.Size([64])
bn1.num_batches_tracked torch.Size([])
layer1.0.conv1.weight torch.Size([64, 64, 1, 1])
layer1.0.bn1.weight torch.Size([64])
layer1.0.bn1.bias torch.Size([64])
layer1.0.bn1.running_mean torch.Size([64])
layer1.0.bn1.running_var torch.Size([64])
*********
conv1.weight torch.Size([64, 3, 3, 3])
bn1.weight torch.Size([64])
bn1.bias torch.Size([64])
bn1.running_mean torch.Size([64])
bn1.running_var torch.Size([64])
bn1.num_batches_tracked torch.Size([])
layer1.0.conv1.weight torch.Size([64, 64, 1, 1])
layer1.0.bn1.weight torch.Size([64])
layer1.0.bn1.bias torch.Size([64])
layer1.0.bn1.running_mean torch.Size([64])
layer1.0.bn1.running_var torch.Size([64])
=> loaded checkpoint './CIFAR100/cifar100_resnet50_best.weights' (epoch -1)
epoch, neuron_units, loss, dl2_loss, top1, top5, dl2_p_acc, dl2_constraint_acc
1, 7552, 20.2075, 123.7944, 0.000, 1.562, 0.000, 0.250, 100, 199.09218168258667 
1, 7202, 7.5501, 92.5400, 3.125, 10.938, 0.000, 0.562, 200, 384.3618552684784 
1, 6852, 9.6665, 212.0063, 3.125, 9.375, 0.000, 0.000, 300, 571.5779621601105 
1, 6502, 17.9370, 213.9173, 1.562, 9.375, 0.000, 0.000, 400, 760.5535550117493 
1, 6152, 10.5104, 29.4652, 1.562, 7.812, 0.000, 0.750, 500, 951.4958848953247 
1, 5802, 6.1837, 87.8604, 0.000, 6.250, 0.000, 0.562, 600, 1144.2945251464844 
1, 5452, 11.6464, 47.3890, 0.000, 1.562, 0.000, 0.750, 700, 1339.0474257469177 
2, 5102, 8.7735, 51.0149, 3.125, 6.250, 0.000, 0.562, 800, 1575.8141627311707 
2, 4752, 5.9125, 65.9320, 1.562, 6.250, 0.000, 0.562, 900, 1774.6367025375366 
2, 4402, 7.0955, 200.7482, 0.000, 4.688, 0.000, 0.188, 1000, 1975.2978978157043 
2, 4052, 11.9466, 93.0689, 1.562, 1.562, 0.000, 0.438, 1100, 2177.8715579509735 
2, 3702, 11.8891, 111.4490, 1.562, 10.938, 0.000, 0.375, 1200, 2382.3655154705048 
2, 3352, 8.5220, 51.4727, 1.562, 12.500, 0.000, 0.812, 1300, 2588.663119316101 
2, 3002, 5.7154, 100.2248, 1.562, 7.812, 0.000, 0.500, 1400, 2796.8536388874054 
2, 2652, 7.7938, 214.7729, 1.562, 6.250, 0.000, 0.000, 1500, 3006.994148492813 
3, 1952, 8.0098, 35.7145, 0.000, 7.812, 0.000, 0.750, 2400, 3290.378326177597 
3, 1602, 11.3716, 41.1629, 3.125, 4.688, 0.000, 0.750, 2500, 3504.5354771614075 
3, 1252, 7.4937, 78.6438, 1.562, 12.500, 0.000, 0.438, 2600, 3720.5878007411957 
3, 902, 10.0273, 24.7750, 0.000, 9.375, 0.000, 0.750, 2700, 3938.467855453491 
3, 552, 16.0017, 48.3762, 1.562, 9.375, 0.000, 0.562, 2800, 4158.176478624344 
3, 202, 11.3181, 81.9938, 0.000, 1.562, 0.000, 0.438, 2900, 4379.8756268024445 
3, 0, 7.1084, 228.9629, 0.000, 6.250, 0.000, 0.000, 3000, 4603.285080432892 
Files already downloaded and verified
Files already downloaded and verified
Ignoring network_output argument, using prob and logprob to obtain KL divergence
CIFAR100_resnet50_350_100_0.15_RobustnessDandR_eps1=7.8,_eps2=2.9__64
main_gc.py --dataset=CIFAR100 --model=resnet50 --pruning=True --tensorboard=True --log-interval=100 --pruning_config=./configs/CIFAR100_350_100.json --constraint=RobustnessDandR(eps1=7.8, eps2=2.9) --print-after-epoch=0 --dl2-weight=0.15 --delay=0 --epochs=1000 --adv-after-epoch=0 --batch-size=64 --load_model=./CIFAR100/cifar100_resnet50_best.weights --name=CIFAR100_resnet50_64
pruning_engine.load_mask(): did not find mask file, will load nothing
=> loading checkpoint './CIFAR100/cifar100_resnet50_best.weights'
conv1.weight torch.Size([64, 3, 3, 3])
bn1.weight torch.Size([64])
bn1.bias torch.Size([64])
bn1.running_mean torch.Size([64])
bn1.running_var torch.Size([64])
bn1.num_batches_tracked torch.Size([])
layer1.0.conv1.weight torch.Size([64, 64, 1, 1])
layer1.0.bn1.weight torch.Size([64])
layer1.0.bn1.bias torch.Size([64])
layer1.0.bn1.running_mean torch.Size([64])
layer1.0.bn1.running_var torch.Size([64])
*********
conv1.weight torch.Size([64, 3, 3, 3])
bn1.weight torch.Size([64])
bn1.bias torch.Size([64])
bn1.running_mean torch.Size([64])
bn1.running_var torch.Size([64])
bn1.num_batches_tracked torch.Size([])
layer1.0.conv1.weight torch.Size([64, 64, 1, 1])
layer1.0.bn1.weight torch.Size([64])
layer1.0.bn1.bias torch.Size([64])
layer1.0.bn1.running_mean torch.Size([64])
layer1.0.bn1.running_var torch.Size([64])
=> loaded checkpoint './CIFAR100/cifar100_resnet50_best.weights' (epoch -1)
epoch, neuron_units, loss, dl2_loss, top1, top5, dl2_p_acc, dl2_constraint_acc
1, 7552, 37.2181, 177.9769, 1.562, 10.938, 0.000, 0.000, 100, 199.2221941947937 
skipping pruning 150.60797119140625 (150.607971) 100.0
1, 7552, 15.2544, 253.2309, 3.125, 6.250, 0.000, 0.000, 200, 380.92461252212524 
1, 7202, 8.4375, 94.1519, 3.125, 4.688, 0.000, 0.375, 300, 565.4787194728851 
1, 6852, 15.5118, 61.3798, 1.562, 4.688, 0.000, 0.625, 400, 751.7955555915833 
1, 6502, 64.7809, 19.8497, 1.562, 4.688, 0.000, 0.812, 500, 940.144894361496 
1, 6152, 13.1097, 170.4626, 3.125, 12.500, 0.000, 0.188, 600, 1130.4002075195312 
1, 5802, 29.5939, 31.6158, 0.000, 4.688, 0.000, 0.750, 700, 1322.6033487319946 
2, 5452, 7.5039, 46.0115, 0.000, 4.688, 0.000, 0.688, 800, 1557.0949563980103 
2, 5102, 31.8792, 53.7828, 0.000, 12.500, 0.000, 0.688, 900, 1754.7775938510895 
2, 4752, 11.3023, 15.0475, 1.562, 9.375, 0.000, 0.938, 1000, 1954.4788224697113 
2, 4402, 5.8435, 71.2048, 4.688, 14.062, 0.000, 0.500, 1100, 2155.8277282714844 
2, 4052, 8.4000, 47.3170, 0.000, 4.688, 0.000, 0.562, 1200, 2359.3609166145325 
2, 3702, 8.8788, 17.1564, 3.125, 12.500, 0.000, 0.812, 1300, 2564.4861936569214 
2, 3352, 5.0061, 16.4188, 6.250, 17.188, 0.000, 0.812, 1400, 2771.9471554756165 
2, 3002, 8.9379, 26.8661, 0.000, 4.688, 0.000, 0.812, 1500, 2980.91597700119 
3, 2302, 11.4235, 50.2720, 0.000, 3.125, 0.000, 0.688, 2400, 3266.4817423820496 
3, 1952, 6.9412, 82.8388, 0.000, 3.125, 0.000, 0.562, 2500, 3479.306803703308 
3, 1602, 7.3062, 92.3384, 7.812, 14.062, 0.000, 0.500, 2600, 3693.9691677093506 
3, 1252, 6.0119, 11.4373, 1.562, 10.938, 0.000, 0.938, 2700, 3910.581723213196 
3, 902, 11.8323, 57.2177, 0.000, 4.688, 0.000, 0.625, 2800, 4129.048246383667 
3, 552, 35.9838, 202.9134, 1.562, 7.812, 0.000, 0.000, 2900, 4349.420303344727 
3, 202, 14.8534, 228.9486, 0.000, 6.250, 0.000, 0.000, 3000, 4571.735793590546 
3, 0, 6.3896, 243.1969, 1.562, 3.125, 0.000, 0.000, 3100, 4795.657647371292 
Traceback (most recent call last):
  File "remove_header.py", line 3, in <module>
    lines = open(sys.argv[1], 'r').readlines()
FileNotFoundError: [Errno 2] No such file or directory: '../CIFAR100_resnet50_128/log_CIFAR100_resnet50_350_100_0.2_RobustnessDandR_eps1=7.8,_eps2=2.9__FGSM.txt'
/cm/local/apps/slurm/var/spool/job204757/slurm_script: line 29: files/CIFAR100_resnet50_350_100_0.2_RobustnessDandR_eps1=7.8,_eps2=2.9__FGSM.txt: No such file or directory
Traceback (most recent call last):
  File "remove_header.py", line 3, in <module>
    lines = open(sys.argv[1], 'r').readlines()
FileNotFoundError: [Errno 2] No such file or directory: '../CIFAR100_resnet50_128/log_CIFAR100_resnet50_350_100_0.15_RobustnessDandR_eps1=7.8,_eps2=2.9__FGSM.txt'
