Files already downloaded and verified
Ignoring network_output argument, using prob and logprob to obtain KL divergence
CIFAR100_resnet50_0_100_0.0_RobustnessDandR_eps1=7.8,_eps2=2.9__64
validate.py --dataset=CIFAR100 --model=resnet50 --tensorboard=True --pruning_config=./configs/CIFAR100_0_100.json --constraint=RobustnessDandR(eps1=7.8, eps2=2.9) --dl2-weight=0.0 --batch-size=64 --name=CIFAR100_res_valid --checkpoint_folder=CIFAR100_res --log_file=process_output/textfiles/log_CIFAR100_resnet50_0_100_0.0_RobustnessDandR_eps1=7.8,_eps2=2.9__64.txt --starting_line=600
print_iter, train_iter, train_loss, train_dl2_loss, train_top1, train_top5,  test_loss,  test_acc, inf_time
601, 118172498867330001827528200, 0.0501, 0.0000, 98.438, 100.000, 1.1858, 74.820, 
603, 118172498867330001827528400, 0.0420, 0.0000, 100.000, 100.000, 1.2015, 74.770, 
605, 118172498867330001827528600, 0.0235, 0.0000, 100.000, 100.000, 1.1655, 74.680, 
607, 236344997734660003655056700, 0.0210, 0.0000, 100.000, 100.000, 1.1832, 74.430, 
609, 236344997734660003655056900, 0.0677, 0.0000, 96.875, 100.000, 1.2049, 74.360, 
611, 236344997734660003655057100, 0.0293, 0.0000, 100.000, 100.000, 1.2208, 74.000, 
613, 236344997734660003655057300, 0.0507, 0.0000, 98.438, 100.000, 1.2177, 74.170, 
615, 472689995469320007310114100, 0.0099, 0.0000, 100.000, 100.000, 1.2143, 74.820, 
617, 472689995469320007310114300, 0.0250, 0.0000, 100.000, 100.000, 1.1944, 74.660, 
619, 472689995469320007310114500, 0.0278, 12.7294, 100.000, 100.000, 1.1965, 74.830, 
621, 472689995469320007310114700, 0.0558, 0.0000, 100.000, 100.000, 1.1981, 74.600, 
623, 945379990938640014620228900, 0.0128, 0.0000, 100.000, 100.000, 1.1925, 74.270, 
625, 945379990938640014620229100, 0.0144, 14.0972, 100.000, 100.000, 1.2025, 74.870, 
627, 945379990938640014620229300, 0.0313, 0.0000, 100.000, 100.000, 1.2044, 74.550, 
629, 945379990938640014620229500, 0.0332, 3.6793, 100.000, 100.000, 1.1750, 75.050, 
631, 1890759981877280029240458500, 0.0136, 0.0000, 100.000, 100.000, 1.2228, 74.520, 
633, 1890759981877280029240458700, 0.0699, 15.5628, 95.312, 100.000, 1.2003, 74.800, 
635, 1890759981877280029240458900, 0.0618, 0.0000, 98.438, 100.000, 1.2113, 74.690, 
637, 1890759981877280029240459100, 0.1524, 0.0000, 96.875, 100.000, 1.2077, 74.440, 
639, 3781519963754560058480917800, 0.0132, 0.0000, 100.000, 100.000, 1.1989, 74.570, 
641, 3781519963754560058480918000, 0.0193, 0.0000, 100.000, 100.000, 1.2001, 74.920, 
643, 3781519963754560058480918200, 0.0411, 0.0000, 100.000, 100.000, 1.1792, 75.060, 
645, 3781519963754560058480918400, 0.0616, 7.6520, 100.000, 100.000, 1.1899, 74.620, 
647, 7563039927509120116961836300, 0.0425, 21.8182, 98.438, 100.000, 1.2159, 73.860, 
649, 7563039927509120116961836500, 0.0364, 0.0000, 100.000, 100.000, 1.2224, 74.140, 
651, 7563039927509120116961836700, 0.0779, 0.0000, 98.438, 100.000, 1.1973, 74.580, 
653, 7563039927509120116961836900, 0.0294, 0.0000, 100.000, 100.000, 1.1920, 74.520, 
655, 15126079855018240233923673400, 0.0623, 0.0000, 98.438, 100.000, 1.1995, 74.330, 
657, 15126079855018240233923673600, 0.0524, 0.0000, 98.438, 100.000, 1.2114, 74.490, 
659, 15126079855018240233923673800, 0.0595, 0.0000, 98.438, 100.000, 1.2062, 74.400, 
661, 15126079855018240233923674000, 0.0539, 9.4255, 98.438, 100.000, 1.2115, 74.350, 
663, 30252159710036480467847347500, 0.0470, 0.0000, 98.438, 100.000, 1.2030, 74.510, 
665, 30252159710036480467847347700, 0.0086, 0.0000, 100.000, 100.000, 1.2312, 74.450, 
667, 30252159710036480467847347900, 0.0811, 0.0000, 96.875, 100.000, 1.2381, 73.630, 
669, 30252159710036480467847348100, 0.0737, 0.0000, 96.875, 100.000, 1.2350, 73.910, 
671, 60504319420072960935694695700, 0.1080, 0.0000, 93.750, 100.000, 1.2356, 73.650, 
673, 60504319420072960935694695900, 0.0418, 5.7901, 100.000, 100.000, 1.2376, 74.160, 
675, 60504319420072960935694696100, 0.0440, 0.0000, 100.000, 100.000, 1.1962, 74.320, 
677, 60504319420072960935694696300, 0.0263, 0.0000, 100.000, 100.000, 1.2198, 74.590, 
679, 121008638840145921871389392200, 0.0619, 0.0000, 96.875, 100.000, 1.2271, 74.080, 
681, 121008638840145921871389392400, 0.0127, 0.0000, 100.000, 100.000, 1.2164, 74.570, 
683, 121008638840145921871389392600, 0.0541, 0.0000, 98.438, 100.000, 1.2241, 74.320, 
685, 121008638840145921871389392800, 0.0296, 0.0000, 100.000, 100.000, 1.2092, 74.450, 
687, 242017277680291843742778785200, 0.0317, 0.0000, 98.438, 100.000, 1.2344, 74.040, 
689, 242017277680291843742778785400, 0.0178, 0.0000, 100.000, 100.000, 1.2403, 73.670, 
691, 242017277680291843742778785600, 0.0506, 0.0000, 98.438, 100.000, 1.2079, 74.250, 
693, 484034555360583687485557570900, 0.0970, 12.2099, 96.875, 100.000, 1.2219, 74.270, 
695, 484034555360583687485557571100, 0.0390, 19.2984, 98.438, 100.000, 1.2255, 73.860, 
697, 484034555360583687485557571300, 0.0185, 0.0000, 100.000, 100.000, 1.2070, 74.650, 
699, 484034555360583687485557571500, 0.0592, 0.0000, 98.438, 100.000, 1.2288, 73.890, 
701, 968069110721167374971115142500, 0.0094, 0.0000, 100.000, 100.000, 1.2281, 73.690, 
703, 968069110721167374971115142700, 0.0438, 0.0000, 98.438, 100.000, 1.2308, 74.100, 
705, 968069110721167374971115142900, 0.0231, 12.7122, 100.000, 100.000, 1.2084, 73.960, 
707, 968069110721167374971115143100, 0.0474, 0.0000, 100.000, 100.000, 1.1951, 74.500, 
709, 1936138221442334749942230285700, 0.0148, 0.0000, 100.000, 100.000, 1.2147, 74.030, 
711, 1936138221442334749942230285900, 0.0576, 0.0000, 98.438, 100.000, 1.1739, 74.630, 
713, 1936138221442334749942230286100, 0.0165, 8.8633, 100.000, 100.000, 1.2213, 74.530, 
715, 1936138221442334749942230286300, 0.0346, 0.0000, 100.000, 100.000, 1.2166, 73.850, 
717, 3872276442884669499884460572000, 0.0327, 0.0000, 100.000, 100.000, 1.2096, 74.200, 
719, 3872276442884669499884460572200, 0.0172, 0.0000, 100.000, 100.000, 1.2464, 74.120, 
721, 3872276442884669499884460572400, 0.0242, 0.0000, 100.000, 100.000, 1.2205, 73.730, 
723, 3872276442884669499884460572600, 0.0342, 10.8918, 100.000, 100.000, 1.1983, 74.440, 
725, 7744552885769338999768921144700, 0.0173, 0.0000, 100.000, 100.000, 1.2277, 74.060, 
727, 7744552885769338999768921144900, 0.0354, 0.0000, 98.438, 100.000, 1.2597, 73.590, 
729, 7744552885769338999768921145100, 0.0286, 0.0000, 100.000, 100.000, 1.2067, 74.320, 
731, 7744552885769338999768921145300, 0.1350, 8.3708, 95.312, 100.000, 1.2292, 73.880, 
733, 15489105771538677999537842290100, 0.0059, 11.3237, 100.000, 100.000, 1.2597, 73.480, 
735, 15489105771538677999537842290300, 0.0314, 0.0000, 100.000, 100.000, 1.2317, 73.370, 
737, 15489105771538677999537842290500, 0.0851, 0.0000, 96.875, 100.000, 1.2232, 73.790, 
739, 30978211543077355999075684580600, 0.0348, 0.0000, 100.000, 100.000, 1.3037, 72.770, 
741, 30978211543077355999075684580800, 0.0711, 0.0000, 96.875, 100.000, 1.2330, 73.600, 
743, 30978211543077355999075684581000, 0.0855, 0.0000, 98.438, 100.000, 1.2519, 73.760, 
745, 30978211543077355999075684581200, 0.1508, 0.0000, 95.312, 100.000, 1.2804, 73.210, 
747, 61956423086154711998151369162000, 0.0387, 0.0000, 100.000, 100.000, 1.2313, 73.750, 
749, 61956423086154711998151369162200, 0.0493, 0.0000, 98.438, 100.000, 1.2384, 73.730, 
751, 61956423086154711998151369162400, 0.0707, 9.3480, 98.438, 100.000, 1.2766, 73.250, 
753, 61956423086154711998151369162600, 0.0212, 0.0000, 100.000, 100.000, 1.2206, 74.320, 
755, 123912846172309423996302738324800, 0.0585, 0.0000, 98.438, 100.000, 1.2462, 73.390, 
757, 123912846172309423996302738325000, 0.0498, 13.6296, 98.438, 100.000, 1.2193, 73.450, 
759, 123912846172309423996302738325200, 0.0191, 0.0000, 100.000, 100.000, 1.2949, 72.850, 
761, 123912846172309423996302738325400, 0.1441, 0.0000, 95.312, 100.000, 1.2732, 72.870, 
763, 247825692344618847992605476650300, 0.0500, 0.0000, 98.438, 100.000, 1.2965, 72.830, 
765, 247825692344618847992605476650500, 0.0273, 0.0000, 100.000, 100.000, 1.2249, 74.180, 
767, 247825692344618847992605476650700, 0.0888, 0.0000, 98.438, 100.000, 1.2521, 73.060, 
769, 247825692344618847992605476650900, 0.0761, 0.0000, 96.875, 100.000, 1.2667, 72.880, 
771, 495651384689237695985210953301300, 0.0538, 0.0000, 98.438, 100.000, 1.2291, 73.440, 
773, 495651384689237695985210953301500, 0.0557, 13.7896, 98.438, 100.000, 1.2598, 72.870, 
775, 495651384689237695985210953301700, 0.0514, 7.3302, 98.438, 100.000, 1.2583, 73.110, 
777, 495651384689237695985210953301900, 0.1184, 0.0000, 96.875, 100.000, 1.2607, 73.210, 
779, 991302769378475391970421906603300, 0.0621, 0.0000, 96.875, 100.000, 1.1863, 74.220, 
781, 991302769378475391970421906603500, 0.0532, 0.0000, 98.438, 100.000, 1.2572, 72.970, 
783, 991302769378475391970421906603700, 0.1951, 0.0000, 93.750, 100.000, 1.2529, 72.810, 
785, 991302769378475391970421906603900, 0.0903, 0.0000, 95.312, 100.000, 1.2519, 73.270, 
787, 1982605538756950783940843813207300, 0.0623, 0.0000, 98.438, 100.000, 1.2547, 72.900, 
789, 1982605538756950783940843813207500, 0.0355, 0.0000, 98.438, 100.000, 1.2740, 72.510, 
791, 1982605538756950783940843813207700, 0.0382, 19.7476, 100.000, 100.000, 1.2646, 73.140, 
793, 1982605538756950783940843813207900, 0.0981, 0.0000, 96.875, 100.000, 1.3023, 72.470, 
795, 3965211077513901567881687626415400, 0.0604, 0.0000, 98.438, 100.000, 1.2435, 73.070, 
797, 3965211077513901567881687626415600, 0.0463, 0.0000, 96.875, 100.000, 1.2479, 73.260, 
799, 3965211077513901567881687626415800, 0.0668, 0.0000, 100.000, 100.000, 1.2699, 72.570, 
801, 3965211077513901567881687626416000, 0.0267, 0.0000, 100.000, 100.000, 1.2776, 72.680, 
803, 7930422155027803135763375252831500, 0.0601, 10.9522, 98.438, 100.000, 1.2723, 72.330, 
805, 7930422155027803135763375252831700, 0.0957, 0.0000, 98.438, 98.438, 1.3321, 72.100, 
807, 7930422155027803135763375252831900, 0.0622, 0.0000, 98.438, 100.000, 1.2015, 73.790, 
809, 7930422155027803135763375252832100, 0.0430, 0.0000, 100.000, 100.000, 1.2683, 73.240, 
811, 15860844310055606271526750505663800, 0.0241, 0.0000, 100.000, 100.000, 1.2722, 73.290, 
813, 15860844310055606271526750505664000, 0.1325, 0.0000, 96.875, 100.000, 1.2412, 73.120, 
815, 15860844310055606271526750505664200, 0.0477, 0.0000, 98.438, 100.000, 1.2690, 72.790, 
817, 15860844310055606271526750505664400, 0.0260, 13.8171, 100.000, 100.000, 1.3176, 71.980, 
819, 31721688620111212543053501011328300, 0.0425, 3.2973, 98.438, 100.000, 1.2917, 72.160, 
821, 31721688620111212543053501011328500, 0.0229, 0.0000, 100.000, 100.000, 1.2898, 72.470, 
823, 31721688620111212543053501011328700, 0.0999, 2.2605, 95.312, 100.000, 1.2913, 72.280, 
825, 31721688620111212543053501011328900, 0.0257, 0.0000, 100.000, 100.000, 1.2855, 72.080, 
827, 63443377240222425086107002022657300, 0.0572, 0.0000, 98.438, 100.000, 1.2907, 72.250, 
829, 63443377240222425086107002022657500, 0.0072, 0.0000, 100.000, 100.000, 1.2510, 73.200, 
831, 63443377240222425086107002022657700, 0.0545, 0.0000, 98.438, 100.000, 1.2839, 72.630, 
833, 63443377240222425086107002022657900, 0.1414, 0.0000, 93.750, 100.000, 1.3164, 71.140, 
835, 126886754480444850172214004045315400, 0.0655, 0.0000, 98.438, 100.000, 1.2416, 72.760, 
837, 126886754480444850172214004045315600, 0.0822, 7.8759, 96.875, 100.000, 1.2534, 72.350, 
839, 126886754480444850172214004045315800, 0.0121, 0.0000, 100.000, 100.000, 1.2965, 72.410, 
841, 126886754480444850172214004045316000, 0.0871, 0.0000, 96.875, 100.000, 1.2605, 72.080, 
843, 253773508960889700344428008090631600, 0.0429, 0.0000, 100.000, 100.000, 1.2884, 72.310, 
845, 253773508960889700344428008090631800, 0.0697, 0.0000, 96.875, 100.000, 1.2809, 72.280, 
847, 253773508960889700344428008090632000, 0.0874, 0.0000, 96.875, 100.000, 1.3014, 71.860, 
849, 507547017921779400688856016181263700, 0.0431, 0.0000, 98.438, 100.000, 1.2841, 72.750, 
851, 507547017921779400688856016181263900, 0.0977, 0.0000, 95.312, 100.000, 1.3478, 71.250, 
853, 507547017921779400688856016181264100, 0.0656, 0.0000, 98.438, 100.000, 1.2832, 72.210, 
855, 507547017921779400688856016181264300, 0.1430, 0.0000, 93.750, 100.000, 1.3275, 71.910, 
857, 1015094035843558801377712032362528100, 0.0884, 0.0000, 98.438, 100.000, 1.2758, 72.030, 
859, 1015094035843558801377712032362528300, 0.0225, 0.0000, 100.000, 100.000, 1.2656, 71.880, 
861, 1015094035843558801377712032362528500, 0.0617, 0.0000, 96.875, 100.000, 1.2774, 72.560, 
863, 1015094035843558801377712032362528700, 0.0507, 0.0000, 98.438, 100.000, 1.2533, 72.780, 
865, 2030188071687117602755424064725056900, 0.0558, 0.0000, 98.438, 100.000, 1.2877, 72.710, 
867, 2030188071687117602755424064725057100, 0.0349, 0.0000, 100.000, 100.000, 1.2697, 71.840, 
869, 2030188071687117602755424064725057300, 0.1524, 0.0000, 95.312, 100.000, 1.3060, 71.820, 
871, 2030188071687117602755424064725057500, 0.1032, 10.3190, 95.312, 100.000, 1.3338, 71.550, 
873, 4060376143374235205510848129450114400, 0.1412, 0.0000, 95.312, 100.000, 1.2915, 71.910, 
875, 4060376143374235205510848129450114600, 0.0492, 0.0000, 96.875, 100.000, 1.3142, 71.490, 
877, 4060376143374235205510848129450114800, 0.1145, 0.0000, 96.875, 100.000, 1.3176, 71.880, 
879, 4060376143374235205510848129450115000, 0.1049, 16.3681, 95.312, 100.000, 1.2932, 72.070, 
881, 8120752286748470411021696258900229500, 0.0174, 0.0000, 100.000, 100.000, 1.2831, 72.330, 
883, 8120752286748470411021696258900229700, 0.0780, 0.0000, 98.438, 100.000, 1.2748, 72.350, 
885, 8120752286748470411021696258900229900, 0.0444, 0.0000, 98.438, 100.000, 1.2877, 72.200, 
887, 8120752286748470411021696258900230100, 0.0930, 12.0159, 98.438, 100.000, 1.2901, 72.510, 
889, 16241504573496940822043392517800459700, 0.0749, 0.0000, 96.875, 100.000, 1.3297, 72.310, 
891, 16241504573496940822043392517800459900, 0.0290, 0.0000, 100.000, 100.000, 1.2942, 72.480, 
893, 16241504573496940822043392517800460100, 0.0318, 0.0000, 100.000, 100.000, 1.3096, 72.470, 
895, 32483009146993881644086785035600919800, 0.0597, 0.0000, 100.000, 100.000, 1.3130, 72.410, 
897, 32483009146993881644086785035600920000, 0.0365, 0.0000, 100.000, 100.000, 1.4565, 70.770, 
899, 32483009146993881644086785035600920200, 0.0323, 0.0000, 100.000, 100.000, 1.2780, 72.260, 
901, 32483009146993881644086785035600920400, 0.0899, 0.0000, 95.312, 100.000, 1.2998, 71.750, 
903, 64966018293987763288173570071201840400, 0.0466, 0.0000, 98.438, 100.000, 1.2970, 72.040, 
905, 64966018293987763288173570071201840600, 0.0282, 0.0000, 100.000, 100.000, 1.2460, 73.620, 
907, 64966018293987763288173570071201840800, 0.0607, 0.0000, 98.438, 100.000, 1.2490, 73.340, 
909, 64966018293987763288173570071201841000, 0.0782, 0.0000, 98.438, 100.000, 1.3598, 71.400, 
911, 129932036587975526576347140142403681600, 0.0306, 0.0000, 98.438, 100.000, 1.3110, 72.410, 
913, 129932036587975526576347140142403681800, 0.0302, 0.0000, 100.000, 100.000, 1.3409, 71.670, 
915, 129932036587975526576347140142403682000, 0.0905, 0.0000, 96.875, 100.000, 1.3075, 72.180, 
917, 129932036587975526576347140142403682200, 0.0774, 7.0351, 98.438, 100.000, 1.3029, 72.180, 
919, 259864073175951053152694280284807363900, 0.1417, 0.0000, 95.312, 100.000, 1.3444, 71.210, 
921, 259864073175951053152694280284807364100, 0.0533, 0.0000, 98.438, 100.000, 1.2958, 72.230, 
923, 259864073175951053152694280284807364300, 0.0506, 11.8609, 100.000, 100.000, 1.3105, 71.950, 
925, 259864073175951053152694280284807364500, 0.0714, 0.0000, 96.875, 100.000, 1.2826, 71.990, 
927, 519728146351902106305388560569614728500, 0.0896, 0.0000, 98.438, 100.000, 1.1954, 73.930, 
929, 519728146351902106305388560569614728700, 0.0379, 0.0000, 100.000, 100.000, 1.1269, 75.020, 
931, 519728146351902106305388560569614728900, 0.0112, 0.0000, 100.000, 100.000, 1.1252, 75.580, 
933, 519728146351902106305388560569614729100, 0.0077, 0.0000, 100.000, 100.000, 1.1182, 75.370, 
935, 1039456292703804212610777121139229457700, 0.0097, 0.0000, 100.000, 100.000, 1.1171, 75.690, 
937, 1039456292703804212610777121139229457900, 0.0276, 0.0000, 100.000, 100.000, 1.1171, 75.820, 
939, 1039456292703804212610777121139229458100, 0.0037, 0.0000, 100.000, 100.000, 1.1163, 75.650, 
941, 1039456292703804212610777121139229458300, 0.0436, 11.5689, 98.438, 100.000, 1.1176, 75.810, 
943, 2078912585407608425221554242278458916100, 0.0140, 0.0000, 100.000, 100.000, 1.1213, 75.800, 
945, 2078912585407608425221554242278458916300, 0.0044, 28.8656, 100.000, 100.000, 1.1167, 75.800, 
947, 2078912585407608425221554242278458916500, 0.0115, 0.0000, 100.000, 100.000, 1.1121, 75.790, 
949, 2078912585407608425221554242278458916700, 0.0033, 0.0000, 100.000, 100.000, 1.1102, 76.030, 
951, 4157825170815216850443108484556917833000, 0.0043, 0.0000, 100.000, 100.000, 1.1131, 75.990, 
953, 4157825170815216850443108484556917833200, 0.0102, 0.0000, 100.000, 100.000, 1.1154, 75.990, 
955, 4157825170815216850443108484556917833400, 0.0048, 0.0000, 100.000, 100.000, 1.1183, 76.200, 
957, 4157825170815216850443108484556917833600, 0.0102, 0.0000, 100.000, 100.000, 1.1125, 76.020, 
959, 8315650341630433700886216969113835666700, 0.0060, 0.0000, 100.000, 100.000, 1.1193, 76.060, 
961, 8315650341630433700886216969113835666900, 0.0055, 0.0000, 100.000, 100.000, 1.1099, 76.310, 
963, 8315650341630433700886216969113835667100, 0.0043, 0.0000, 100.000, 100.000, 1.1215, 76.210, 
965, 8315650341630433700886216969113835667300, 0.0057, 0.0000, 100.000, 100.000, 1.1225, 76.210, 
967, 16631300683260867401772433938227671334200, 0.0053, 0.0000, 100.000, 100.000, 1.1277, 76.180, 
969, 16631300683260867401772433938227671334400, 0.0038, 0.0000, 100.000, 100.000, 1.1227, 76.320, 
971, 16631300683260867401772433938227671334600, 0.0204, 0.0000, 98.438, 100.000, 1.1189, 76.220, 
973, 16631300683260867401772433938227671334800, 0.0040, 11.8067, 100.000, 100.000, 1.1224, 75.900, 
975, 33262601366521734803544867876455342669100, 0.0032, 0.0000, 100.000, 100.000, 1.1230, 76.100, 
977, 33262601366521734803544867876455342669300, 0.0055, 0.0000, 100.000, 100.000, 1.1170, 76.120, 
979, 33262601366521734803544867876455342669500, 0.0058, 12.1620, 100.000, 100.000, 1.1202, 76.100, 
981, 33262601366521734803544867876455342669700, 0.0044, 11.9838, 100.000, 100.000, 1.1139, 76.040, 
983, 66525202733043469607089735752910685338900, 0.0016, 0.0000, 100.000, 100.000, 1.1212, 76.030, 
985, 66525202733043469607089735752910685339100, 0.0018, 8.2235, 100.000, 100.000, 1.1227, 76.160, 
987, 66525202733043469607089735752910685339300, 0.0034, 0.0000, 100.000, 100.000, 1.1210, 76.150, 
989, 66525202733043469607089735752910685339500, 0.0034, 0.0000, 100.000, 100.000, 1.1196, 76.280, 
991, 133050405466086939214179471505821370678600, 0.0080, 0.0000, 100.000, 100.000, 1.1238, 76.160, 
993, 133050405466086939214179471505821370678800, 0.0014, 0.0000, 100.000, 100.000, 1.1221, 76.260, 
995, 133050405466086939214179471505821370679000, 0.0025, 0.0000, 100.000, 100.000, 1.1129, 76.190, 
997, 133050405466086939214179471505821370679200, 0.0025, 0.0000, 100.000, 100.000, 1.1236, 76.200, 
999, 266100810932173878428358943011642741358000, 0.0028, 0.0000, 100.000, 100.000, 1.1150, 76.340, 
1001, 266100810932173878428358943011642741358200, 0.0038, 0.0000, 100.000, 100.000, 1.1192, 76.420, 
1003, 266100810932173878428358943011642741358400, 0.0057, 13.1382, 100.000, 100.000, 1.1157, 76.410, 
1005, 532201621864347756856717886023285482716500, 0.0049, 0.0000, 100.000, 100.000, 1.1137, 76.310, 
1007, 532201621864347756856717886023285482716700, 0.0057, 0.0000, 100.000, 100.000, 1.1197, 76.120, 
1009, 532201621864347756856717886023285482716900, 0.0029, 0.0000, 100.000, 100.000, 1.1203, 76.440, 
1011, 532201621864347756856717886023285482717100, 0.0046, 0.0000, 100.000, 100.000, 1.1178, 76.350, 
1013, 1064403243728695513713435772046570965433700, 0.0041, 25.7962, 100.000, 100.000, 1.1225, 76.280, 
1015, 1064403243728695513713435772046570965433900, 0.0026, 0.0000, 100.000, 100.000, 1.1221, 76.380, 
1017, 1064403243728695513713435772046570965434100, 0.0030, 6.2928, 100.000, 100.000, 1.1163, 76.380, 
1019, 1064403243728695513713435772046570965434300, 0.0059, 27.7172, 100.000, 100.000, 1.1194, 76.460, 
1021, 2128806487457391027426871544093141930868100, 0.0062, 0.0000, 100.000, 100.000, 1.1175, 76.430, 
1023, 2128806487457391027426871544093141930868300, 0.0032, 12.4075, 100.000, 100.000, 1.1181, 76.440, 
1025, 2128806487457391027426871544093141930868500, 0.0106, 16.5128, 100.000, 100.000, 1.1265, 76.430, 
1027, 2128806487457391027426871544093141930868700, 0.0013, 0.0000, 100.000, 100.000, 1.1223, 76.620, 
1029, 4257612974914782054853743088186283861736800, 0.0034, 14.3416, 100.000, 100.000, 1.1263, 76.510, 
1031, 4257612974914782054853743088186283861737000, 0.0046, 0.0000, 100.000, 100.000, 1.1188, 76.480, 
1033, 4257612974914782054853743088186283861737200, 0.0065, 0.0000, 100.000, 100.000, 1.1235, 76.410, 
1035, 4257612974914782054853743088186283861737400, 0.0029, 0.0000, 100.000, 100.000, 1.1249, 76.580, 
1037, 8515225949829564109707486176372567723474300, 0.0031, 0.0000, 100.000, 100.000, 1.1260, 76.450, 
1039, 8515225949829564109707486176372567723474500, 0.0014, 0.0000, 100.000, 100.000, 1.1271, 76.220, 
1041, 8515225949829564109707486176372567723474700, 0.0029, 0.0000, 100.000, 100.000, 1.1212, 76.620, 
1043, 8515225949829564109707486176372567723474900, 0.0022, 0.0000, 100.000, 100.000, 1.1159, 76.520, 
1045, 17030451899659128219414972352745135446949300, 0.0039, 0.0000, 100.000, 100.000, 1.1219, 76.480, 
1047, 17030451899659128219414972352745135446949500, 0.0041, 0.0000, 100.000, 100.000, 1.1100, 76.430, 
1049, 17030451899659128219414972352745135446949700, 0.0046, 0.0000, 100.000, 100.000, 1.1142, 76.360, 
1051, 34060903799318256438829944705490270893899000, 0.0030, 0.0000, 100.000, 100.000, 1.1217, 76.430, 
1053, 34060903799318256438829944705490270893899200, 0.0224, 0.0000, 98.438, 100.000, 1.1198, 76.460, 
1055, 34060903799318256438829944705490270893899400, 0.0016, 0.0000, 100.000, 100.000, 1.1141, 76.430, 
1057, 34060903799318256438829944705490270893899600, 0.0034, 0.0000, 100.000, 100.000, 1.1127, 76.500, 
1059, 68121807598636512877659889410980541787798800, 0.0038, 0.0000, 100.000, 100.000, 1.1277, 76.470, 
1061, 68121807598636512877659889410980541787799000, 0.0073, 13.3871, 100.000, 100.000, 1.1141, 76.730, 
1063, 68121807598636512877659889410980541787799200, 0.0024, 0.0000, 100.000, 100.000, 1.1080, 76.470, 
1065, 68121807598636512877659889410980541787799400, 0.0024, 0.0000, 100.000, 100.000, 1.1084, 76.580, 
1067, 136243615197273025755319778821961083575598400, 0.0057, 9.1733, 100.000, 100.000, 1.1167, 76.510, 
1069, 136243615197273025755319778821961083575598600, 0.0032, 0.0000, 100.000, 100.000, 1.1077, 76.470, 
1071, 136243615197273025755319778821961083575598800, 0.0032, 0.0000, 100.000, 100.000, 1.1120, 76.460, 
1073, 136243615197273025755319778821961083575599000, 0.0026, 0.0000, 100.000, 100.000, 1.1149, 76.400, 
1075, 272487230394546051510639557643922167151197500, 0.0032, 0.0000, 100.000, 100.000, 1.1076, 76.660, 
1077, 272487230394546051510639557643922167151197700, 0.0010, 0.0000, 100.000, 100.000, 1.1066, 76.460, 
1079, 272487230394546051510639557643922167151197900, 0.0073, 0.0000, 100.000, 100.000, 1.1119, 76.590, 
1081, 272487230394546051510639557643922167151198100, 0.0029, 0.0000, 100.000, 100.000, 1.1059, 76.620, 
1083, 544974460789092103021279115287844334302395700, 0.0016, 11.2669, 100.000, 100.000, 1.1101, 76.510, 
1085, 544974460789092103021279115287844334302395900, 0.0023, 0.0000, 100.000, 100.000, 1.1104, 76.770, 
1087, 544974460789092103021279115287844334302396100, 0.0062, 0.0000, 100.000, 100.000, 1.1109, 76.610, 
1089, 544974460789092103021279115287844334302396300, 0.0011, 0.0000, 100.000, 100.000, 1.1070, 76.740, 
1091, 1089948921578184206042558230575688668604792100, 0.0155, 0.0000, 98.438, 100.000, 1.1103, 76.750, 
1093, 1089948921578184206042558230575688668604792300, 0.0043, 0.0000, 100.000, 100.000, 1.1093, 76.550, 
1095, 1089948921578184206042558230575688668604792500, 0.0028, 0.0000, 100.000, 100.000, 1.1116, 76.510, 
1097, 1089948921578184206042558230575688668604792700, 0.0038, 16.2479, 100.000, 100.000, 1.1105, 76.450, 
1099, 2179897843156368412085116461151377337209584900, 0.0008, 0.0000, 100.000, 100.000, 1.1066, 76.690, 
1101, 2179897843156368412085116461151377337209585100, 0.0036, 0.0000, 100.000, 100.000, 1.1097, 76.610, 
1103, 2179897843156368412085116461151377337209585300, 0.0026, 0.0000, 100.000, 100.000, 1.1070, 76.650, 
1105, 2179897843156368412085116461151377337209585500, 0.0019, 11.9596, 100.000, 100.000, 1.1076, 76.530, 
1107, 4359795686312736824170232922302754674419170600, 0.0019, 0.0000, 100.000, 100.000, 1.1065, 76.940, 
1109, 4359795686312736824170232922302754674419170800, 0.0056, 0.0000, 100.000, 100.000, 1.1094, 76.670, 
1111, 4359795686312736824170232922302754674419171000, 0.0029, 0.0000, 100.000, 100.000, 1.1083, 76.710, 
1113, 4359795686312736824170232922302754674419171200, 0.0044, 0.0000, 100.000, 100.000, 1.1064, 76.490, 
1115, 8719591372625473648340465844605509348838341900, 0.0034, 0.0000, 100.000, 100.000, 1.1147, 76.610, 
1117, 8719591372625473648340465844605509348838342100, 0.0021, 12.8430, 100.000, 100.000, 1.1058, 76.690, 
1119, 8719591372625473648340465844605509348838342300, 0.0036, 0.0000, 100.000, 100.000, 1.1043, 76.770, 
1121, 8719591372625473648340465844605509348838342500, 0.0020, 0.0000, 100.000, 100.000, 1.0968, 76.780, 
1123, 17439182745250947296680931689211018697676684600, 0.0016, 0.0000, 100.000, 100.000, 1.1015, 76.540, 
1125, 17439182745250947296680931689211018697676684800, 0.0019, 0.0000, 100.000, 100.000, 1.1040, 76.690, 
1127, 17439182745250947296680931689211018697676685000, 0.0050, 0.0000, 100.000, 100.000, 1.1036, 76.760, 
1129, 17439182745250947296680931689211018697676685200, 0.0012, 13.5176, 100.000, 100.000, 1.1047, 76.630, 
1131, 34878365490501894593361863378422037395353369900, 0.0046, 11.2004, 100.000, 100.000, 1.1036, 76.660, 
1133, 34878365490501894593361863378422037395353370100, 0.0015, 0.0000, 100.000, 100.000, 1.0997, 76.650, 
1135, 34878365490501894593361863378422037395353370300, 0.0023, 0.0000, 100.000, 100.000, 1.0989, 76.650, 
1137, 34878365490501894593361863378422037395353370500, 0.0019, 0.0000, 100.000, 100.000, 1.1005, 76.710, 
1139, 69756730981003789186723726756844074790706740500, 0.0016, 0.0000, 100.000, 100.000, 1.0997, 76.690, 
1141, 69756730981003789186723726756844074790706740700, 0.0026, 0.0000, 100.000, 100.000, 1.1010, 76.430, 
1143, 69756730981003789186723726756844074790706740900, 0.0014, 0.0000, 100.000, 100.000, 1.0987, 76.570, 
1145, 69756730981003789186723726756844074790706741100, 0.0035, 9.8426, 100.000, 100.000, 1.1010, 76.590, 
1147, 139513461962007578373447453513688149581413481800, 0.0028, 0.0000, 100.000, 100.000, 1.0997, 76.730, 
1149, 139513461962007578373447453513688149581413482000, 0.0016, 0.0000, 100.000, 100.000, 1.1040, 76.680, 
1151, 139513461962007578373447453513688149581413482200, 0.0021, 0.0000, 100.000, 100.000, 1.1010, 76.570, 
1153, 139513461962007578373447453513688149581413482400, 0.0014, 0.0000, 100.000, 100.000, 1.1054, 76.460, 
1155, 279026923924015156746894907027376299162826964400, 0.0031, 13.0473, 100.000, 100.000, 1.0947, 76.530, 
1157, 279026923924015156746894907027376299162826964600, 0.0043, 6.8328, 100.000, 100.000, 1.1012, 76.620, 
1159, 279026923924015156746894907027376299162826964800, 0.0596, 0.0000, 98.438, 100.000, 1.0980, 76.780, 
1161, 558053847848030313493789814054752598325653929300, 0.0012, 0.0000, 100.000, 100.000, 1.0997, 76.470, 
1163, 558053847848030313493789814054752598325653929500, 0.0009, 0.0000, 100.000, 100.000, 1.1030, 76.650, 
1165, 558053847848030313493789814054752598325653929700, 0.0019, 0.0000, 100.000, 100.000, 1.1070, 76.730, 
1167, 558053847848030313493789814054752598325653929900, 0.0041, 0.0000, 100.000, 100.000, 1.0972, 76.700, 
1169, 1116107695696060626987579628109505196651307859300, 0.0032, 0.0000, 100.000, 100.000, 1.1055, 76.580, 
1171, 1116107695696060626987579628109505196651307859500, 0.0013, 0.0000, 100.000, 100.000, 1.0982, 76.750, 
1173, 1116107695696060626987579628109505196651307859700, 0.0025, 0.0000, 100.000, 100.000, 1.1002, 76.620, 
1175, 1116107695696060626987579628109505196651307859900, 0.0017, 0.0000, 100.000, 100.000, 1.1030, 76.560, 
1177, 2232215391392121253975159256219010393302615719300, 0.0014, 0.0000, 100.000, 100.000, 1.1003, 76.630, 
1179, 2232215391392121253975159256219010393302615719500, 0.0046, 14.4889, 100.000, 100.000, 1.0981, 76.770, 
1181, 2232215391392121253975159256219010393302615719700, 0.0035, 0.0000, 100.000, 100.000, 1.0952, 76.520, 
1183, 2232215391392121253975159256219010393302615719900, 0.0014, 0.0000, 100.000, 100.000, 1.0988, 76.620, 
1185, 4464430782784242507950318512438020786605231439200, 0.0023, 0.0000, 100.000, 100.000, 1.0969, 76.660, 
1187, 4464430782784242507950318512438020786605231439400, 0.0046, 0.0000, 100.000, 100.000, 1.0950, 76.660, 
1189, 4464430782784242507950318512438020786605231439600, 0.0025, 0.0000, 100.000, 100.000, 1.0965, 76.630, 
1191, 4464430782784242507950318512438020786605231439800, 0.0015, 0.0000, 100.000, 100.000, 1.0934, 76.540, 
1193, 8928861565568485015900637024876041573210462879100, 0.0032, 0.0000, 100.000, 100.000, 1.0956, 76.430, 
1195, 8928861565568485015900637024876041573210462879300, 0.0025, 0.0000, 100.000, 100.000, 1.0981, 76.420, 
1197, 8928861565568485015900637024876041573210462879500, 0.0015, 11.1589, 100.000, 100.000, 1.0945, 76.600, 
1199, 8928861565568485015900637024876041573210462879700, 0.0019, 0.0000, 100.000, 100.000, 1.0993, 76.650, 
1201, 17857723131136970031801274049752083146420925758900, 0.0023, 0.0000, 100.000, 100.000, 1.1006, 76.570, 
1203, 17857723131136970031801274049752083146420925759100, 0.0033, 0.0000, 100.000, 100.000, 1.1038, 76.520, 
1205, 17857723131136970031801274049752083146420925759300, 0.0018, 0.0000, 100.000, 100.000, 1.1022, 76.750, 
1207, 35715446262273940063602548099504166292841851518200, 0.0024, 0.0000, 100.000, 100.000, 1.1030, 76.730, 
1209, 35715446262273940063602548099504166292841851518400, 0.0012, 0.0000, 100.000, 100.000, 1.0994, 76.770, 
1211, 35715446262273940063602548099504166292841851518600, 0.0018, 0.0000, 100.000, 100.000, 1.1019, 76.680, 
1213, 35715446262273940063602548099504166292841851518800, 0.0039, 12.5353, 100.000, 100.000, 1.0993, 76.780, 
1215, 71430892524547880127205096199008332585683703037200, 0.0015, 0.0000, 100.000, 100.000, 1.0967, 76.390, 
1217, 71430892524547880127205096199008332585683703037400, 0.0014, 0.0000, 100.000, 100.000, 1.0982, 76.840, 
1219, 71430892524547880127205096199008332585683703037600, 0.0030, 0.0000, 100.000, 100.000, 1.0953, 76.660, 
1221, 71430892524547880127205096199008332585683703037800, 0.0032, 0.0000, 100.000, 100.000, 1.0850, 76.830, 
1223, 142861785049095760254410192398016665171367406075200, 0.0023, 0.0000, 100.000, 100.000, 1.0981, 76.510, 
1225, 142861785049095760254410192398016665171367406075400, 0.0028, 0.0000, 100.000, 100.000, 1.0909, 76.600, 
1227, 142861785049095760254410192398016665171367406075600, 0.0027, 0.0000, 100.000, 100.000, 1.0932, 76.620, 
1229, 142861785049095760254410192398016665171367406075800, 0.0017, 0.0000, 100.000, 100.000, 1.0885, 76.820, 
1231, 285723570098191520508820384796033330342734812151100, 0.0011, 0.0000, 100.000, 100.000, 1.0933, 76.670, 
1233, 285723570098191520508820384796033330342734812151300, 0.0017, 0.0000, 100.000, 100.000, 1.0908, 76.570, 
1235, 285723570098191520508820384796033330342734812151500, 0.0039, 0.0000, 100.000, 100.000, 1.0906, 76.680, 
1237, 285723570098191520508820384796033330342734812151700, 0.0025, 0.0000, 100.000, 100.000, 1.0988, 76.490, 
1239, 571447140196383041017640769592066660685469624302900, 0.0021, 0.0000, 100.000, 100.000, 1.0905, 76.430, 
1241, 571447140196383041017640769592066660685469624303100, 0.0015, 0.0000, 100.000, 100.000, 1.0946, 76.420, 
1243, 571447140196383041017640769592066660685469624303300, 0.0018, 0.0000, 100.000, 100.000, 1.0909, 76.360, 
1245, 571447140196383041017640769592066660685469624303500, 0.0071, 12.3946, 100.000, 100.000, 1.0883, 76.710, 
1247, 1142894280392766082035281539184133321370939248606500, 0.0016, 0.0000, 100.000, 100.000, 1.0944, 76.560, 
1249, 1142894280392766082035281539184133321370939248606700, 0.0020, 12.9745, 100.000, 100.000, 1.0883, 76.670, 
1251, 1142894280392766082035281539184133321370939248606900, 0.0007, 0.0000, 100.000, 100.000, 1.0895, 76.440, 
1253, 1142894280392766082035281539184133321370939248607100, 0.0010, 0.0000, 100.000, 100.000, 1.0905, 76.750, 
1255, 2285788560785532164070563078368266642741878497213700, 0.0014, 0.0000, 100.000, 100.000, 1.0940, 76.590, 
1257, 2285788560785532164070563078368266642741878497213900, 0.0012, 0.0000, 100.000, 100.000, 1.0872, 76.370, 
1259, 2285788560785532164070563078368266642741878497214100, 0.0038, 0.0000, 100.000, 100.000, 1.0889, 76.620, 
1261, 2285788560785532164070563078368266642741878497214300, 0.0023, 11.2384, 100.000, 100.000, 1.0884, 76.550, 
1263, 4571577121571064328141126156736533285483756994428200, 0.0024, 10.9560, 100.000, 100.000, 1.0949, 76.740, 
1265, 4571577121571064328141126156736533285483756994428400, 0.0017, 0.0000, 100.000, 100.000, 1.0900, 76.640, 
1267, 4571577121571064328141126156736533285483756994428600, 0.0063, 0.0000, 100.000, 100.000, 1.0841, 76.650, 
1269, 4571577121571064328141126156736533285483756994428800, 0.0012, 10.3436, 100.000, 100.000, 1.0830, 76.580, 
1271, 9143154243142128656282252313473066570967513988857100, 0.0022, 0.0000, 100.000, 100.000, 1.0842, 76.590, 
1273, 9143154243142128656282252313473066570967513988857300, 0.0020, 0.0000, 100.000, 100.000, 1.0818, 76.700, 
1275, 9143154243142128656282252313473066570967513988857500, 0.0014, 0.0000, 100.000, 100.000, 1.0846, 76.710, 
1277, 9143154243142128656282252313473066570967513988857700, 0.0059, 0.0000, 100.000, 100.000, 1.0839, 76.720, 
1279, 18286308486284257312564504626946133141935027977715000, 0.0058, 0.0000, 100.000, 100.000, 1.0853, 76.580, 
1281, 18286308486284257312564504626946133141935027977715200, 0.0020, 0.0000, 100.000, 100.000, 1.0842, 76.610, 
1283, 18286308486284257312564504626946133141935027977715400, 0.0037, 0.0000, 100.000, 100.000, 1.0830, 76.860, 
1285, 18286308486284257312564504626946133141935027977715600, 0.0012, 0.0000, 100.000, 100.000, 1.0850, 76.670, 
1287, 36572616972568514625129009253892266283870055955430700, 0.0048, 0.0000, 100.000, 100.000, 1.0840, 76.830, 
1289, 36572616972568514625129009253892266283870055955430900, 0.0014, 11.9948, 100.000, 100.000, 1.0881, 76.720, 
1291, 36572616972568514625129009253892266283870055955431100, 0.0015, 14.4939, 100.000, 100.000, 1.0826, 76.660, 
1293, 36572616972568514625129009253892266283870055955431300, 0.0023, 0.0000, 100.000, 100.000, 1.0838, 76.740, 
1295, 73145233945137029250258018507784532567740111910862100, 0.0093, 0.0000, 100.000, 100.000, 1.0884, 76.590, 
1297, 73145233945137029250258018507784532567740111910862300, 0.0043, 12.0898, 100.000, 100.000, 1.0859, 76.860, 
1299, 73145233945137029250258018507784532567740111910862500, 0.0037, 0.0000, 100.000, 100.000, 1.0838, 76.800, 
1301, 73145233945137029250258018507784532567740111910862700, 0.0053, 0.0000, 100.000, 100.000, 1.0781, 76.760, 
1303, 146290467890274058500516037015569065135480223821725000, 0.0012, 0.0000, 100.000, 100.000, 1.0760, 76.810, 
1305, 146290467890274058500516037015569065135480223821725200, 0.0020, 0.0000, 100.000, 100.000, 1.0783, 76.580, 
1307, 146290467890274058500516037015569065135480223821725400, 0.0017, 0.0000, 100.000, 100.000, 1.0834, 76.630, 
1309, 146290467890274058500516037015569065135480223821725600, 0.0022, 0.0000, 100.000, 100.000, 1.0806, 76.640, 
1311, 292580935780548117001032074031138130270960447643450800, 0.0036, 0.0000, 100.000, 100.000, 1.0782, 76.920, 
1313, 292580935780548117001032074031138130270960447643451000, 0.0051, 0.0000, 100.000, 100.000, 1.0788, 77.010, 
1315, 292580935780548117001032074031138130270960447643451200, 0.0008, 0.0000, 100.000, 100.000, 1.0839, 76.910, 
1317, 585161871561096234002064148062276260541920895286902100, 0.0017, 0.0000, 100.000, 100.000, 1.0805, 76.890, 
1319, 585161871561096234002064148062276260541920895286902300, 0.0018, 0.0000, 100.000, 100.000, 1.0842, 76.690, 
1321, 585161871561096234002064148062276260541920895286902500, 0.0026, 0.0000, 100.000, 100.000, 1.0850, 76.720, 
1323, 585161871561096234002064148062276260541920895286902700, 0.0019, 0.0000, 100.000, 100.000, 1.0827, 76.550, 
1325, 1170323743122192468004128296124552521083841790573804900, 0.0016, 0.0000, 100.000, 100.000, 1.0818, 76.880, 
1327, 1170323743122192468004128296124552521083841790573805100, 0.0028, 18.2685, 100.000, 100.000, 1.0826, 76.760, 
1329, 1170323743122192468004128296124552521083841790573805300, 0.0022, 0.0000, 100.000, 100.000, 1.0775, 76.830, 
1331, 1170323743122192468004128296124552521083841790573805500, 0.0021, 27.6550, 100.000, 100.000, 1.0802, 76.550, 
1333, 2340647486244384936008256592249105042167683581147610500, 0.0021, 0.0000, 100.000, 100.000, 1.0831, 76.640, 
1335, 2340647486244384936008256592249105042167683581147610700, 0.0016, 0.0000, 100.000, 100.000, 1.0806, 76.720, 
1337, 2340647486244384936008256592249105042167683581147610900, 0.0017, 0.0000, 100.000, 100.000, 1.0799, 76.470, 
1339, 2340647486244384936008256592249105042167683581147611100, 0.0012, 0.0000, 100.000, 100.000, 1.0745, 76.850, 
1341, 4681294972488769872016513184498210084335367162295221600, 0.0028, 0.0000, 100.000, 100.000, 1.0802, 76.690, 
1343, 4681294972488769872016513184498210084335367162295221800, 0.0023, 13.2759, 100.000, 100.000, 1.0880, 76.820, 
1345, 4681294972488769872016513184498210084335367162295222000, 0.0065, 0.0000, 100.000, 100.000, 1.0851, 76.770, 
1347, 4681294972488769872016513184498210084335367162295222200, 0.0013, 0.0000, 100.000, 100.000, 1.0781, 76.760, 
1349, 9362589944977539744033026368996420168670734324590443900, 0.0011, 0.0000, 100.000, 100.000, 1.0869, 76.870, 
1351, 9362589944977539744033026368996420168670734324590444100, 0.0024, 0.0000, 100.000, 100.000, 1.0830, 76.700, 
1353, 9362589944977539744033026368996420168670734324590444300, 0.0013, 0.0000, 100.000, 100.000, 1.0814, 76.670, 
1355, 9362589944977539744033026368996420168670734324590444500, 0.0024, 10.1528, 100.000, 100.000, 1.0820, 76.600, 
1357, 18725179889955079488066052737992840337341468649180888500, 0.0018, 0.0000, 100.000, 100.000, 1.0856, 76.650, 
1359, 18725179889955079488066052737992840337341468649180888700, 0.0083, 0.0000, 100.000, 100.000, 1.0882, 76.700, 
1361, 18725179889955079488066052737992840337341468649180888900, 0.0016, 0.0000, 100.000, 100.000, 1.0815, 76.800, 
1363, 37450359779910158976132105475985680674682937298361777400, 0.0021, 14.9965, 100.000, 100.000, 1.0822, 76.620, 
1365, 37450359779910158976132105475985680674682937298361777600, 0.0665, 0.0000, 98.438, 100.000, 1.0836, 76.720, 
1367, 37450359779910158976132105475985680674682937298361777800, 0.0015, 0.0000, 100.000, 100.000, 1.0790, 76.660, 
1369, 37450359779910158976132105475985680674682937298361778000, 0.0014, 0.0000, 100.000, 100.000, 1.0787, 76.550, 
1371, 74900719559820317952264210951971361349365874596723555600, 0.0014, 0.0000, 100.000, 100.000, 1.0808, 76.730, 
1373, 74900719559820317952264210951971361349365874596723555800, 0.0078, 0.0000, 100.000, 100.000, 1.0756, 76.860, 
1375, 74900719559820317952264210951971361349365874596723556000, 0.0111, 0.0000, 100.000, 100.000, 1.0696, 76.820, 
1377, 74900719559820317952264210951971361349365874596723556200, 0.0014, 9.4829, 100.000, 100.000, 1.0721, 76.800, 
1379, 149801439119640635904528421903942722698731749193447112000, 0.0010, 0.0000, 100.000, 100.000, 1.0869, 76.330, 
1381, 149801439119640635904528421903942722698731749193447112200, 0.0018, 0.0000, 100.000, 100.000, 1.0763, 76.800, 
1383, 149801439119640635904528421903942722698731749193447112400, 0.0069, 0.0000, 100.000, 100.000, 1.0738, 76.520, 
1385, 149801439119640635904528421903942722698731749193447112600, 0.0014, 0.0000, 100.000, 100.000, 1.0815, 76.490, 
1387, 299602878239281271809056843807885445397463498386894224700, 0.0027, 0.0000, 100.000, 100.000, 1.0746, 76.570, 
1389, 299602878239281271809056843807885445397463498386894224900, 0.0018, 0.0000, 100.000, 100.000, 1.0816, 76.500, 
1391, 299602878239281271809056843807885445397463498386894225100, 0.0037, 0.0000, 100.000, 100.000, 1.0795, 76.750, 
1393, 299602878239281271809056843807885445397463498386894225300, 0.0014, 6.1960, 100.000, 100.000, 1.0780, 76.530, 
1395, 599205756478562543618113687615770890794926996773788450100, 0.0014, 0.0000, 100.000, 100.000, 1.0718, 76.780, 
1397, 599205756478562543618113687615770890794926996773788450300, 0.0019, 0.0000, 100.000, 100.000, 1.0796, 76.620, 
1399, 599205756478562543618113687615770890794926996773788450500, 0.0044, 0.0000, 100.000, 100.000, 1.0761, 76.970, 
1401, 599205756478562543618113687615770890794926996773788450700, 0.0011, 12.5291, 100.000, 100.000, 1.0749, 76.710, 
1403, 1198411512957125087236227375231541781589853993547576900900, 0.0018, 0.0000, 100.000, 100.000, 1.0738, 76.720, 
1405, 1198411512957125087236227375231541781589853993547576901100, 0.0009, 0.0000, 100.000, 100.000, 1.0765, 76.830, 
1407, 1198411512957125087236227375231541781589853993547576901300, 0.0030, 0.0000, 100.000, 100.000, 1.0765, 76.870, 
1409, 1198411512957125087236227375231541781589853993547576901500, 0.0010, 0.0000, 100.000, 100.000, 1.0718, 76.910, 
1411, 2396823025914250174472454750463083563179707987095153802500, 0.0017, 0.0000, 100.000, 100.000, 1.0798, 76.890, 
1413, 2396823025914250174472454750463083563179707987095153802700, 0.0014, 0.0000, 100.000, 100.000, 1.0751, 76.860, 
1415, 2396823025914250174472454750463083563179707987095153802900, 0.0033, 0.0000, 100.000, 100.000, 1.0748, 76.810, 
1417, 2396823025914250174472454750463083563179707987095153803100, 0.0049, 11.7647, 100.000, 100.000, 1.0710, 76.720, 
1419, 4793646051828500348944909500926167126359415974190307605800, 0.0014, 0.0000, 100.000, 100.000, 1.0798, 76.610, 
1421, 4793646051828500348944909500926167126359415974190307606000, 0.0021, 0.0000, 100.000, 100.000, 1.0743, 76.680, 
1423, 4793646051828500348944909500926167126359415974190307606200, 0.0015, 0.0000, 100.000, 100.000, 1.0765, 76.700, 
1425, 4793646051828500348944909500926167126359415974190307606400, 0.0015, 11.4630, 100.000, 100.000, 1.0763, 76.810, 
1427, 9587292103657000697889819001852334252718831948380615212300, 0.0015, 0.0000, 100.000, 100.000, 1.0735, 76.650, 
1429, 9587292103657000697889819001852334252718831948380615212500, 0.0009, 0.0000, 100.000, 100.000, 1.0746, 76.770, 
1431, 9587292103657000697889819001852334252718831948380615212700, 0.0018, 0.0000, 100.000, 100.000, 1.0719, 76.770, 
1433, 9587292103657000697889819001852334252718831948380615212900, 0.0025, 0.0000, 100.000, 100.000, 1.0731, 76.690, 
1435, 19174584207314001395779638003704668505437663896761230425400, 0.0010, 0.0000, 100.000, 100.000, 1.0791, 76.750, 
1437, 19174584207314001395779638003704668505437663896761230425600, 0.0014, 0.0000, 100.000, 100.000, 1.0751, 76.970, 
1439, 19174584207314001395779638003704668505437663896761230425800, 0.0016, 0.0000, 100.000, 100.000, 1.0744, 76.880, 
1441, 19174584207314001395779638003704668505437663896761230426000, 0.0028, 0.0000, 100.000, 100.000, 1.0694, 76.710, 
1443, 38349168414628002791559276007409337010875327793522460851500, 0.0031, 0.0000, 100.000, 100.000, 1.0735, 76.830, 
1445, 38349168414628002791559276007409337010875327793522460851700, 0.0023, 0.0000, 100.000, 100.000, 1.0693, 76.860, 
1447, 38349168414628002791559276007409337010875327793522460851900, 0.0033, 12.7241, 100.000, 100.000, 1.0757, 76.670, 
1449, 38349168414628002791559276007409337010875327793522460852100, 0.0022, 0.0000, 100.000, 100.000, 1.0734, 76.800, 
1451, 76698336829256005583118552014818674021750655587044921703700, 0.0019, 0.0000, 100.000, 100.000, 1.0712, 76.770, 
1453, 76698336829256005583118552014818674021750655587044921703900, 0.0011, 0.0000, 100.000, 100.000, 1.0754, 76.880, 
1455, 76698336829256005583118552014818674021750655587044921704100, 0.0031, 0.0000, 100.000, 100.000, 1.0746, 76.720, 
1457, 76698336829256005583118552014818674021750655587044921704300, 0.0006, 0.0000, 100.000, 100.000, 1.0753, 76.740, 
1459, 153396673658512011166237104029637348043501311174089843408200, 0.0029, 0.0000, 100.000, 100.000, 1.0690, 76.800, 
1461, 153396673658512011166237104029637348043501311174089843408400, 0.0025, 0.0000, 100.000, 100.000, 1.0774, 76.580, 
1463, 153396673658512011166237104029637348043501311174089843408600, 0.0145, 0.0000, 98.438, 100.000, 1.0754, 76.940, 
1465, 153396673658512011166237104029637348043501311174089843408800, 0.0033, 0.0000, 100.000, 100.000, 1.0733, 76.650, 
1467, 306793347317024022332474208059274696087002622348179686817200, 0.0012, 0.0000, 100.000, 100.000, 1.0721, 76.790, 
1469, 306793347317024022332474208059274696087002622348179686817400, 0.0032, 0.0000, 100.000, 100.000, 1.0737, 76.780, 
1471, 306793347317024022332474208059274696087002622348179686817600, 0.0022, 12.3164, 100.000, 100.000, 1.0735, 76.770, 
1473, 613586694634048044664948416118549392174005244696359373634900, 0.0032, 0.0000, 100.000, 100.000, 1.0734, 76.650, 
1475, 613586694634048044664948416118549392174005244696359373635100, 0.0011, 10.5091, 100.000, 100.000, 1.0696, 76.910, 
1477, 613586694634048044664948416118549392174005244696359373635300, 0.0027, 0.0000, 100.000, 100.000, 1.0679, 76.940, 
1479, 613586694634048044664948416118549392174005244696359373635500, 0.0042, 0.0000, 100.000, 100.000, 1.0668, 76.750, 
1481, 1227173389268096089329896832237098784348010489392718747270500, 0.0012, 0.0000, 100.000, 100.000, 1.0703, 76.780, 
1483, 1227173389268096089329896832237098784348010489392718747270700, 0.0026, 0.0000, 100.000, 100.000, 1.0712, 76.720, 
1485, 1227173389268096089329896832237098784348010489392718747270900, 0.0020, 0.0000, 100.000, 100.000, 1.0700, 76.700, 
1487, 1227173389268096089329896832237098784348010489392718747271100, 0.0023, 0.0000, 100.000, 100.000, 1.0722, 76.650, 
1489, 2454346778536192178659793664474197568696020978785437494541700, 0.0029, 0.0000, 100.000, 100.000, 1.0722, 76.780, 
1491, 2454346778536192178659793664474197568696020978785437494541900, 0.0022, 17.6422, 100.000, 100.000, 1.0744, 76.660, 
1493, 2454346778536192178659793664474197568696020978785437494542100, 0.0023, 0.0000, 100.000, 100.000, 1.0676, 76.680, 
1495, 2454346778536192178659793664474197568696020978785437494542300, 0.0012, 12.7607, 100.000, 100.000, 1.0736, 76.730, 
1497, 4908693557072384357319587328948395137392041957570874989084000, 0.0018, 0.0000, 100.000, 100.000, 1.0749, 76.560, 
1499, 4908693557072384357319587328948395137392041957570874989084200, 0.0031, 0.0000, 100.000, 100.000, 1.0762, 76.710, 
1501, 4908693557072384357319587328948395137392041957570874989084400, 0.0013, 0.0000, 100.000, 100.000, 1.0715, 76.850, 
1503, 4908693557072384357319587328948395137392041957570874989084600, 0.0019, 20.6296, 100.000, 100.000, 1.0720, 76.700, 
1505, 9817387114144768714639174657896790274784083915141749978168700, 0.0020, 0.0000, 100.000, 100.000, 1.0707, 76.760, 
1507, 9817387114144768714639174657896790274784083915141749978168900, 0.0014, 0.0000, 100.000, 100.000, 1.0755, 76.650, 
1509, 9817387114144768714639174657896790274784083915141749978169100, 0.0014, 0.0000, 100.000, 100.000, 1.0663, 76.670, 
1511, 9817387114144768714639174657896790274784083915141749978169300, 0.0029, 0.0000, 100.000, 100.000, 1.0760, 76.550, 
1513, 19634774228289537429278349315793580549568167830283499956338100, 0.0019, 0.0000, 100.000, 100.000, 1.0727, 76.710, 
1515, 19634774228289537429278349315793580549568167830283499956338300, 0.0012, 0.0000, 100.000, 100.000, 1.0729, 76.750, 
1517, 19634774228289537429278349315793580549568167830283499956338500, 0.0049, 0.0000, 100.000, 100.000, 1.0702, 76.780, 
1519, 39269548456579074858556698631587161099136335660566999912676600, 0.0017, 14.1555, 100.000, 100.000, 1.0746, 76.710, 
1521, 39269548456579074858556698631587161099136335660566999912676800, 0.0027, 0.0000, 100.000, 100.000, 1.0706, 76.760, 
1523, 39269548456579074858556698631587161099136335660566999912677000, 0.0013, 0.0000, 100.000, 100.000, 1.0717, 76.660, 
1525, 39269548456579074858556698631587161099136335660566999912677200, 0.0027, 16.8305, 100.000, 100.000, 1.0699, 76.790, 
1527, 78539096913158149717113397263174322198272671321133999825354000, 0.0037, 0.0000, 100.000, 100.000, 1.0713, 76.690, 
1529, 78539096913158149717113397263174322198272671321133999825354200, 0.0024, 0.0000, 100.000, 100.000, 1.0773, 76.670, 
1531, 78539096913158149717113397263174322198272671321133999825354400, 0.0014, 0.0000, 100.000, 100.000, 1.0723, 76.870, 
1533, 78539096913158149717113397263174322198272671321133999825354600, 0.0020, 0.0000, 100.000, 100.000, 1.0743, 76.670, 
1535, 157078193826316299434226794526348644396545342642267999650708800, 0.0017, 0.0000, 100.000, 100.000, 1.0701, 76.720, 
1537, 157078193826316299434226794526348644396545342642267999650709000, 0.0011, 0.0000, 100.000, 100.000, 1.0729, 76.900, 
1539, 157078193826316299434226794526348644396545342642267999650709200, 0.0010, 11.3479, 100.000, 100.000, 1.0736, 76.670, 
1541, 157078193826316299434226794526348644396545342642267999650709400, 0.0011, 0.0000, 100.000, 100.000, 1.0766, 76.890, 
1543, 314156387652632598868453589052697288793090685284535999301418300, 0.0029, 0.0000, 100.000, 100.000, 1.0724, 76.870, 
1545, 314156387652632598868453589052697288793090685284535999301418500, 0.0122, 18.3928, 100.000, 100.000, 1.0726, 76.880, 
1547, 314156387652632598868453589052697288793090685284535999301418700, 0.0008, 9.4680, 100.000, 100.000, 1.0742, 76.940, 
1549, 314156387652632598868453589052697288793090685284535999301418900, 0.0025, 0.0000, 100.000, 100.000, 1.0729, 76.720, 
1551, 628312775305265197736907178105394577586181370569071998602837300, 0.0020, 0.0000, 100.000, 100.000, 1.0751, 76.670, 
1553, 628312775305265197736907178105394577586181370569071998602837500, 0.0012, 0.0000, 100.000, 100.000, 1.0676, 76.880, 
1555, 628312775305265197736907178105394577586181370569071998602837700, 0.0075, 0.0000, 100.000, 100.000, 1.0717, 76.740, 
1557, 628312775305265197736907178105394577586181370569071998602837900, 0.0026, 0.0000, 100.000, 100.000, 1.0736, 76.810, 
