Files already downloaded and verified
Files already downloaded and verified
CIFAR100_resnet50_350_100_0.2_RobustnessG_eps=0.3,_delta=0.52__64
main_gc.py --dataset=CIFAR100 --model=resnet50 --pruning=True --tensorboard=True --log-interval=100 --pruning_config=./configs/CIFAR100_350_100.json --constraint=RobustnessG(eps=0.3, delta=0.52) --print-after-epoch=0 --dl2-weight=0.2 --delay=0 --epochs=1000 --adv-after-epoch=0 --batch-size=64 --load_model=./CIFAR100_res/best_model.weights --name=CIFAR100_res_64
pruning_engine.load_mask(): did not find mask file, will load nothing
epoch, neuron_units, loss, dl2_loss, top1, top5, dl2_p_acc, dl2_constraint_acc
1, 7552, 0.0027, 0.6435, 100.000, 100.000, 0.000, 0.125, 0, 24.95598030090332 
1, 7552, 0.0084, 0.0000, 100.000, 100.000, 0.000, 1.000, 100, 491.2818830013275 
1, 7202, 0.0179, 0.0000, 100.000, 100.000, 0.000, 1.000, 200, 959.6890134811401 
1, 6852, 0.0225, 0.0044, 98.438, 100.000, 0.000, 0.969, 300, 1429.9070303440094 
1, 6502, 0.0068, 0.0000, 100.000, 100.000, 0.000, 1.000, 400, 1901.8625824451447 
1, 6152, 0.0324, 0.0000, 100.000, 100.000, 0.000, 1.000, 500, 2375.733494758606 
1, 5802, 0.0263, 0.0000, 100.000, 100.000, 0.000, 1.000, 600, 2851.4497141838074 
1, 5452, 0.1153, 0.0000, 96.875, 100.000, 0.000, 1.000, 700, 3328.9389011859894 
2, 4752, 0.1926, 0.0042, 93.750, 100.000, 0.000, 0.969, 800, 3859.585131883621 
2, 4402, 0.2648, 0.0000, 93.750, 100.000, 0.000, 1.000, 900, 4342.616220235825 
2, 4052, 0.3650, 0.0000, 92.188, 96.875, 0.000, 1.000, 1000, 4827.282939910889 
2, 3702, 0.3464, 0.0000, 92.188, 100.000, 0.000, 1.000, 1100, 5313.8835916519165 
2, 3352, 0.5598, 0.0000, 81.250, 100.000, 0.000, 1.000, 1200, 5803.029751300812 
2, 3002, 0.6471, 0.0000, 78.125, 100.000, 0.000, 1.000, 1300, 6293.913429021835 
2, 2652, 0.8177, 0.0000, 81.250, 93.750, 0.000, 1.000, 1400, 6786.394124746323 
2, 2302, 0.7692, 0.0000, 78.125, 96.875, 0.000, 1.000, 1500, 7280.491099357605 
3, 1952, 1.3070, 0.0006, 67.188, 90.625, 0.000, 0.969, 2400, 7905.15945982933 
3, 1602, 1.0556, 0.0000, 62.500, 89.062, 0.000, 1.000, 2500, 8401.901271104813 
3, 1252, 1.4817, 0.0000, 59.375, 92.188, 0.000, 1.000, 2600, 8900.27125954628 
3, 902, 2.0730, 0.0000, 40.625, 82.812, 0.000, 1.000, 2700, 9400.504240512848 
3, 552, 2.5496, 0.0004, 29.688, 67.188, 0.000, 0.969, 2800, 9902.645001411438 
3, 202, 3.5256, 0.0007, 17.188, 46.875, 0.000, 0.969, 2900, 10406.71236038208 
3, 0, 4.0161, 0.0000, 14.062, 29.688, 0.000, 1.000, 3000, 10912.352861881256 
Files already downloaded and verified
Files already downloaded and verified
CIFAR100_resnet50_350_100_0.125_RobustnessG_eps=0.3,_delta=0.52__64
main_gc.py --dataset=CIFAR100 --model=resnet50 --pruning=True --tensorboard=True --log-interval=100 --pruning_config=./configs/CIFAR100_350_100.json --constraint=RobustnessG(eps=0.3, delta=0.52) --print-after-epoch=0 --dl2-weight=0.125 --delay=0 --epochs=1000 --adv-after-epoch=0 --batch-size=64 --load_model=./CIFAR100_res/best_model.weights --name=CIFAR100_res_64
pruning_engine.load_mask(): did not find mask file, will load nothing
epoch, neuron_units, loss, dl2_loss, top1, top5, dl2_p_acc, dl2_constraint_acc
1, 7552, 0.0027, 0.7257, 100.000, 100.000, 0.000, 0.125, 0, 24.505353450775146 
1, 7552, 0.0099, 0.0000, 100.000, 100.000, 0.000, 1.000, 100, 494.7566649913788 
1, 7202, 0.0172, 0.0000, 100.000, 100.000, 0.000, 1.000, 200, 965.8622703552246 
1, 6852, 0.0275, 0.0000, 98.438, 100.000, 0.000, 1.000, 300, 1437.574651002884 
1, 6502, 0.0074, 0.0000, 100.000, 100.000, 0.000, 1.000, 400, 1912.3117635250092 
1, 6152, 0.0122, 0.0020, 100.000, 100.000, 0.000, 0.969, 500, 2387.651357650757 
1, 5802, 0.0257, 0.0000, 100.000, 100.000, 0.000, 1.000, 600, 2865.082312107086 
1, 5452, 0.1249, 0.0000, 96.875, 100.000, 0.000, 1.000, 700, 3344.141435146332 
2, 4752, 0.1154, 0.0084, 98.438, 100.000, 0.000, 0.938, 800, 3875.2241065502167 
2, 4402, 0.2737, 0.0000, 90.625, 100.000, 0.000, 1.000, 900, 4359.883503198624 
2, 4052, 0.3721, 0.0000, 90.625, 100.000, 0.000, 1.000, 1000, 4846.3032376766205 
2, 3702, 0.3328, 0.0000, 90.625, 100.000, 0.000, 1.000, 1100, 5334.642479658127 
2, 3352, 0.4463, 0.0165, 87.500, 100.000, 0.000, 0.844, 1200, 5825.047845125198 
2, 3002, 0.6458, 0.0000, 79.688, 96.875, 0.000, 0.969, 1300, 6316.964240550995 
2, 2652, 0.8716, 0.0121, 73.438, 100.000, 0.000, 0.906, 1400, 6810.839633464813 
2, 2302, 0.7809, 0.0000, 81.250, 96.875, 0.000, 1.000, 1500, 7306.691694974899 
3, 1952, 1.0888, 0.0003, 71.875, 92.188, 0.000, 0.969, 2400, 7933.675790548325 
3, 1602, 1.1291, 0.0000, 65.625, 95.312, 0.000, 1.000, 2500, 8431.875772476196 
3, 1252, 1.5323, 0.0000, 53.125, 87.500, 0.000, 1.000, 2600, 8931.985110282898 
3, 902, 1.8864, 0.0000, 53.125, 76.562, 0.000, 1.000, 2700, 9434.050756692886 
3, 552, 2.5192, 0.0029, 31.250, 65.625, 0.000, 0.938, 2800, 9938.049471616745 
3, 202, 3.5420, 0.0063, 15.625, 46.875, 0.000, 0.906, 2900, 10443.884068727493 
3, 0, 3.9359, 0.0000, 9.375, 35.938, 0.000, 1.000, 3000, 10951.150882005692 
Traceback (most recent call last):
  File "remove_header.py", line 3, in <module>
    lines = open(sys.argv[1], 'r').readlines()
FileNotFoundError: [Errno 2] No such file or directory: '../CIFAR100_resnet50_128/log_CIFAR100_resnet50_350_100_0.2_RobustnessG_eps=0.3,_delta=0.52__FGSM.txt'
/cm/local/apps/slurm/var/spool/job204803/slurm_script: line 29: files/CIFAR100_resnet50_350_100_0.2_RobustnessG_eps=0.3,_delta=0.52__FGSM.txt: No such file or directory
Traceback (most recent call last):
  File "remove_header.py", line 3, in <module>
    lines = open(sys.argv[1], 'r').readlines()
FileNotFoundError: [Errno 2] No such file or directory: '../CIFAR100_resnet50_128/log_CIFAR100_resnet50_350_100_0.125_RobustnessG_eps=0.3,_delta=0.52__FGSM.txt'
