Files already downloaded and verified
Files already downloaded and verified
CIFAR100_resnet50_350_100_0.15_RobustnessG_eps=0.3,_delta=0.52__64
main_gc.py --dataset=CIFAR100 --model=resnet50 --pruning=True --tensorboard=True --log-interval=100 --pruning_config=./configs/CIFAR100_350_100.json --constraint=RobustnessG(eps=0.3, delta=0.52) --print-after-epoch=0 --dl2-weight=0.15 --delay=0 --epochs=1000 --adv-after-epoch=0 --batch-size=64 --load_model=./CIFAR100_res/best_model.weights --name=CIFAR100_res_64
pruning_engine.load_mask(): did not find mask file, will load nothing
epoch, neuron_units, loss, dl2_loss, top1, top5, dl2_p_acc, dl2_constraint_acc
1, 7552, 0.0027, 0.7128, 100.000, 100.000, 0.000, 0.156, 0, 25.294941186904907 
1, 7552, 0.0107, 0.0000, 100.000, 100.000, 0.000, 1.000, 100, 495.7448904514313 
1, 7202, 0.0164, 0.0017, 100.000, 100.000, 0.000, 0.969, 200, 966.8325271606445 
1, 6852, 0.0188, 0.0000, 98.438, 100.000, 0.000, 1.000, 300, 1439.6788544654846 
1, 6502, 0.0095, 0.0087, 100.000, 100.000, 0.000, 0.938, 400, 1914.388209104538 
1, 6152, 0.0263, 0.0000, 98.438, 100.000, 0.000, 1.000, 500, 2391.2450654506683 
1, 5802, 0.0261, 0.0000, 100.000, 100.000, 0.000, 1.000, 600, 2870.020787715912 
1, 5452, 0.1168, 0.0000, 95.312, 100.000, 0.000, 1.000, 700, 3350.595249414444 
2, 4752, 0.0759, 0.0036, 100.000, 100.000, 0.000, 0.969, 800, 3882.7437584400177 
2, 4402, 0.3051, 0.0081, 90.625, 100.000, 0.000, 0.875, 900, 4368.412362575531 
2, 4052, 0.2710, 0.0000, 92.188, 98.438, 0.000, 1.000, 1000, 4855.288736820221 
2, 3702, 0.3558, 0.0034, 87.500, 100.000, 0.000, 0.969, 1100, 5343.521927595139 
2, 3352, 0.5009, 0.0000, 81.250, 98.438, 0.000, 1.000, 1200, 5834.697394609451 
2, 3002, 0.6235, 0.0000, 78.125, 100.000, 0.000, 1.000, 1300, 6327.748907804489 
2, 2652, 0.8043, 0.0000, 71.875, 98.438, 0.000, 1.000, 1400, 6822.016288280487 
2, 2302, 0.8553, 0.0008, 76.562, 93.750, 0.000, 0.938, 1500, 7318.069710254669 
3, 1952, 1.0803, 0.0000, 70.312, 92.188, 0.000, 1.000, 2400, 7946.436343669891 
3, 1602, 1.0413, 0.0000, 68.750, 93.750, 0.000, 1.000, 2500, 8447.321508169174 
3, 1252, 1.4679, 0.0006, 59.375, 89.062, 0.000, 0.969, 2600, 8949.025227546692 
3, 902, 1.9599, 0.0005, 50.000, 82.812, 0.000, 0.969, 2700, 9452.4374127388 
3, 552, 2.5323, 0.0000, 34.375, 64.062, 0.000, 1.000, 2800, 9957.658340215683 
3, 202, 3.3974, 0.0034, 20.312, 50.000, 0.000, 0.938, 2900, 10464.834663629532 
3, 0, 3.9215, 0.0000, 15.625, 37.500, 0.000, 1.000, 3000, 10974.647998332977 
Files already downloaded and verified
Files already downloaded and verified
CIFAR100_resnet50_350_100_0.125_RobustnessG_eps=0.3,_delta=0.52__64
main_gc.py --dataset=CIFAR100 --model=resnet50 --pruning=True --tensorboard=True --log-interval=100 --pruning_config=./configs/CIFAR100_350_100.json --constraint=RobustnessG(eps=0.3, delta=0.52) --print-after-epoch=0 --dl2-weight=0.125 --delay=0 --epochs=1000 --adv-after-epoch=0 --batch-size=64 --load_model=./CIFAR100_res/best_model.weights --name=CIFAR100_res_64
pruning_engine.load_mask(): did not find mask file, will load nothing
epoch, neuron_units, loss, dl2_loss, top1, top5, dl2_p_acc, dl2_constraint_acc
1, 7552, 0.0027, 0.7556, 100.000, 100.000, 0.000, 0.125, 0, 24.541356325149536 
1, 7552, 0.0088, 0.0006, 100.000, 100.000, 0.000, 0.969, 100, 493.6080663204193 
1, 7202, 0.0147, 0.0000, 100.000, 100.000, 0.000, 1.000, 200, 965.4071407318115 
1, 6852, 0.0312, 0.0000, 98.438, 100.000, 0.000, 1.000, 300, 1439.4051232337952 
1, 6502, 0.0069, 0.0000, 100.000, 100.000, 0.000, 1.000, 400, 1915.1079115867615 
1, 6152, 0.0229, 0.0000, 98.438, 100.000, 0.000, 1.000, 500, 2392.707695007324 
1, 5802, 0.0310, 0.0000, 98.438, 100.000, 0.000, 1.000, 600, 2872.2836513519287 
1, 5452, 0.0993, 0.0028, 96.875, 100.000, 0.000, 0.969, 700, 3353.7717208862305 
2, 4752, 0.1191, 0.0007, 96.875, 100.000, 0.000, 0.969, 800, 3886.0432353019714 
2, 4402, 0.3081, 0.0000, 90.625, 100.000, 0.000, 1.000, 900, 4371.4543364048 
2, 4052, 0.4278, 0.0000, 89.062, 98.438, 0.000, 1.000, 1000, 4858.620422840118 
2, 3702, 0.4246, 0.0031, 87.500, 100.000, 0.000, 0.969, 1100, 5347.584730863571 
2, 3352, 0.3933, 0.0000, 89.062, 100.000, 0.000, 1.000, 1200, 5838.254864454269 
2, 3002, 0.6123, 0.0000, 81.250, 100.000, 0.000, 1.000, 1300, 6330.796573638916 
2, 2652, 0.6783, 0.0000, 85.938, 98.438, 0.000, 1.000, 1400, 6825.407502889633 
2, 2302, 0.6144, 0.0000, 82.812, 100.000, 0.000, 1.000, 1500, 7321.620898723602 
3, 1952, 1.1299, 0.0000, 64.062, 93.750, 0.000, 1.000, 2400, 7949.130626678467 
3, 1602, 0.9161, 0.0000, 71.875, 93.750, 0.000, 1.000, 2500, 8449.462383031845 
3, 1252, 1.4206, 0.0000, 60.938, 85.938, 0.000, 1.000, 2600, 8951.677320957184 
3, 902, 2.0768, 0.0000, 42.188, 78.125, 0.000, 1.000, 2700, 9455.710152626038 
3, 552, 2.6317, 0.0002, 26.562, 70.312, 0.000, 0.969, 2800, 9961.909943342209 
3, 202, 3.5430, 0.0142, 18.750, 46.875, 0.000, 0.781, 2900, 10469.961398124695 
3, 0, 3.9610, 0.0001, 12.500, 34.375, 0.000, 0.969, 3000, 10979.021527528763 
Traceback (most recent call last):
  File "remove_header.py", line 3, in <module>
    lines = open(sys.argv[1], 'r').readlines()
FileNotFoundError: [Errno 2] No such file or directory: '../CIFAR100_resnet50_128/log_CIFAR100_resnet50_350_100_0.15_RobustnessG_eps=0.3,_delta=0.52__FGSM.txt'
/cm/local/apps/slurm/var/spool/job204802/slurm_script: line 29: files/CIFAR100_resnet50_350_100_0.15_RobustnessG_eps=0.3,_delta=0.52__FGSM.txt: No such file or directory
Traceback (most recent call last):
  File "remove_header.py", line 3, in <module>
    lines = open(sys.argv[1], 'r').readlines()
FileNotFoundError: [Errno 2] No such file or directory: '../CIFAR100_resnet50_128/log_CIFAR100_resnet50_350_100_0.125_RobustnessG_eps=0.3,_delta=0.52__FGSM.txt'
