Files already downloaded and verified
Files already downloaded and verified
CIFAR100_resnet50_350_100_0.05_RobustnessG_eps=0.3,_delta=0.52__64
main_gc.py --dataset=CIFAR100 --model=resnet50 --pruning=True --tensorboard=True --log-interval=100 --pruning_config=./configs/CIFAR100_350_100.json --constraint=RobustnessG(eps=0.3, delta=0.52) --print-after-epoch=0 --dl2-weight=0.05 --delay=0 --epochs=1000 --adv-after-epoch=0 --batch-size=64 --load_model=./CIFAR100_res/best_model.weights --name=CIFAR100_res_64
pruning_engine.load_mask(): did not find mask file, will load nothing
epoch, neuron_units, loss, dl2_loss, top1, top5, dl2_p_acc, dl2_constraint_acc
1, 7552, 0.0027, 0.5955, 100.000, 100.000, 0.000, 0.188, 0, 26.28705596923828 
1, 7552, 0.0199, 0.0305, 100.000, 100.000, 0.000, 0.594, 100, 494.48384857177734 
1, 7202, 0.0169, 0.0046, 100.000, 100.000, 0.000, 0.906, 200, 965.7278876304626 
1, 6852, 0.0140, 0.0000, 100.000, 100.000, 0.000, 1.000, 300, 1439.0060267448425 
1, 6502, 0.0058, 0.0001, 100.000, 100.000, 0.000, 0.969, 400, 1914.1862642765045 
1, 6152, 0.0181, 0.0000, 100.000, 100.000, 0.000, 1.000, 500, 2391.1960773468018 
1, 5802, 0.0120, 0.0019, 100.000, 100.000, 0.000, 0.969, 600, 2870.002509832382 
1, 5452, 0.0387, 0.0034, 100.000, 100.000, 0.000, 0.938, 700, 3350.597118139267 
2, 4752, 0.0865, 0.0000, 98.438, 100.000, 0.000, 1.000, 800, 3882.626133918762 
2, 4402, 0.2309, 0.0000, 92.188, 100.000, 0.000, 1.000, 900, 4366.92479801178 
2, 4052, 0.1750, 0.0000, 95.312, 100.000, 0.000, 1.000, 1000, 4853.042273283005 
2, 3702, 0.1989, 0.0000, 96.875, 100.000, 0.000, 1.000, 1100, 5341.167964458466 
2, 3352, 0.3785, 0.0000, 87.500, 100.000, 0.000, 1.000, 1200, 5831.25254201889 
2, 3002, 0.5418, 0.0000, 85.938, 98.438, 0.000, 1.000, 1300, 6323.112408161163 
2, 2652, 0.4168, 0.0002, 92.188, 98.438, 0.000, 0.969, 1400, 6817.128664731979 
2, 2302, 0.8505, 0.0009, 78.125, 95.312, 0.000, 0.969, 1500, 7312.826516628265 
3, 1952, 1.0112, 0.0000, 73.438, 89.062, 0.000, 1.000, 2400, 7940.677595376968 
3, 1602, 1.0581, 0.0025, 67.188, 95.312, 0.000, 0.938, 2500, 8440.98495388031 
3, 1252, 1.5898, 0.0000, 50.000, 92.188, 0.000, 0.969, 2600, 8943.214245796204 
3, 902, 1.7622, 0.0000, 48.438, 90.625, 0.000, 1.000, 2700, 9447.162464141846 
3, 552, 2.7117, 0.0169, 32.812, 53.125, 0.000, 0.812, 2800, 9953.079968214035 
3, 202, 3.3189, 0.0072, 20.312, 50.000, 0.000, 0.875, 2900, 10461.17456626892 
3, 0, 3.9831, 0.0002, 14.062, 34.375, 0.000, 0.969, 3000, 10970.600417613983 
Files already downloaded and verified
Files already downloaded and verified
CIFAR100_resnet50_350_100_0.125_RobustnessG_eps=0.3,_delta=0.52__64
main_gc.py --dataset=CIFAR100 --model=resnet50 --pruning=True --tensorboard=True --log-interval=100 --pruning_config=./configs/CIFAR100_350_100.json --constraint=RobustnessG(eps=0.3, delta=0.52) --print-after-epoch=0 --dl2-weight=0.125 --delay=0 --epochs=1000 --adv-after-epoch=0 --batch-size=64 --load_model=./CIFAR100_res/best_model.weights --name=CIFAR100_res_64
pruning_engine.load_mask(): did not find mask file, will load nothing
epoch, neuron_units, loss, dl2_loss, top1, top5, dl2_p_acc, dl2_constraint_acc
1, 7552, 0.0027, 0.7287, 100.000, 100.000, 0.000, 0.156, 0, 25.619556665420532 
1, 7552, 0.0112, 0.0000, 100.000, 100.000, 0.000, 1.000, 100, 494.1584827899933 
1, 7202, 0.0154, 0.0009, 100.000, 100.000, 0.000, 0.969, 200, 965.0949296951294 
1, 6852, 0.0244, 0.0000, 98.438, 100.000, 0.000, 1.000, 300, 1440.0236978530884 
1, 6502, 0.0067, 0.0000, 100.000, 100.000, 0.000, 1.000, 400, 1918.3823730945587 
1, 6152, 0.0199, 0.0039, 100.000, 100.000, 0.000, 0.969, 500, 2397.0462198257446 
1, 5802, 0.0276, 0.0000, 100.000, 100.000, 0.000, 1.000, 600, 2878.1939103603363 
1, 5452, 0.1246, 0.0041, 95.312, 100.000, 0.000, 0.969, 700, 3360.6786317825317 
2, 4752, 0.1395, 0.0000, 95.312, 100.000, 0.000, 1.000, 800, 3894.663845062256 
2, 4402, 0.3085, 0.0000, 90.625, 100.000, 0.000, 1.000, 900, 4378.307382106781 
2, 4052, 0.4264, 0.0000, 84.375, 98.438, 0.000, 1.000, 1000, 4864.14754152298 
2, 3702, 0.3432, 0.0000, 90.625, 100.000, 0.000, 1.000, 1100, 5351.606849193573 
2, 3352, 0.3845, 0.0000, 89.062, 100.000, 0.000, 1.000, 1200, 5841.259334564209 
2, 3002, 0.6137, 0.0000, 85.938, 100.000, 0.000, 1.000, 1300, 6332.515250444412 
2, 2652, 0.8267, 0.0003, 78.125, 95.312, 0.000, 0.969, 1400, 6825.847939491272 
2, 2302, 0.6052, 0.0000, 89.062, 98.438, 0.000, 0.969, 1500, 7320.865901708603 
3, 1952, 1.0455, 0.0000, 71.875, 92.188, 0.000, 1.000, 2400, 7949.718515634537 
3, 1602, 1.1094, 0.0000, 68.750, 93.750, 0.000, 1.000, 2500, 8451.614092111588 
3, 1252, 1.3801, 0.0702, 59.375, 92.188, 0.000, 0.594, 2600, 8955.637294054031 
3, 902, 1.9638, 0.0000, 46.875, 79.688, 0.000, 1.000, 2700, 9461.585177898407 
3, 552, 2.4814, 0.0000, 26.562, 65.625, 0.000, 1.000, 2800, 9969.236454486847 
3, 202, 3.5387, 0.0038, 18.750, 46.875, 0.000, 0.969, 2900, 10478.884827375412 
3, 0, 4.0063, 0.0000, 12.500, 31.250, 0.000, 1.000, 3000, 10989.747863531113 
Traceback (most recent call last):
  File "remove_header.py", line 3, in <module>
    lines = open(sys.argv[1], 'r').readlines()
FileNotFoundError: [Errno 2] No such file or directory: '../CIFAR100_resnet50_128/log_CIFAR100_resnet50_350_100_0.05_RobustnessG_eps=0.3,_delta=0.52__FGSM.txt'
/cm/local/apps/slurm/var/spool/job204801/slurm_script: line 29: files/CIFAR100_resnet50_350_100_0.05_RobustnessG_eps=0.3,_delta=0.52__FGSM.txt: No such file or directory
Traceback (most recent call last):
  File "remove_header.py", line 3, in <module>
    lines = open(sys.argv[1], 'r').readlines()
FileNotFoundError: [Errno 2] No such file or directory: '../CIFAR100_resnet50_128/log_CIFAR100_resnet50_350_100_0.125_RobustnessG_eps=0.3,_delta=0.52__FGSM.txt'
