Files already downloaded and verified
Files already downloaded and verified
CIFAR100_resnet50_350_100_0.2_RobustnessG_eps=0.3,_delta=0.52__64
main_gc.py --dataset=CIFAR100 --model=resnet50 --pruning=True --tensorboard=True --log-interval=100 --pruning_config=./configs/CIFAR100_350_100.json --constraint=RobustnessG(eps=0.3, delta=0.52) --print-after-epoch=0 --dl2-weight=0.2 --delay=0 --epochs=1000 --adv-after-epoch=0 --batch-size=64 --load_model=./CIFAR100_res/best_model.weights --name=CIFAR100_res_64
pruning_engine.load_mask(): did not find mask file, will load nothing
epoch, neuron_units, loss, dl2_loss, top1, top5, dl2_p_acc, dl2_constraint_acc
1, 7552, 0.0027, 0.5016, 100.000, 100.000, 0.000, 0.125, 0, 24.58705997467041 
1, 7552, 0.0078, 0.0000, 100.000, 100.000, 0.000, 1.000, 100, 493.30650091171265 
1, 7202, 0.0131, 0.0014, 100.000, 100.000, 0.000, 0.938, 200, 965.142386674881 
1, 6852, 0.0227, 0.0000, 98.438, 100.000, 0.000, 1.000, 300, 1438.9067010879517 
1, 6502, 0.0086, 0.0000, 100.000, 100.000, 0.000, 1.000, 400, 1914.6414096355438 
1, 6152, 0.0243, 0.0000, 100.000, 100.000, 0.000, 1.000, 500, 2392.301267385483 
1, 5802, 0.0380, 0.0000, 98.438, 100.000, 0.000, 1.000, 600, 2871.674569606781 
1, 5452, 0.0831, 0.0000, 98.438, 100.000, 0.000, 1.000, 700, 3352.9835181236267 
2, 4752, 0.1207, 0.0000, 95.312, 100.000, 0.000, 1.000, 800, 3885.6023848056793 
2, 4402, 0.3173, 0.0010, 95.312, 96.875, 0.000, 0.969, 900, 4371.614133834839 
2, 4052, 0.3837, 0.0000, 85.938, 100.000, 0.000, 1.000, 1000, 4859.3367347717285 
2, 3702, 0.4377, 0.0000, 84.375, 98.438, 0.000, 1.000, 1100, 5349.004248142242 
2, 3352, 0.5326, 0.0000, 85.938, 96.875, 0.000, 1.000, 1200, 5840.505753993988 
2, 3002, 0.6899, 0.0000, 79.688, 98.438, 0.000, 1.000, 1300, 6333.921803474426 
2, 2652, 0.7637, 0.0018, 78.125, 93.750, 0.000, 0.969, 1400, 6829.07861495018 
2, 2302, 0.6923, 0.0000, 82.812, 96.875, 0.000, 1.000, 1500, 7326.180549383163 
3, 1952, 1.2905, 0.0000, 59.375, 92.188, 0.000, 1.000, 2400, 7955.114471197128 
3, 1602, 1.1304, 0.0000, 67.188, 92.188, 0.000, 1.000, 2500, 8456.310226678848 
3, 1252, 1.4715, 0.0000, 54.688, 89.062, 0.000, 1.000, 2600, 8959.183299541473 
3, 902, 2.0785, 0.0000, 40.625, 76.562, 0.000, 1.000, 2700, 9464.239706516266 
3, 552, 2.6527, 0.0000, 25.000, 65.625, 0.000, 1.000, 2800, 9971.21302652359 
3, 202, 3.5681, 0.0043, 21.875, 51.562, 0.000, 0.938, 2900, 10479.99089717865 
3, 0, 3.9702, 0.0000, 10.938, 35.938, 0.000, 1.000, 3000, 10990.07604932785 
Files already downloaded and verified
Files already downloaded and verified
CIFAR100_resnet50_350_100_0.125_RobustnessG_eps=0.3,_delta=0.52__64
main_gc.py --dataset=CIFAR100 --model=resnet50 --pruning=True --tensorboard=True --log-interval=100 --pruning_config=./configs/CIFAR100_350_100.json --constraint=RobustnessG(eps=0.3, delta=0.52) --print-after-epoch=0 --dl2-weight=0.125 --delay=0 --epochs=1000 --adv-after-epoch=0 --batch-size=64 --load_model=./CIFAR100_res/best_model.weights --name=CIFAR100_res_64
pruning_engine.load_mask(): did not find mask file, will load nothing
epoch, neuron_units, loss, dl2_loss, top1, top5, dl2_p_acc, dl2_constraint_acc
1, 7552, 0.0027, 0.6462, 100.000, 100.000, 0.000, 0.188, 0, 24.865931272506714 
1, 7552, 0.0095, 0.0000, 100.000, 100.000, 0.000, 1.000, 100, 493.382755279541 
1, 7202, 0.0130, 0.0000, 100.000, 100.000, 0.000, 1.000, 200, 964.8931422233582 
1, 6852, 0.0255, 0.0000, 98.438, 100.000, 0.000, 1.000, 300, 1438.4512028694153 
1, 6502, 0.0079, 0.0000, 100.000, 100.000, 0.000, 1.000, 400, 1913.8859658241272 
1, 6152, 0.0226, 0.0003, 100.000, 100.000, 0.000, 0.969, 500, 2391.3082897663116 
1, 5802, 0.0231, 0.0000, 100.000, 100.000, 0.000, 1.000, 600, 2870.3299083709717 
1, 5452, 0.1077, 0.0181, 96.875, 100.000, 0.000, 0.812, 700, 3351.3338208198547 
2, 4752, 0.1211, 0.0232, 96.875, 100.000, 0.000, 0.875, 800, 3883.5480580329895 
2, 4402, 0.2403, 0.0028, 95.312, 100.000, 0.000, 0.938, 900, 4368.419218540192 
2, 4052, 0.3487, 0.0000, 93.750, 98.438, 0.000, 1.000, 1000, 4855.156786680222 
2, 3702, 0.3443, 0.0000, 90.625, 98.438, 0.000, 1.000, 1100, 5343.8457090854645 
2, 3352, 0.3601, 0.0034, 93.750, 100.000, 0.000, 0.969, 1200, 5834.192139863968 
2, 3002, 0.5482, 0.0000, 87.500, 100.000, 0.000, 1.000, 1300, 6326.290272474289 
2, 2652, 0.8030, 0.0000, 79.688, 93.750, 0.000, 1.000, 1400, 6820.4601283073425 
2, 2302, 0.6311, 0.0000, 85.938, 98.438, 0.000, 1.000, 1500, 7316.2411851882935 
3, 1952, 1.0164, 0.0000, 70.312, 92.188, 0.000, 1.000, 2400, 7944.624990224838 
3, 1602, 0.9818, 0.0000, 75.000, 98.438, 0.000, 1.000, 2500, 8445.884761095047 
3, 1252, 1.3656, 0.0000, 56.250, 92.188, 0.000, 1.000, 2600, 8948.689316987991 
3, 902, 1.8892, 0.0000, 51.562, 82.812, 0.000, 1.000, 2700, 9453.653356313705 
3, 552, 2.6205, 0.0000, 29.688, 65.625, 0.000, 1.000, 2800, 9960.407212734222 
3, 202, 3.5470, 0.0017, 15.625, 48.438, 0.000, 0.938, 2900, 10469.109827041626 
3, 0, 3.9912, 0.0013, 14.062, 32.812, 0.000, 0.969, 3000, 10979.230810642242 
Traceback (most recent call last):
  File "remove_header.py", line 3, in <module>
    lines = open(sys.argv[1], 'r').readlines()
FileNotFoundError: [Errno 2] No such file or directory: '../CIFAR100_resnet50_128/log_CIFAR100_resnet50_350_100_0.2_RobustnessG_eps=0.3,_delta=0.52__FGSM.txt'
/cm/local/apps/slurm/var/spool/job204800/slurm_script: line 29: files/CIFAR100_resnet50_350_100_0.2_RobustnessG_eps=0.3,_delta=0.52__FGSM.txt: No such file or directory
Traceback (most recent call last):
  File "remove_header.py", line 3, in <module>
    lines = open(sys.argv[1], 'r').readlines()
FileNotFoundError: [Errno 2] No such file or directory: '../CIFAR100_resnet50_128/log_CIFAR100_resnet50_350_100_0.125_RobustnessG_eps=0.3,_delta=0.52__FGSM.txt'
