Files already downloaded and verified
Files already downloaded and verified
Ignoring network_output argument, using prob and logprob to obtain KL divergence
CIFAR100_resnet50_350_100_0.0_RobustnessDandR_eps1=7.8,_eps2=2.9__64
main_gc.py --dataset=CIFAR100 --model=resnet50 --pruning=True --tensorboard=True --log-interval=100 --pruning_config=./configs/CIFAR100_350_100.json --constraint=RobustnessDandR(eps1=7.8, eps2=2.9) --print-after-epoch=0 --dl2-weight=0.0 --delay=0 --epochs=1000 --adv-after-epoch=0 --batch-size=64 --load_model=./CIFAR100/cifar100_resnet50_best.weights --name=CIFAR100_resnet50_64
pruning_engine.load_mask(): did not find mask file, will load nothing
=> loading checkpoint './CIFAR100/cifar100_resnet50_best.weights'
conv1.weight torch.Size([64, 3, 3, 3])
bn1.weight torch.Size([64])
bn1.bias torch.Size([64])
bn1.running_mean torch.Size([64])
bn1.running_var torch.Size([64])
bn1.num_batches_tracked torch.Size([])
layer1.0.conv1.weight torch.Size([64, 64, 1, 1])
layer1.0.bn1.weight torch.Size([64])
layer1.0.bn1.bias torch.Size([64])
layer1.0.bn1.running_mean torch.Size([64])
layer1.0.bn1.running_var torch.Size([64])
*********
conv1.weight torch.Size([64, 3, 3, 3])
bn1.weight torch.Size([64])
bn1.bias torch.Size([64])
bn1.running_mean torch.Size([64])
bn1.running_var torch.Size([64])
bn1.num_batches_tracked torch.Size([])
layer1.0.conv1.weight torch.Size([64, 64, 1, 1])
layer1.0.bn1.weight torch.Size([64])
layer1.0.bn1.bias torch.Size([64])
layer1.0.bn1.running_mean torch.Size([64])
layer1.0.bn1.running_var torch.Size([64])
=> loaded checkpoint './CIFAR100/cifar100_resnet50_best.weights' (epoch -1)
epoch, neuron_units, loss, dl2_loss, top1, top5, dl2_p_acc, dl2_constraint_acc
1, 7552, 0.5551, 0.0000, 82.812, 100.000, 0.000, 1.000, 100, 200.20441317558289 
1, 7202, 0.1471, 0.0000, 95.312, 100.000, 0.000, 1.000, 200, 386.097341299057 
1, 6852, 0.5603, 11.8361, 87.500, 98.438, 0.000, 0.938, 300, 573.8099131584167 
1, 6502, 0.3100, 0.0000, 92.188, 98.438, 0.000, 1.000, 400, 763.4381239414215 
1, 6152, 0.3832, 0.0000, 87.500, 98.438, 0.000, 1.000, 500, 954.9037714004517 
1, 5802, 0.4648, 0.0000, 84.375, 100.000, 0.000, 1.000, 600, 1148.1995618343353 
1, 5452, 0.4985, 15.1176, 84.375, 100.000, 0.000, 0.938, 700, 1343.5600581169128 
2, 5102, 0.5684, 0.0000, 82.812, 100.000, 0.000, 1.000, 800, 1580.4669897556305 
2, 4752, 1.3069, 13.5621, 73.438, 93.750, 0.000, 0.938, 900, 1779.5921566486359 
2, 4402, 0.7504, 0.0000, 82.812, 96.875, 0.000, 1.000, 1000, 1980.5071907043457 
2, 4052, 0.5804, 0.0000, 79.688, 96.875, 0.000, 1.000, 1100, 2183.6953225135803 
2, 3702, 0.7253, 0.0000, 79.688, 93.750, 0.000, 1.000, 1200, 2388.6259994506836 
2, 3352, 1.0361, 0.0000, 68.750, 93.750, 0.000, 1.000, 1300, 2595.532126426697 
2, 3002, 0.8094, 0.0000, 73.438, 95.312, 0.000, 1.000, 1400, 2804.0855326652527 
2, 2652, 1.3449, 4.2031, 62.500, 90.625, 0.000, 0.938, 1500, 3014.350800514221 
3, 1952, 1.8989, 0.0000, 45.312, 85.938, 0.000, 1.000, 2400, 3297.8569667339325 
3, 1602, 2.3920, 14.5338, 32.812, 79.688, 0.000, 0.812, 2500, 3512.1528198719025 
3, 1252, 2.6347, 4.7568, 29.688, 71.875, 0.000, 0.938, 2600, 3728.312455892563 
3, 902, 3.7594, 50.7298, 18.750, 43.750, 0.000, 0.375, 2700, 3946.4730291366577 
3, 552, 3.8436, 91.5089, 14.062, 53.125, 0.000, 0.312, 2800, 4166.364984989166 
3, 202, 5.3627, 160.0966, 0.000, 15.625, 0.000, 0.125, 2900, 4388.405636310577 
3, 0, 4.1398, 201.1721, 7.812, 23.438, 0.000, 0.000, 3000, 4612.130750417709 
Files already downloaded and verified
Files already downloaded and verified
Ignoring network_output argument, using prob and logprob to obtain KL divergence
CIFAR100_resnet50_350_100_0.05_RobustnessDandR_eps1=7.8,_eps2=2.9__64
main_gc.py --dataset=CIFAR100 --model=resnet50 --pruning=True --tensorboard=True --log-interval=100 --pruning_config=./configs/CIFAR100_350_100.json --constraint=RobustnessDandR(eps1=7.8, eps2=2.9) --print-after-epoch=0 --dl2-weight=0.05 --delay=0 --epochs=1000 --adv-after-epoch=0 --batch-size=64 --load_model=./CIFAR100/cifar100_resnet50_best.weights --name=CIFAR100_resnet50_64
pruning_engine.load_mask(): did not find mask file, will load nothing
=> loading checkpoint './CIFAR100/cifar100_resnet50_best.weights'
conv1.weight torch.Size([64, 3, 3, 3])
bn1.weight torch.Size([64])
bn1.bias torch.Size([64])
bn1.running_mean torch.Size([64])
bn1.running_var torch.Size([64])
bn1.num_batches_tracked torch.Size([])
layer1.0.conv1.weight torch.Size([64, 64, 1, 1])
layer1.0.bn1.weight torch.Size([64])
layer1.0.bn1.bias torch.Size([64])
layer1.0.bn1.running_mean torch.Size([64])
layer1.0.bn1.running_var torch.Size([64])
*********
conv1.weight torch.Size([64, 3, 3, 3])
bn1.weight torch.Size([64])
bn1.bias torch.Size([64])
bn1.running_mean torch.Size([64])
bn1.running_var torch.Size([64])
bn1.num_batches_tracked torch.Size([])
layer1.0.conv1.weight torch.Size([64, 64, 1, 1])
layer1.0.bn1.weight torch.Size([64])
layer1.0.bn1.bias torch.Size([64])
layer1.0.bn1.running_mean torch.Size([64])
layer1.0.bn1.running_var torch.Size([64])
=> loaded checkpoint './CIFAR100/cifar100_resnet50_best.weights' (epoch -1)
epoch, neuron_units, loss, dl2_loss, top1, top5, dl2_p_acc, dl2_constraint_acc
1, 7552, 4.3496, 177.9769, 39.062, 73.438, 0.000, 0.000, 100, 200.11400508880615 
1, 7202, 4.6047, 219.3464, 3.125, 7.812, 0.000, 0.125, 200, 385.8386971950531 
1, 6852, 6.3044, 111.1260, 3.125, 6.250, 0.000, 0.438, 300, 573.4917962551117 
1, 6502, 6.7910, 105.2854, 0.000, 1.562, 0.000, 0.250, 400, 763.1235220432281 
1, 6152, 6.5263, 107.6672, 0.000, 6.250, 0.000, 0.312, 500, 954.6368851661682 
1, 5802, 5.1528, 77.0856, 0.000, 4.688, 0.000, 0.562, 600, 1148.0154786109924 
1, 5452, 6.1119, 39.2161, 0.000, 7.812, 0.000, 0.750, 700, 1343.2223420143127 
2, 5102, 5.5532, 50.3881, 0.000, 7.812, 0.000, 0.438, 800, 1580.0992913246155 
2, 4752, 4.9944, 63.4151, 1.562, 4.688, 0.000, 0.438, 900, 1779.387851715088 
2, 4402, 6.6538, 61.8929, 4.688, 15.625, 0.000, 0.500, 1000, 1980.5426139831543 
2, 4052, 20.2910, 134.7562, 1.562, 10.938, 0.000, 0.375, 1100, 2183.4768421649933 
2, 3702, 6.7900, 76.3811, 3.125, 12.500, 0.000, 0.562, 1200, 2388.380466938019 
2, 3352, 13.2250, 61.6226, 3.125, 10.938, 0.000, 0.812, 1300, 2595.1783244609833 
2, 3002, 7.4833, 23.2555, 0.000, 7.812, 0.000, 0.688, 1400, 2804.2299184799194 
2, 2652, 5.0234, 80.2214, 3.125, 15.625, 0.000, 0.438, 1500, 3014.6678853034973 
3, 1952, 6.5774, 58.9159, 3.125, 7.812, 0.000, 0.625, 2400, 3298.0256679058075 
3, 1602, 7.3033, 80.2664, 0.000, 6.250, 0.000, 0.438, 2500, 3512.372062444687 
3, 1252, 5.7407, 60.6775, 3.125, 12.500, 0.000, 0.375, 2600, 3728.4730520248413 
3, 902, 7.0471, 31.2907, 4.688, 9.375, 0.000, 0.812, 2700, 3946.3725769519806 
3, 552, 9.5961, 202.3085, 3.125, 10.938, 0.000, 0.000, 2800, 4166.303237438202 
3, 202, 7.2504, 199.2100, 0.000, 4.688, 0.000, 0.000, 2900, 4388.192346811295 
3, 0, 7.6954, 228.6231, 3.125, 7.812, 0.000, 0.000, 3000, 4611.759542942047 
Traceback (most recent call last):
  File "remove_header.py", line 3, in <module>
    lines = open(sys.argv[1], 'r').readlines()
FileNotFoundError: [Errno 2] No such file or directory: '../CIFAR100_resnet50_128/log_CIFAR100_resnet50_350_100_0.0_RobustnessDandR_eps1=7.8,_eps2=2.9__FGSM.txt'
/cm/local/apps/slurm/var/spool/job204758/slurm_script: line 29: files/CIFAR100_resnet50_350_100_0.0_RobustnessDandR_eps1=7.8,_eps2=2.9__FGSM.txt: No such file or directory
Traceback (most recent call last):
  File "remove_header.py", line 3, in <module>
    lines = open(sys.argv[1], 'r').readlines()
FileNotFoundError: [Errno 2] No such file or directory: '../CIFAR100_resnet50_128/log_CIFAR100_resnet50_350_100_0.05_RobustnessDandR_eps1=7.8,_eps2=2.9__FGSM.txt'
