Files already downloaded and verified
Files already downloaded and verified
CIFAR100_resnet50_350_100_0.0_RobustnessG_eps=0.3,_delta=0.52__64
main_gc.py --dataset=CIFAR100 --model=resnet50 --pruning=True --tensorboard=True --log-interval=100 --pruning_config=./configs/CIFAR100_350_100.json --constraint=RobustnessG(eps=0.3, delta=0.52) --print-after-epoch=0 --dl2-weight=0.0 --delay=0 --epochs=1000 --adv-after-epoch=0 --batch-size=64 --load_model=./CIFAR100_res/best_model.weights --name=CIFAR100_res_64
pruning_engine.load_mask(): did not find mask file, will load nothing
epoch, neuron_units, loss, dl2_loss, top1, top5, dl2_p_acc, dl2_constraint_acc
1, 7552, 0.0027, 0.8011, 100.000, 100.000, 0.000, 0.094, 0, 25.685062408447266 
1, 7552, 0.0014, 0.7763, 100.000, 100.000, 0.000, 0.219, 100, 494.11153841018677 
1, 7202, 0.0035, 0.9605, 100.000, 100.000, 0.000, 0.031, 200, 964.7452163696289 
1, 6852, 0.0018, 0.6778, 100.000, 100.000, 0.000, 0.062, 300, 1437.193959236145 
1, 6502, 0.0029, 0.7143, 100.000, 100.000, 0.000, 0.062, 400, 1911.249759197235 
1, 6152, 0.0230, 0.6158, 98.438, 100.000, 0.000, 0.094, 500, 2387.1263847351074 
1, 5802, 0.0063, 0.9546, 100.000, 100.000, 0.000, 0.062, 600, 2864.9514694213867 
1, 5452, 0.0077, 0.5948, 100.000, 100.000, 0.000, 0.219, 700, 3344.407692670822 
2, 4752, 0.0737, 0.8540, 96.875, 100.000, 0.000, 0.125, 800, 3877.839846611023 
2, 4402, 0.1108, 0.7043, 98.438, 100.000, 0.000, 0.062, 900, 4361.830770254135 
2, 4052, 0.1247, 0.8799, 96.875, 100.000, 0.000, 0.125, 1000, 4847.150524139404 
2, 3702, 0.1786, 0.6224, 95.312, 100.000, 0.000, 0.094, 1100, 5334.623572349548 
2, 3352, 0.2713, 0.7645, 92.188, 100.000, 0.000, 0.031, 1200, 5824.465371608734 
2, 3002, 0.3942, 0.7197, 85.938, 100.000, 0.000, 0.031, 1300, 6315.774243593216 
2, 2652, 0.5091, 0.5369, 85.938, 96.875, 0.000, 0.188, 1400, 6808.671563386917 
2, 2302, 0.5383, 0.8073, 82.812, 96.875, 0.000, 0.094, 1500, 7303.15539765358 
3, 1952, 0.9088, 0.6311, 76.562, 95.312, 0.000, 0.062, 2400, 7930.12172293663 
3, 1602, 0.8241, 0.6318, 71.875, 95.312, 0.000, 0.062, 2500, 8429.086424827576 
3, 1252, 1.2916, 0.6407, 59.375, 90.625, 0.000, 0.062, 2600, 8929.581604242325 
3, 902, 1.9823, 0.4511, 50.000, 76.562, 0.000, 0.094, 2700, 9431.650935411453 
3, 552, 2.3052, 0.2480, 35.938, 78.125, 0.000, 0.156, 2800, 9936.049732208252 
3, 202, 3.1449, 0.2172, 18.750, 59.375, 0.000, 0.125, 2900, 10442.305560588837 
3, 0, 3.9794, 0.0022, 14.062, 37.500, 0.000, 0.938, 3000, 10950.04621720314 
Files already downloaded and verified
Files already downloaded and verified
CIFAR100_resnet50_350_100_0.05_RobustnessG_eps=0.3,_delta=0.52__64
main_gc.py --dataset=CIFAR100 --model=resnet50 --pruning=True --tensorboard=True --log-interval=100 --pruning_config=./configs/CIFAR100_350_100.json --constraint=RobustnessG(eps=0.3, delta=0.52) --print-after-epoch=0 --dl2-weight=0.05 --delay=0 --epochs=1000 --adv-after-epoch=0 --batch-size=64 --load_model=./CIFAR100_res/best_model.weights --name=CIFAR100_res_64
pruning_engine.load_mask(): did not find mask file, will load nothing
epoch, neuron_units, loss, dl2_loss, top1, top5, dl2_p_acc, dl2_constraint_acc
1, 7552, 0.0027, 0.5097, 100.000, 100.000, 0.000, 0.094, 0, 24.867801666259766 
1, 7552, 0.0264, 0.0466, 100.000, 100.000, 0.000, 0.656, 100, 492.8962767124176 
1, 7202, 0.0224, 0.0049, 100.000, 100.000, 0.000, 0.906, 200, 963.0919511318207 
1, 6852, 0.0191, 0.0026, 100.000, 100.000, 0.000, 0.938, 300, 1435.626795053482 
1, 6502, 0.0053, 0.0003, 100.000, 100.000, 0.000, 0.969, 400, 1909.5428516864777 
1, 6152, 0.0154, 0.0000, 100.000, 100.000, 0.000, 1.000, 500, 2385.927149772644 
1, 5802, 0.0121, 0.0019, 100.000, 100.000, 0.000, 0.969, 600, 2863.720796108246 
1, 5452, 0.0504, 0.0081, 96.875, 100.000, 0.000, 0.844, 700, 3343.8954486846924 
2, 4752, 0.0543, 0.0058, 98.438, 100.000, 0.000, 0.906, 800, 3875.3515462875366 
2, 4402, 0.2258, 0.0056, 90.625, 100.000, 0.000, 0.875, 900, 4359.3542740345 
2, 4052, 0.1918, 0.0010, 95.312, 100.000, 0.000, 0.969, 1000, 4845.055073261261 
2, 3702, 0.2852, 0.0081, 87.500, 100.000, 0.000, 0.844, 1100, 5332.7267208099365 
2, 3352, 0.3017, 0.0537, 90.625, 100.000, 0.000, 0.688, 1200, 5822.155576944351 
2, 3002, 0.4154, 0.0000, 87.500, 98.438, 0.000, 1.000, 1300, 6313.588973045349 
2, 2652, 0.5642, 0.0250, 81.250, 98.438, 0.000, 0.750, 1400, 6806.7835166454315 
2, 2302, 0.6694, 0.0000, 82.812, 98.438, 0.000, 1.000, 1500, 7301.852834939957 
3, 1952, 1.1943, 0.0000, 71.875, 89.062, 0.000, 1.000, 2400, 7928.375227212906 
3, 1602, 1.2056, 0.0035, 65.625, 93.750, 0.000, 0.938, 2500, 8427.110714912415 
3, 1252, 1.3942, 0.0011, 59.375, 90.625, 0.000, 0.969, 2600, 8927.651077508926 
3, 902, 1.9368, 0.0024, 43.750, 82.812, 0.000, 0.938, 2700, 9430.202847957611 
3, 552, 2.7159, 0.0141, 31.250, 57.812, 0.000, 0.875, 2800, 9934.380647182465 
3, 202, 3.3017, 0.0183, 14.062, 53.125, 0.000, 0.750, 2900, 10440.761571407318 
3, 0, 3.9498, 0.0000, 10.938, 34.375, 0.000, 1.000, 3000, 10948.37763094902 
Traceback (most recent call last):
  File "remove_header.py", line 3, in <module>
    lines = open(sys.argv[1], 'r').readlines()
FileNotFoundError: [Errno 2] No such file or directory: '../CIFAR100_resnet50_128/log_CIFAR100_resnet50_350_100_0.0_RobustnessG_eps=0.3,_delta=0.52__FGSM.txt'
/cm/local/apps/slurm/var/spool/job204798/slurm_script: line 29: files/CIFAR100_resnet50_350_100_0.0_RobustnessG_eps=0.3,_delta=0.52__FGSM.txt: No such file or directory
Traceback (most recent call last):
  File "remove_header.py", line 3, in <module>
    lines = open(sys.argv[1], 'r').readlines()
FileNotFoundError: [Errno 2] No such file or directory: '../CIFAR100_resnet50_128/log_CIFAR100_resnet50_350_100_0.05_RobustnessG_eps=0.3,_delta=0.52__FGSM.txt'
