Files already downloaded and verified
Files already downloaded and verified
Ignoring network_output argument, using prob and logprob to obtain KL divergence
Traceback (most recent call last):
  File "main_allepsilons.py", line 1154, in <module>
    main()
  File "main_allepsilons.py", line 1035, in main
    pruning_settings_reader.read_config(args.pruning_config)
  File "/home/kduncan/Pruning/pruning_engine.py", line 52, in read_config
    with open(filename, "r") as f:
FileNotFoundError: [Errno 2] No such file or directory: './configs/CIFAR100_10_30.json'
Files already downloaded and verified
Files already downloaded and verified
Ignoring network_output argument, using prob and logprob to obtain KL divergence
Traceback (most recent call last):
  File "main_allepsilons.py", line 1154, in <module>
    main()
  File "main_allepsilons.py", line 1035, in main
    pruning_settings_reader.read_config(args.pruning_config)
  File "/home/kduncan/Pruning/pruning_engine.py", line 52, in read_config
    with open(filename, "r") as f:
FileNotFoundError: [Errno 2] No such file or directory: './configs/CIFAR100_10_30.json'
Traceback (most recent call last):
  File "remove_header.py", line 3, in <module>
    lines = open(sys.argv[1], 'r').readlines()
FileNotFoundError: [Errno 2] No such file or directory: '../CIFAR100_resnet50_128/log_CIFAR100_densenet121_10_30_0.01_RobustnessDandR_eps1=7.8,_eps2=2.9__FGSM.txt'
/cm/local/apps/slurm/var/spool/job204694/slurm_script: line 25: files/CIFAR100_densenet121_10_30_0.01_RobustnessDandR_eps1=7.8,_eps2=2.9__FGSM.txt: No such file or directory
Traceback (most recent call last):
  File "remove_header.py", line 3, in <module>
    lines = open(sys.argv[1], 'r').readlines()
FileNotFoundError: [Errno 2] No such file or directory: '../CIFAR100_resnet50_128/log_CIFAR100_densenet121_10_30_0.2_RobustnessDandR_eps1=7.8,_eps2=2.9__FGSM.txt'
